
Run     SWR     Gain    F/B     F/R     R-a     X-a     Eff.    %Res.   %Stp  L10     

1-0     7.5197  0       0       0       41.196  107.55  75.27   0    	0    	2.7373  
1       7.9059  0       0       0       42.367  112.79  76.49   -0.2 	0.1  	2.7401  
1-1                                                                           -1      

1-2     33.057  0       0       0       94.931  -381.5  53.3    -13.3	4.984	2.6009  
2       7.9059  0       0       0       42.367  112.79  76.49   -0.2 	0.1  	2.7401  
2-1                                                                           -1      

2-2     3.5134  0       0       0       30.689  48.848  57.91   2.081	0.997	2.71    
2-3     2.6298  0       0       0       24.119  -23.41  30.41   0.45 	0.997	2.683   
2-4     12.483  0       0       0       25.463  -113.3  12.19   -4.99	0.997	2.6563  
3       2.2896  0       0       0       24.504  -15.49  33.35   0.172	0.1  	2.6857  
3-1                                                                           1       

3-2     2.4457  0       0       0       24.302  -19.44  31.87   0.093	0.05 	2.6844  
3-3     2.2904  0       0       0       24.503  -15.51  33.34   0.079	0.05 	2.6857  
3-4     2.1641  0       0       0       24.722  -11.62  34.81   0.064	0.05 	2.687   
3-5     2.0673  0       0       0       24.958  -7.776  36.29   0.049	0.05 	2.6884  
3-6     2       0       0       0       25.21   -3.97   37.77   0.034	0.05 	2.6897  
3-7     1.9624  0       0       0       25.479  -0.205  39.24   0.019	0.05 	2.6911  
3-8     1.9538  0       0       0       25.763  3.5186  40.7    4.e-3	0.05 	2.6924  
3-9     1.9726  0       0       0       26.062  7.2033  42.14   -9e-3	0.05 	2.6937  
4       2.0166  0       0       0       26.375  10.85   43.58   -0.02	0.05 	2.6951  
4-1                                                                           -1      

4-2     1.9655  0       0       0       25.986  6.2874  41.78   4.e-3	0.012	2.6934  
4-3     1.9599  0       0       0       25.911  5.3661  41.42   3.e-3	0.012	2.6931  
4-4     1.956   0       0       0       25.836  4.4423  41.06   2.e-3	0.012	2.6927  
4-5     1.9538  0       0       0       25.763  3.5186  40.7    1.e-3	0.012	2.6924  
4-6     1.9533  0       0       0       25.69   2.5896  40.33   2.e-4	0.012	2.6921  
4-7     1.9546  0       0       0       25.619  1.6608  39.97   -6e-4	0.012	2.6917  
5       1.9533  0       0       0       25.705  2.7751  40.4    2.e-5	2.e-3	2.6921  
5-1                                                                           1       

5-2     1.9533  0       0       0       25.694  2.6367  40.35   1.e-5	6.e-4	2.6921  
