
Run     SWR     Gain    F/B     F/R     R-a     X-a     Eff.    %Res.   %Stp  L4      

1-0     15.974  0       0       0       7.1541  56.438  82.08   0    	0    	1.6     
1       16.472  0       0       0       7.154   57.989  82.06   -0.27	0.1  	1.6016  
1-1                                                                           -1      

1-2     6.9907  0       0       0       7.1545  -0.85   82.64   4.881	3.695	1.5409  
1-3     15.862  0       0       0       7.1487  -56.05  83.15   -4.6 	3.695	1.4839  
2       15.414  0       0       0       7.1489  -54.61  83.13   0.243	0.1  	1.4854  
2-1                                                                           1       

2-2     12.166  0       0       0       7.1507  -42.75  83.03   2.007	0.924	1.4977  
2-3     9.4351  0       0       0       7.1523  -29.34  82.9    1.454	0.924	1.5115  
2-4     7.7012  0       0       0       7.1535  -15.81  82.78   0.91 	0.924	1.5255  
2-5     7.0018  0       0       0       7.1544  -2.148  82.65   0.364	0.924	1.5395  
2-6     7.374   0       0       0       7.155   11.635  82.52   -0.19	0.924	1.5538  
3       7.4802  0       0       0       7.155   13.141  82.5    -0.06	0.1  	1.5553  
3-1                                                                           -1      

3-2     7.178   0       0       0       7.1549  8.1576  82.55   0.102	0.231	1.5502  
3-3     7.0511  0       0       0       7.1548  4.6874  82.58   0.066	0.231	1.5466  
3-4     6.9928  0       0       0       7.1546  1.2256  82.62   0.03 	0.231	1.543   
3-5     7.0028  0       0       0       7.1544  -2.228  82.65   -5e-3	0.231	1.5395  
4       6.9901  0       0       0       7.1545  -0.735  82.64   7.e-3	0.1  	1.541   
4-1                                                                           1       

4-2     6.994   0       0       0       7.1545  -1.366  82.64   5.e-3	0.058	1.5403  
4-3     6.9893  0       0       0       7.1545  -0.504  82.63   2.e-3	0.058	1.5412  
4-4     6.9889  0       0       0       7.1546  0.3582  82.63   2.e-4	0.058	1.5421  
4-5     6.9928  0       0       0       7.1546  1.2207  82.62   -2e-3	0.058	1.543   
5       6.9893  0       0       0       7.1546  0.5307  82.62   -2e-4	0.012	1.5423  
5-1                                                                           -1      

5-2     6.9888  0       0       0       7.1546  0.3146  82.63   4.e-5	3.e-3	1.5421  
