1



                                 *********************************************

                                    NUMERICAL ELECTROMAGNETICS CODE (NEC-2D)

                                 *********************************************




                                     - - - - COMMENTS - - - -


                          No comments specified                                                      
                                                                                                     




                                 - - - STRUCTURE SPECIFICATION - - -

                                     COORDINATES MUST BE INPUT IN
                                     METERS OR BE SCALED TO METERS
                                     BEFORE STRUCTURE INPUT IS ENDED


  WIRE                                                                               NO. OF    FIRST  LAST     TAG
  NO.        X1         Y1         Z1          X2         Y2         Z2      RADIUS   SEG.     SEG.   SEG.     NO.
     1   -0.13600    0.00000    0.12500    -0.03100    0.00000    0.12500    0.00250      2        1     2       1
     2   -0.03100    0.00000    0.12500     0.02100    0.00000    0.12500    0.00250      1        3     3     999
     3    0.02100    0.00000    0.12500     0.13600    0.00000    0.12500    0.00250      2        4     5       1
     4   -0.13300   -0.33000    0.13100    -0.13300   -0.33000    0.96400    0.00250     17        6    22       3
     5    0.13300   -0.33000    0.13100     0.13300   -0.33000    0.96400    0.00250     17       23    39       3
     6   -0.13300   -0.33000    0.13100     0.13300   -0.33000    0.13100    0.00250      6       40    45       3
     7   -0.13300   -0.33000    0.96400     0.00000   -0.33000    0.96400    0.00250      3       46    48       3
     8    0.00000   -0.33000    0.96400     0.13300   -0.33000    0.96400    0.00250      3       49    51       3
     9   -0.13600    0.00000    0.00000    -0.13600    0.00000    0.12500    0.00250      3       52    54       2
    10    0.13600    0.00000    0.00000     0.13600    0.00000    0.12500    0.00250      3       55    57       2
    11   -0.13600    0.00000    0.00000     0.13600    0.00000    0.00000    0.00250      6       58    63       2
    12   -0.13600    0.00000    0.97000     0.00000    0.00000    0.97000    0.00250      3       64    66       2
    13   -0.13600    0.00000    0.12500    -0.13600    0.00000    0.97000    0.00250     17       67    83       2
    14    0.13600    0.00000    0.12500     0.13600    0.00000    0.97000    0.00250     17       84   100       2
    15    0.00000    0.00000    0.97000     0.13600    0.00000    0.97000    0.00250      3      101   103       2
    16    0.00000    0.00000    0.97000     0.00000   -0.33000    0.96400    0.00050      7      104   110       4
      THE STRUCTURE HAS BEEN MOVED, MOVE DATA CARD IS -
        0    0   0.00000   0.00000   0.00000   0.00000   0.00000   8.00000   0.00000

   GROUND PLANE SPECIFIED.

   TOTAL SEGMENTS USED=  110     NO. SEG. IN A SYMMETRIC CELL=  110     SYMMETRY FLAG=  0


         - MULTIPLE WIRE JUNCTIONS -
 JUNCTION    SEGMENTS  (- FOR END 1, + FOR END 2)
     1        -1   54  -67
     2         5   57  -84
     3        48  -49  110
     4        66 -101 -104




                                 - - - - SEGMENTATION DATA - - - -

                                        COORDINATES IN METERS

                         I+ AND I- INDICATE THE SEGMENTS BEFORE AND AFTER I


  SEG.   COORDINATES OF SEG. CENTER     SEG.     ORIENTATION ANGLES    WIRE    CONNECTION DATA   TAG
  NO.       X         Y         Z       LENGTH     ALPHA     BETA      RADIUS    I-   I    I+    NO.
     1  -0.10975   0.00000   8.12500   0.05250    0.00000   0.00000   0.00250    54    1    2      1
     2  -0.05725   0.00000   8.12500   0.05250    0.00000   0.00000   0.00250     1    2    3      1
     3  -0.00500   0.00000   8.12500   0.05200    0.00000   0.00000   0.00250     2    3    4    999
     4   0.04975   0.00000   8.12500   0.05750    0.00000   0.00000   0.00250     3    4    5      1
     5   0.10725   0.00000   8.12500   0.05750    0.00000   0.00000   0.00250     4    5  -57      1
     6  -0.13300  -0.33000   8.15550   0.04900   90.00000   0.00000   0.00250   -40    6    7      3
     7  -0.13300  -0.33000   8.20450   0.04900   90.00000   0.00000   0.00250     6    7    8      3
     8  -0.13300  -0.33000   8.25350   0.04900   90.00000   0.00000   0.00250     7    8    9      3
     9  -0.13300  -0.33000   8.30250   0.04900   90.00000   0.00000   0.00250     8    9   10      3
    10  -0.13300  -0.33000   8.35150   0.04900   90.00000   0.00000   0.00250     9   10   11      3
    11  -0.13300  -0.33000   8.40050   0.04900   90.00000   0.00000   0.00250    10   11   12      3
    12  -0.13300  -0.33000   8.44950   0.04900   90.00000   0.00000   0.00250    11   12   13      3
    13  -0.13300  -0.33000   8.49850   0.04900   90.00000   0.00000   0.00250    12   13   14      3
    14  -0.13300  -0.33000   8.54750   0.04900   90.00000   0.00000   0.00250    13   14   15      3
    15  -0.13300  -0.33000   8.59650   0.04900   90.00000   0.00000   0.00250    14   15   16      3
    16  -0.13300  -0.33000   8.64550   0.04900   90.00000   0.00000   0.00250    15   16   17      3
    17  -0.13300  -0.33000   8.69450   0.04900   90.00000   0.00000   0.00250    16   17   18      3
    18  -0.13300  -0.33000   8.74350   0.04900   90.00000   0.00000   0.00250    17   18   19      3
    19  -0.13300  -0.33000   8.79250   0.04900   90.00000   0.00000   0.00250    18   19   20      3
    20  -0.13300  -0.33000   8.84150   0.04900   90.00000   0.00000   0.00250    19   20   21      3
    21  -0.13300  -0.33000   8.89050   0.04900   90.00000   0.00000   0.00250    20   21   22      3
    22  -0.13300  -0.33000   8.93950   0.04900   90.00000   0.00000   0.00250    21   22   46      3
    23   0.13300  -0.33000   8.15550   0.04900   90.00000   0.00000   0.00250    45   23   24      3
    24   0.13300  -0.33000   8.20450   0.04900   90.00000   0.00000   0.00250    23   24   25      3
    25   0.13300  -0.33000   8.25350   0.04900   90.00000   0.00000   0.00250    24   25   26      3
    26   0.13300  -0.33000   8.30250   0.04900   90.00000   0.00000   0.00250    25   26   27      3
    27   0.13300  -0.33000   8.35150   0.04900   90.00000   0.00000   0.00250    26   27   28      3
    28   0.13300  -0.33000   8.40050   0.04900   90.00000   0.00000   0.00250    27   28   29      3
    29   0.13300  -0.33000   8.44950   0.04900   90.00000   0.00000   0.00250    28   29   30      3
    30   0.13300  -0.33000   8.49850   0.04900   90.00000   0.00000   0.00250    29   30   31      3
    31   0.13300  -0.33000   8.54750   0.04900   90.00000   0.00000   0.00250    30   31   32      3
    32   0.13300  -0.33000   8.59650   0.04900   90.00000   0.00000   0.00250    31   32   33      3
    33   0.13300  -0.33000   8.64550   0.04900   90.00000   0.00000   0.00250    32   33   34      3
    34   0.13300  -0.33000   8.69450   0.04900   90.00000   0.00000   0.00250    33   34   35      3
    35   0.13300  -0.33000   8.74350   0.04900   90.00000   0.00000   0.00250    34   35   36      3
    36   0.13300  -0.33000   8.79250   0.04900   90.00000   0.00000   0.00250    35   36   37      3
    37   0.13300  -0.33000   8.84150   0.04900   90.00000   0.00000   0.00250    36   37   38      3
    38   0.13300  -0.33000   8.89050   0.04900   90.00000   0.00000   0.00250    37   38   39      3
    39   0.13300  -0.33000   8.93950   0.04900   90.00000   0.00000   0.00250    38   39  -51      3
    40  -0.11083  -0.33000   8.13100   0.04433    0.00000   0.00000   0.00250    -6   40   41      3
    41  -0.06650  -0.33000   8.13100   0.04433    0.00000   0.00000   0.00250    40   41   42      3
    42  -0.02217  -0.33000   8.13100   0.04433    0.00000   0.00000   0.00250    41   42   43      3
    43   0.02217  -0.33000   8.13100   0.04433    0.00000   0.00000   0.00250    42   43   44      3
    44   0.06650  -0.33000   8.13100   0.04433    0.00000   0.00000   0.00250    43   44   45      3
    45   0.11083  -0.33000   8.13100   0.04433    0.00000   0.00000   0.00250    44   45   23      3
    46  -0.11083  -0.33000   8.96400   0.04433    0.00000   0.00000   0.00250    22   46   47      3
    47  -0.06650  -0.33000   8.96400   0.04433    0.00000   0.00000   0.00250    46   47   48      3
    48  -0.02217  -0.33000   8.96400   0.04433    0.00000   0.00000   0.00250    47   48   49      3
    49   0.02217  -0.33000   8.96400   0.04433    0.00000   0.00000   0.00250   110   49   50      3
    50   0.06650  -0.33000   8.96400   0.04433    0.00000   0.00000   0.00250    49   50   51      3
    51   0.11083  -0.33000   8.96400   0.04433    0.00000   0.00000   0.00250    50   51  -39      3
    52  -0.13600   0.00000   8.02083   0.04167   90.00000   0.00000   0.00250   -58   52   53      2
    53  -0.13600   0.00000   8.06250   0.04167   90.00000   0.00000   0.00250    52   53   54      2
    54  -0.13600   0.00000   8.10417   0.04167   90.00000   0.00000   0.00250    53   54   67      2
    55   0.13600   0.00000   8.02083   0.04167   90.00000   0.00000   0.00250    63   55   56      2
    56   0.13600   0.00000   8.06250   0.04167   90.00000   0.00000   0.00250    55   56   57      2
    57   0.13600   0.00000   8.10417   0.04167   90.00000   0.00000   0.00250    56   57   84      2
    58  -0.11333   0.00000   8.00000   0.04533    0.00000   0.00000   0.00250   -52   58   59      2
    59  -0.06800   0.00000   8.00000   0.04533    0.00000   0.00000   0.00250    58   59   60      2
    60  -0.02267   0.00000   8.00000   0.04533    0.00000   0.00000   0.00250    59   60   61      2
    61   0.02267   0.00000   8.00000   0.04533    0.00000   0.00000   0.00250    60   61   62      2
    62   0.06800   0.00000   8.00000   0.04533    0.00000   0.00000   0.00250    61   62   63      2
    63   0.11333   0.00000   8.00000   0.04533    0.00000   0.00000   0.00250    62   63   55      2
    64  -0.11333   0.00000   8.97000   0.04533    0.00000   0.00000   0.00250    83   64   65      2
    65  -0.06800   0.00000   8.97000   0.04533    0.00000   0.00000   0.00250    64   65   66      2
    66  -0.02267   0.00000   8.97000   0.04533    0.00000   0.00000   0.00250    65   66  101      2
    67  -0.13600   0.00000   8.14985   0.04971   90.00000   0.00000   0.00250    -1   67   68      2
    68  -0.13600   0.00000   8.19956   0.04971   90.00000   0.00000   0.00250    67   68   69      2
    69  -0.13600   0.00000   8.24926   0.04971   90.00000   0.00000   0.00250    68   69   70      2
    70  -0.13600   0.00000   8.29897   0.04971   90.00000   0.00000   0.00250    69   70   71      2
    71  -0.13600   0.00000   8.34868   0.04971   90.00000   0.00000   0.00250    70   71   72      2
    72  -0.13600   0.00000   8.39838   0.04971   90.00000   0.00000   0.00250    71   72   73      2
    73  -0.13600   0.00000   8.44809   0.04971   90.00000   0.00000   0.00250    72   73   74      2
    74  -0.13600   0.00000   8.49779   0.04971   90.00000   0.00000   0.00250    73   74   75      2
    75  -0.13600   0.00000   8.54750   0.04971   90.00000   0.00000   0.00250    74   75   76      2
    76  -0.13600   0.00000   8.59721   0.04971   90.00000   0.00000   0.00250    75   76   77      2
    77  -0.13600   0.00000   8.64691   0.04971   90.00000   0.00000   0.00250    76   77   78      2
    78  -0.13600   0.00000   8.69662   0.04971   90.00000   0.00000   0.00250    77   78   79      2
    79  -0.13600   0.00000   8.74632   0.04971   90.00000   0.00000   0.00250    78   79   80      2
    80  -0.13600   0.00000   8.79603   0.04971   90.00000   0.00000   0.00250    79   80   81      2
    81  -0.13600   0.00000   8.84574   0.04971   90.00000   0.00000   0.00250    80   81   82      2
    82  -0.13600   0.00000   8.89544   0.04971   90.00000   0.00000   0.00250    81   82   83      2
    83  -0.13600   0.00000   8.94515   0.04971   90.00000   0.00000   0.00250    82   83   64      2
    84   0.13600   0.00000   8.14985   0.04971   90.00000   0.00000   0.00250     5   84   85      2
    85   0.13600   0.00000   8.19956   0.04971   90.00000   0.00000   0.00250    84   85   86      2
    86   0.13600   0.00000   8.24926   0.04971   90.00000   0.00000   0.00250    85   86   87      2
    87   0.13600   0.00000   8.29897   0.04971   90.00000   0.00000   0.00250    86   87   88      2
    88   0.13600   0.00000   8.34868   0.04971   90.00000   0.00000   0.00250    87   88   89      2
    89   0.13600   0.00000   8.39838   0.04971   90.00000   0.00000   0.00250    88   89   90      2
    90   0.13600   0.00000   8.44809   0.04971   90.00000   0.00000   0.00250    89   90   91      2
    91   0.13600   0.00000   8.49779   0.04971   90.00000   0.00000   0.00250    90   91   92      2
    92   0.13600   0.00000   8.54750   0.04971   90.00000   0.00000   0.00250    91   92   93      2
    93   0.13600   0.00000   8.59721   0.04971   90.00000   0.00000   0.00250    92   93   94      2
    94   0.13600   0.00000   8.64691   0.04971   90.00000   0.00000   0.00250    93   94   95      2
    95   0.13600   0.00000   8.69662   0.04971   90.00000   0.00000   0.00250    94   95   96      2
    96   0.13600   0.00000   8.74632   0.04971   90.00000   0.00000   0.00250    95   96   97      2
    97   0.13600   0.00000   8.79603   0.04971   90.00000   0.00000   0.00250    96   97   98      2
    98   0.13600   0.00000   8.84574   0.04971   90.00000   0.00000   0.00250    97   98   99      2
    99   0.13600   0.00000   8.89544   0.04971   90.00000   0.00000   0.00250    98   99  100      2
   100   0.13600   0.00000   8.94515   0.04971   90.00000   0.00000   0.00250    99  100 -103      2
   101   0.02267   0.00000   8.97000   0.04533    0.00000   0.00000   0.00250  -104  101  102      2
   102   0.06800   0.00000   8.97000   0.04533    0.00000   0.00000   0.00250   101  102  103      2
   103   0.11333   0.00000   8.97000   0.04533    0.00000   0.00000   0.00250   102  103 -100      2
   104   0.00000  -0.02357   8.96957   0.04715   -1.04163 -90.00000   0.00050    66  104  105      4
   105   0.00000  -0.07071   8.96871   0.04715   -1.04163 -90.00000   0.00050   104  105  106      4
   106   0.00000  -0.11786   8.96786   0.04715   -1.04163 -90.00000   0.00050   105  106  107      4
   107   0.00000  -0.16500   8.96700   0.04715   -1.04163 -90.00000   0.00050   106  107  108      4
   108   0.00000  -0.21214   8.96614   0.04715   -1.04163 -90.00000   0.00050   107  108  109      4
   109   0.00000  -0.25929   8.96529   0.04715   -1.04163 -90.00000   0.00050   108  109  110      4
   110   0.00000  -0.30643   8.96443   0.04715   -1.04163 -90.00000   0.00050   109  110  -48      4






 ***** DATA CARD NO.  1   GN   2     0     0     0  1.10000E+01  1.00000E-02  0.00000E+00  0.00000E+00  0.00000E+00  0.00000E+00
 ***** DATA CARD NO.  2   EK   0     0     0     0  0.00000E+00  0.00000E+00  0.00000E+00  0.00000E+00  0.00000E+00  0.00000E+00
 ***** DATA CARD NO.  3   LD   5     0     0     0  5.80000E+07  0.00000E+00  0.00000E+00  0.00000E+00  0.00000E+00  0.00000E+00
 ***** DATA CARD NO.  4   EX   0   999     1     0  1.00000E+00  0.00000E+00  0.00000E+00  0.00000E+00  0.00000E+00  0.00000E+00
 ***** DATA CARD NO.  5   FR   0     1     0     0  1.44200E+02  0.00000E+00  0.00000E+00  0.00000E+00  0.00000E+00  0.00000E+00
 ***** DATA CARD NO.  6   RP   0     1     1  1000  8.50000E+01  9.00000E+01  0.00000E+00  0.00000E+00  0.00000E+00  0.00000E+00




                                 - - - - - - FREQUENCY - - - - - -

                                    FREQUENCY= 1.4420E+02 MHZ
                                    WAVELENGTH= 2.0791E+00 METERS




                    APPROXIMATE INTEGRATION EMPLOYED FOR SEGMENTS MORE THAN   1.000 WAVELENGTHS APART

                    THE EXTENDED THIN WIRE KERNEL WILL BE USED



                               - - - STRUCTURE IMPEDANCE LOADING - - -


       LOCATION          RESISTANCE   INDUCTANCE  CAPACITANCE       IMPEDANCE (OHMS)     CONDUCTIVITY    TYPE
    ITAG FROM THRU          OHMS        HENRYS       FARADS        REAL      IMAGINARY    MHOS/METER

     ALL                                                                                 5.8000E+07     WIRE  



                                  - - - ANTENNA ENVIRONMENT - - -

                                        FINITE GROUND.  SOMMERFELD SOLUTION
                                        RELATIVE DIELECTRIC CONST.= 11.000
                                        CONDUCTIVITY= 1.000E-02 MHOS/METER
                                        COMPLEX DIELECTRIC CONSTANT= 1.10000E+01-1.24660E+00



                                - - - MATRIX TIMING - - -

                        FILL=    0.047 SEC.,  FACTOR=    0.000 SEC.



                                          - - - ANTENNA INPUT PARAMETERS - - -

   TAG   SEG.    VOLTAGE (VOLTS)         CURRENT (AMPS)         IMPEDANCE (OHMS)        ADMITTANCE (MHOS)      POWER
   NO.   NO.    REAL        IMAG.       REAL        IMAG.       REAL        IMAG.       REAL        IMAG.     (WATTS)
   999     3 1.00000E+00 0.00000E+00 3.03192E-02-5.75065E-04 3.29705E+01 6.25353E-01 3.03192E-02-5.75065E-04 1.51596E-02



                             - - - CURRENTS AND LOCATION - - -

                                 DISTANCES IN WAVELENGTHS


  SEG.  TAG    COORD. OF SEG. CENTER     SEG.            - - - CURRENT (AMPS) - - -
  NO.   NO.     X        Y        Z      LENGTH     REAL        IMAG.       MAG.        PHASE
     1    1  -0.0528   0.0000   3.9080  0.02525   2.9084E-02 -1.1037E-03  2.9105E-02   -2.173
     2    1  -0.0275   0.0000   3.9080  0.02525   2.9963E-02 -8.7076E-04  2.9976E-02   -1.665
     3  999  -0.0024   0.0000   3.9080  0.02501   3.0319E-02 -5.7507E-04  3.0325E-02   -1.087
     4    1   0.0239   0.0000   3.9080  0.02766   3.0060E-02 -8.9933E-04  3.0073E-02   -1.714
     5    1   0.0516   0.0000   3.9080  0.02766   2.9161E-02 -1.1595E-03  2.9184E-02   -2.277
     6    3  -0.0640  -0.1587   3.9227  0.02357   3.8824E-02 -1.2264E-02  4.0715E-02  -17.531
     7    3  -0.0640  -0.1587   3.9463  0.02357   3.6017E-02 -1.1381E-02  3.7773E-02  -17.536
     8    3  -0.0640  -0.1587   3.9698  0.02357   3.2454E-02 -1.0262E-02  3.4037E-02  -17.546
     9    3  -0.0640  -0.1587   3.9934  0.02357   2.8201E-02 -8.9262E-03  2.9580E-02  -17.564
    10    3  -0.0640  -0.1587   4.0170  0.02357   2.3345E-02 -7.4018E-03  2.4490E-02  -17.592
    11    3  -0.0640  -0.1587   4.0405  0.02357   1.7988E-02 -5.7201E-03  1.8876E-02  -17.640
    12    3  -0.0640  -0.1587   4.0641  0.02357   1.2245E-02 -3.9167E-03  1.2856E-02  -17.738
    13    3  -0.0640  -0.1587   4.0877  0.02357   6.2376E-03 -2.0302E-03  6.5597E-03  -18.029
    14    3  -0.0640  -0.1587   4.1112  0.02357   9.7088E-05 -1.0121E-04  1.4025E-04  -46.192
    15    3  -0.0640  -0.1587   4.1348  0.02357  -6.0439E-03  1.8287E-03  6.3145E-03  163.165
    16    3  -0.0640  -0.1587   4.1584  0.02357  -1.2052E-02  3.7181E-03  1.2613E-02  162.855
    17    3  -0.0640  -0.1587   4.1819  0.02357  -1.7797E-02  5.5261E-03  1.8636E-02  162.750
    18    3  -0.0640  -0.1587   4.2055  0.02357  -2.3156E-02  7.2143E-03  2.4254E-02  162.695
    19    3  -0.0640  -0.1587   4.2291  0.02357  -2.8013E-02  8.7467E-03  2.9346E-02  162.659
    20    3  -0.0640  -0.1587   4.2526  0.02357  -3.2265E-02  1.0092E-02  3.3807E-02  162.632
    21    3  -0.0640  -0.1587   4.2762  0.02357  -3.5826E-02  1.1222E-02  3.7543E-02  162.607
    22    3  -0.0640  -0.1587   4.2998  0.02357  -3.8628E-02  1.2117E-02  4.0484E-02  162.584
    23    3   0.0640  -0.1587   3.9227  0.02357  -3.8833E-02  1.2277E-02  4.0727E-02  162.455
    24    3   0.0640  -0.1587   3.9463  0.02357  -3.6028E-02  1.1398E-02  3.7788E-02  162.445
    25    3   0.0640  -0.1587   3.9698  0.02357  -3.2467E-02  1.0281E-02  3.4056E-02  162.429
    26    3   0.0640  -0.1587   3.9934  0.02357  -2.8216E-02  8.9480E-03  2.9601E-02  162.405
    27    3   0.0640  -0.1587   4.0170  0.02357  -2.3362E-02  7.4252E-03  2.4513E-02  162.368
    28    3   0.0640  -0.1587   4.0405  0.02357  -1.8006E-02  5.7442E-03  1.8900E-02  162.306
    29    3   0.0640  -0.1587   4.0641  0.02357  -1.2263E-02  3.9409E-03  1.2881E-02  162.185
    30    3   0.0640  -0.1587   4.0877  0.02357  -6.2567E-03  2.0537E-03  6.5851E-03  161.828
    31    3   0.0640  -0.1587   4.1112  0.02357  -1.1636E-04  1.2330E-04  1.6953E-04  133.340
    32    3   0.0640  -0.1587   4.1348  0.02357   6.0248E-03 -1.8087E-03  6.2904E-03  -16.710
    33    3   0.0640  -0.1587   4.1584  0.02357   1.2034E-02 -3.7007E-03  1.2590E-02  -17.094
    34    3   0.0640  -0.1587   4.1819  0.02357   1.7780E-02 -5.5119E-03  1.8614E-02  -17.224
    35    3   0.0640  -0.1587   4.2055  0.02357   2.3139E-02 -7.2037E-03  2.4235E-02  -17.292
    36    3   0.0640  -0.1587   4.2291  0.02357   2.7998E-02 -8.7402E-03  2.9330E-02  -17.337
    37    3   0.0640  -0.1587   4.2526  0.02357   3.2252E-02 -1.0090E-02  3.3793E-02  -17.372
    38    3   0.0640  -0.1587   4.2762  0.02357   3.5815E-02 -1.1224E-02  3.7533E-02  -17.401
    39    3   0.0640  -0.1587   4.2998  0.02357   3.8618E-02 -1.2124E-02  4.0477E-02  -17.430
    40    3  -0.0533  -0.1587   3.9109  0.02132  -4.0770E-02  1.2878E-02  4.2756E-02  162.471
    41    3  -0.0320  -0.1587   3.9109  0.02132  -4.2017E-02  1.3270E-02  4.4063E-02  162.473
    42    3  -0.0107  -0.1587   3.9109  0.02132  -4.2652E-02  1.3469E-02  4.4728E-02  162.474
    43    3   0.0107  -0.1587   3.9109  0.02132  -4.2653E-02  1.3471E-02  4.4730E-02  162.472
    44    3   0.0320  -0.1587   3.9109  0.02132  -4.2021E-02  1.3276E-02  4.4068E-02  162.467
    45    3   0.0533  -0.1587   3.9109  0.02132  -4.0776E-02  1.2887E-02  4.2764E-02  162.461
    46    3  -0.0533  -0.1587   4.3116  0.02132  -4.0565E-02  1.2743E-02  4.2519E-02  162.561
    47    3  -0.0320  -0.1587   4.3116  0.02132  -4.1805E-02  1.3141E-02  4.3822E-02  162.550
    48    3  -0.0107  -0.1587   4.3116  0.02132  -4.2435E-02  1.3341E-02  4.4483E-02  162.547
    49    3   0.0107  -0.1587   4.3116  0.02132  -4.2432E-02  1.3360E-02  4.4486E-02  162.523
    50    3   0.0320  -0.1587   4.3116  0.02132  -4.1800E-02  1.3156E-02  4.3822E-02  162.529
    51    3   0.0533  -0.1587   4.3116  0.02132  -4.0558E-02  1.2754E-02  4.2516E-02  162.543
    52    2  -0.0654   0.0000   3.8579  0.02004  -1.2089E-02 -2.4020E-03  1.2325E-02 -168.762
    53    2  -0.0654   0.0000   3.8780  0.02004  -1.1176E-02 -2.3483E-03  1.1420E-02 -168.133
    54    2  -0.0654   0.0000   3.8980  0.02004  -1.0164E-02 -2.2749E-03  1.0415E-02 -167.384
    55    2   0.0654   0.0000   3.8579  0.02004   1.2073E-02  2.4123E-03  1.2311E-02   11.300
    56    2   0.0654   0.0000   3.8780  0.02004   1.1156E-02  2.3605E-03  1.1403E-02   11.947
    57    2   0.0654   0.0000   3.8980  0.02004   1.0139E-02  2.2890E-03  1.0394E-02   12.722
    58    2  -0.0545   0.0000   3.8479  0.02180   1.2863E-02  2.4317E-03  1.3091E-02   10.705
    59    2  -0.0327   0.0000   3.8479  0.02180   1.3411E-02  2.4509E-03  1.3633E-02   10.357
    60    2  -0.0109   0.0000   3.8479  0.02180   1.3683E-02  2.4605E-03  1.3903E-02   10.194
    61    2   0.0109   0.0000   3.8479  0.02180   1.3681E-02  2.4627E-03  1.3900E-02   10.205
    62    2   0.0327   0.0000   3.8479  0.02180   1.3403E-02  2.4568E-03  1.3626E-02   10.387
    63    2   0.0545   0.0000   3.8479  0.02180   1.2851E-02  2.4404E-03  1.3081E-02   10.752
    64    2  -0.0545   0.0000   4.3145  0.02180   3.8915E-02  1.3214E-03  3.8938E-02    1.945
    65    2  -0.0327   0.0000   4.3145  0.02180   4.0213E-02  1.3159E-03  4.0234E-02    1.874
    66    2  -0.0109   0.0000   4.3145  0.02180   4.0872E-02  1.3134E-03  4.0893E-02    1.841
    67    2  -0.0654   0.0000   3.9200  0.02391  -3.7582E-02 -1.0273E-03  3.7596E-02 -178.434
    68    2  -0.0654   0.0000   3.9439  0.02391  -3.5350E-02 -8.8326E-04  3.5361E-02 -178.569
    69    2  -0.0654   0.0000   3.9678  0.02391  -3.2237E-02 -7.0910E-04  3.2245E-02 -178.740
    70    2  -0.0654   0.0000   3.9917  0.02391  -2.8376E-02 -5.1849E-04  2.8381E-02 -178.953
    71    2  -0.0654   0.0000   4.0156  0.02391  -2.3866E-02 -3.1807E-04  2.3868E-02 -179.236
    72    2  -0.0654   0.0000   4.0395  0.02391  -1.8811E-02 -1.1292E-04  1.8811E-02 -179.656
    73    2  -0.0654   0.0000   4.0634  0.02391  -1.3327E-02  9.2334E-05  1.3328E-02  179.603
    74    2  -0.0654   0.0000   4.0873  0.02391  -7.5400E-03  2.9333E-04  7.5457E-03  177.772
    75    2  -0.0654   0.0000   4.1112  0.02391  -1.5794E-03  4.8586E-04  1.6524E-03  162.900
    76    2  -0.0654   0.0000   4.1351  0.02391   4.4202E-03  6.6596E-04  4.4701E-03    8.568
    77    2  -0.0654   0.0000   4.1591  0.02391   1.0324E-02  8.2993E-04  1.0357E-02    4.596
    78    2  -0.0654   0.0000   4.1830  0.02391   1.5999E-02  9.7451E-04  1.6029E-02    3.486
    79    2  -0.0654   0.0000   4.2069  0.02391   2.1320E-02  1.0969E-03  2.1348E-02    2.945
    80    2  -0.0654   0.0000   4.2308  0.02391   2.6168E-02  1.1947E-03  2.6195E-02    2.614
    81    2  -0.0654   0.0000   4.2547  0.02391   3.0438E-02  1.2664E-03  3.0464E-02    2.383
    82    2  -0.0654   0.0000   4.2786  0.02391   3.4039E-02  1.3109E-03  3.4064E-02    2.205
    83    2  -0.0654   0.0000   4.3025  0.02391   3.6901E-02  1.3277E-03  3.6925E-02    2.061
    84    2   0.0654   0.0000   3.9200  0.02391   3.7583E-02  9.8126E-04  3.7595E-02    1.496
    85    2   0.0654   0.0000   3.9439  0.02391   3.5346E-02  8.4003E-04  3.5356E-02    1.361
    86    2   0.0654   0.0000   3.9678  0.02391   3.2229E-02  6.6904E-04  3.2236E-02    1.189
    87    2   0.0654   0.0000   3.9917  0.02391   2.8366E-02  4.8165E-04  2.8370E-02    0.973
    88    2   0.0654   0.0000   4.0156  0.02391   2.3853E-02  2.8453E-04  2.3854E-02    0.683
    89    2   0.0654   0.0000   4.0395  0.02391   1.8796E-02  8.2882E-05  1.8796E-02    0.253
    90    2   0.0654   0.0000   4.0634  0.02391   1.3311E-02 -1.1864E-04  1.3311E-02   -0.511
    91    2   0.0654   0.0000   4.0873  0.02391   7.5221E-03 -3.1565E-04  7.5287E-03   -2.403
    92    2   0.0654   0.0000   4.1112  0.02391   1.5606E-03 -5.0398E-04  1.6400E-03  -17.897
    93    2   0.0654   0.0000   4.1351  0.02391  -4.4393E-03 -6.7969E-04  4.4910E-03 -171.295
    94    2   0.0654   0.0000   4.1591  0.02391  -1.0343E-02 -8.3919E-04  1.0377E-02 -175.361
    95    2   0.0654   0.0000   4.1830  0.02391  -1.6018E-02 -9.7925E-04  1.6048E-02 -176.502
    96    2   0.0654   0.0000   4.2069  0.02391  -2.1338E-02 -1.0972E-03  2.1366E-02 -177.057
    97    2   0.0654   0.0000   4.2308  0.02391  -2.6184E-02 -1.1907E-03  2.6212E-02 -177.396
    98    2   0.0654   0.0000   4.2547  0.02391  -3.0453E-02 -1.2583E-03  3.0479E-02 -177.634
    99    2   0.0654   0.0000   4.2786  0.02391  -3.4053E-02 -1.2990E-03  3.4077E-02 -177.815
   100    2   0.0654   0.0000   4.3025  0.02391  -3.6913E-02 -1.3124E-03  3.6936E-02 -177.964
   101    2   0.0109   0.0000   4.3145  0.02180   4.0877E-02  1.2911E-03  4.0898E-02    1.809
   102    2   0.0327   0.0000   4.3145  0.02180   4.0220E-02  1.2956E-03  4.0241E-02    1.845
   103    2   0.0545   0.0000   4.3145  0.02180   3.8925E-02  1.3034E-03  3.8946E-02    1.918
   104    4   0.0000  -0.0113   4.3143  0.02268  -3.8267E-06  2.3188E-05  2.3502E-05   99.371
   105    4   0.0000  -0.0340   4.3138  0.02268  -2.9156E-06  2.3499E-05  2.3679E-05   97.073
   106    4   0.0000  -0.0567   4.3134  0.02268  -1.8939E-06  2.3520E-05  2.3596E-05   94.604
   107    4   0.0000  -0.0794   4.3130  0.02268  -8.3312E-07  2.3230E-05  2.3245E-05   92.054
   108    4   0.0000  -0.1020   4.3126  0.02268   2.2245E-07  2.2637E-05  2.2638E-05   89.437
   109    4   0.0000  -0.1247   4.3122  0.02268   1.2284E-06  2.1770E-05  2.1805E-05   86.771
   110    4   0.0000  -0.1474   4.3118  0.02268   2.1141E-06  2.0716E-05  2.0824E-05   84.173



                                        - - - POWER BUDGET - - -

                                           INPUT POWER   = 1.5160E-02 WATTS
                                           RADIATED POWER= 1.4755E-02 WATTS
                                           STRUCTURE LOSS= 4.0473E-04 WATTS
                                           NETWORK LOSS  = 0.0000E+00 WATTS
                                           EFFICIENCY    =  97.33 PERCENT



                                                - - - RADIATION PATTERNS - - -

  - - ANGLES - -           - POWER GAINS -       - - - POLARIZATION - - -    - - - E(THETA) - - -    - - - E(PHI) - - -
  THETA     PHI        VERT.   HOR.    TOTAL      AXIAL     TILT   SENSE     MAGNITUDE    PHASE      MAGNITUDE    PHASE 
 DEGREES  DEGREES       DB      DB      DB        RATIO     DEG.              VOLTS/M    DEGREES      VOLTS/M    DEGREES
   85.00    90.00     -56.87   12.17   12.17    0.00031   -89.99  RIGHT     1.36722E-03    -7.28    3.87076E+00  -124.23






 ***** DATA CARD NO.  7   EN   0     1     1  1000  8.50000E+01  9.00000E+01  0.00000E+00  0.00000E+00  0.00000E+00  0.00000E+00

 RUN TIME =     0.109
