
Run     SWR     Gain    F/B     F/R     R-a     X-a     Eff.    %Res.   %Stp  LD      

1-0     1.6414  0       0       0       67.958  -23     100     0    	0    	0.965   
1       1.6244  0       0       0       68.15   -22.1   100     9.e-3	0.1  	0.966   
1-1                                                                           1       

1-2     3.0361  0       0       0       89.693  67.441  100     -0.7 	10   	1.0615  
2       1.6244  0       0       0       68.15   -22.1   100     9.e-3	0.1  	0.966   
2-1                                                                           1       

2-2     1.4508  0       0       0       71.874  -5      100     0.096	2    	0.9843  
2-3     1.6014  0       0       0       76.077  13.387  100     -0.08	2    	1.004   
3       1.6164  0       0       0       76.297  14.326  100     -8e-3	0.1  	1.005   
3-1                                                                           -1      

3-2     1.5353  0       0       0       74.984  8.6951  100     0.033	0.5  	0.999   
3-3     1.4863  0       0       0       73.912  4.0293  100     0.025	0.5  	0.994   
3-4     1.4574  0       0       0       72.858  -0.611  100     0.015	0.5  	0.989   
3-5     1.4511  0       0       0       71.823  -5.228  100     3.e-3	0.5  	0.9841  
3-6     1.4686  0       0       0       70.807  -9.818  100     -9e-3	0.5  	0.9791  
4       1.4505  0       0       0       72.028  -4.309  100     3.e-4	0.1  	0.985   
4-1                                                                           1       

4-2     1.4508  0       0       0       71.874  -4.998  100     1.e-4	0.025	0.9843  
4-3     1.4507  0       0       0       71.926  -4.768  100     1.e-4	0.025	0.9845  
4-4     1.4505  0       0       0       71.977  -4.537  100     7.e-5	0.025	0.9848  
4-5     1.4505  0       0       0       72.028  -4.308  100     4.e-5	0.025	0.985   
4-6     1.4504  0       0       0       72.08   -4.078  100     6.e-6	0.025	0.9853  
5       1.4505  0       0       0       72.131  -3.849  100     -2e-5	0.025	0.9855  
5-1                                                                           -1      

5-2     1.4504  0       0       0       72.067  -4.136  100     1.e-6	6.e-3	0.9852  
