
Run     SWR     Gain    F/B     F/R     R-a     X-a     Eff.    %Res.   %Stp  Ind     

1-0     27.615  0       0       0       7.5531  -88.8   89.4    0    	0    	6.8e-5  
1       25      0       0       0       7.575   -83.23  89.4    1.517	0.1  	6.8e-5  
1-1                                                                           1       

1-2     13.747  0       0       0       7.696   -52.52  89.41   8.044	0.659	6.8e-5  
1-3     6.9744  0       0       0       7.8446  -15.17  89.43   3.636	0.659	6.9e-5  
1-4     7.6361  0       0       0       7.9991  23.291  89.44   -0.34	0.659	6.9e-5  
2       8.4247  0       0       0       8.0237  29.378  89.44   -0.41	0.1  	6.9e-5  
2-1                                                                           -1      

2-2     6.7696  0       0       0       7.9607  13.783  89.44   0.45 	0.165	6.9e-5  
2-3     6.3598  0       0       0       7.9228  4.3433  89.43   0.212	0.165	6.9e-5  
2-4     6.4336  0       0       0       7.8818  -5.876  89.43   -0.04	0.165	6.9e-5  
3       6.3246  0       0       0       7.9056  0.0753  89.43   0.056	0.1  	6.9e-5  
3-1                                                                           1       

3-2     6.3644  0       0       0       7.892   -3.329  89.43   0.036	0.041	6.9e-5  
3-3     6.3289  0       0       0       7.9022  -0.777  89.43   0.018	0.041	6.9e-5  
3-4     6.3274  0       0       0       7.9125  1.7809  89.43   8.e-4	0.041	6.9e-5  
3-5     6.3598  0       0       0       7.9228  4.3433  89.43   -0.02	0.041	6.9e-5  
4       6.3274  0       0       0       7.9125  1.7809  89.43   0    	8.e-3	6.9e-5  
4-1                                                                           0       

