
Run     SWR     Gain    F/B     F/R     R-a     X-a     Eff.    %Res.   %Stp  L       

1-0     88.554  0       0       0       18.197  -92.64  96.46   0    	0    	2.5     
1       87.052  0       0       0       18.246  -91.94  96.47   1.355	0.1  	2.5025  
1-1                                                                           1       

1-2     77.875  0       0       0       18.562  -87.46  96.5    9.633	0.738	2.5184  
1-3     68.046  0       0       0       18.936  -82.24  96.53   8.1  	0.738	2.537   
1-4     50.881  0       0       0       19.712  -71.76  96.59   13.11	1.476	2.5745  
1-5     25.615  0       0       0       21.379  -50.56  96.72   17.15	2.951	2.6504  
1-6     4.911   0       0       0       25.249  -6.958  96.95   12.31	5.902	2.8069  
1-7     34.248  0       0       0       34.06   72.724  97.3    -15.7	10   	3.0876  
2       34.868  0       0       0       34.174  73.621  97.31   -0.38	0.1  	3.0906  
2-1                                                                           -1      

2-2     20.418  0       0       0       31.356  50.475  97.21   8.567	2.5  	3.0104  
2-3     10.572  0       0       0       28.936  29.068  97.12   5.697	2.5  	2.9351  
2-4     5.3167  0       0       0       26.764  8.4005  97.02   2.981	2.5  	2.8617  
2-5     5.4914  0       0       0       24.805  -11.62  96.93   -0.12	2.5  	2.7902  
3       5.3703  0       0       0       24.879  -10.84  96.93   0.07 	0.1  	2.793   
3-1                                                                           1       

3-2     4.8928  0       0       0       25.269  -6.747  96.95   0.356	0.625	2.8076  
3-3     4.6635  0       0       0       25.744  -1.841  96.97   0.167	0.625	2.8252  
3-4     4.7956  0       0       0       26.232  3.1018  97      -0.08	0.625	2.8428  
4       4.8495  0       0       0       26.311  3.8983  97      -0.04	0.1  	2.8457  
4-1                                                                           -1      

4-2     4.7291  0       0       0       26.108  1.8577  96.99   0.046	0.156	2.8384  
4-3     4.6848  0       0       0       25.985  0.616   96.99   0.035	0.156	2.834   
4-4     4.6629  0       0       0       25.864  -0.623  96.98   0.011	0.156	2.8295  
4-5     4.6636  0       0       0       25.742  -1.86   96.97   -0.01	0.156	2.8251  
5       4.6606  0       0       0       25.82   -1.07   96.98   9.e-3	0.1  	2.8279  
5-1                                                                           1       

5-2     4.6613  0       0       0       25.773  -1.551  96.98   4.e-3	0.039	2.8262  
5-3     4.6605  0       0       0       25.803  -1.243  96.98   4.e-3	0.039	2.8273  
5-4     4.661   0       0       0       25.833  -0.934  96.98   3.e-3	0.039	2.8284  
5-5     4.6629  0       0       0       25.863  -0.624  96.98   2.e-3	0.039	2.8295  
5-6     4.6663  0       0       0       25.894  -0.315  96.98   1.e-3	0.039	2.8306  
5-7     4.671   0       0       0       25.924  -6.e-3  96.98   7.e-4	0.039	2.8317  
5-8     4.6772  0       0       0       25.955  0.3039  96.99   -6e-3	0.039	2.8328  
6       4.6721  0       0       0       25.93   0.0562  96.98   -1e-3	8.e-3	2.832   
6-1                                                                           -1      

6-2     4.6708  0       0       0       25.923  -0.021  96.98   -2e-5	2.e-3	2.8317  

Run     SWR     Gain    F/B     F/R     R-a     X-a     Eff.    %Res.   %Stp  Lr      

7-0     88.554  0       0       0       18.197  -92.64  96.46   0    	0    	2       
7       88.247  0       0       0       18.2    -92.48  96.46   0.277	0.1  	2.002   
7-1                                                                           1       

7-2     77.979  0       0       0       18.325  -86.98  96.46   9.545	3.604	2.0721  
7-3     68.076  0       0       0       18.464  -81.28  96.45   8.171	3.604	2.1468  
7-4     50.516  0       0       0       18.776  -69.88  96.44   13.42	7.208	2.3015  
7-5     30.541  0       0       0       19.313  -53.6   96.43   13.53	10   	2.5316  
7-6     15.503  0       0       0       20.04   -36.04  96.42   9.05 	10   	2.7848  
7-7     6.1815  0       0       0       21.082  -16.34  96.41   5.249	10   	3.0633  
7-8     4.4906  0       0       0       22.678  6.9373  96.42   0.967	10   	3.3696  
7-9     14.157  0       0       0       25.339  36.442  96.45   -5.24	10   	3.7066  
8       4.5259  0       0       0       22.699  7.208   96.42   -0.02	0.1  	3.373   
8-1                                                                           -1      

8-2     4.3319  0       0       0       22.575  5.5895  96.42   0.095	0.5  	3.3528  
8-3     4.2038  0       0       0       22.474  4.2578  96.42   0.079	0.5  	3.336   
8-4     4.1059  0       0       0       22.376  2.9418  96.42   0.063	0.5  	3.3193  
8-5     4.0377  0       0       0       22.28   1.6409  96.42   0.048	0.5  	3.3027  
8-6     3.9987  0       0       0       22.187  0.3548  96.42   0.033	0.5  	3.2862  
8-7     3.9886  0       0       0       22.096  -0.917  96.42   -4e-4	0.5  	3.2698  
9       3.9883  0       0       0       22.114  -0.665  96.42   3.e-3	0.1  	3.273   
9-1                                                                           1       

9-2     3.9885  0       0       0       22.119  -0.601  96.42   3.e-3	0.125	3.2739  
9-3     3.9901  0       0       0       22.141  -0.285  96.42   2.e-3	0.125	3.278   
9-4     3.9935  0       0       0       22.164  0.0326  96.42   8.e-4	0.125	3.2821  
9-5     3.9987  0       0       0       22.187  0.3508  96.42   -6e-3	0.125	3.2862  
10      3.9944  0       0       0       22.168  0.0961  96.42   -1e-3	0.025	3.2829  
10-1                                                                          -1      

10-2    3.9933  0       0       0       22.163  0.0167  96.42   3.e-4	6.e-3	3.2819  

Run     SWR     Gain    F/B     F/R     R-a     X-a     Eff.    %Res.   %Stp  L       

11-0    88.554  0       0       0       18.197  -92.64  96.46   0    	0    	2.5     
11      87.052  0       0       0       18.246  -91.94  96.47   1.355	0.1  	2.5025  
11-1                                                                          1       

11-2    77.875  0       0       0       18.562  -87.46  96.5    9.633	0.738	2.5184  
11-3    68.046  0       0       0       18.936  -82.24  96.53   8.1  	0.738	2.537   
11-4    50.881  0       0       0       19.712  -71.76  96.59   13.11	1.476	2.5745  
11-5    25.615  0       0       0       21.379  -50.56  96.72   17.15	2.951	2.6504  
11-6    4.911   0       0       0       25.249  -6.958  96.95   12.31	5.902	2.8069  
11-7    34.248  0       0       0       34.06   72.724  97.3    -15.7	10   	3.0876  
12      34.868  0       0       0       34.174  73.621  97.31   -0.38	0.1  	3.0906  
12-1                                                                          -1      

12-2    20.418  0       0       0       31.356  50.475  97.21   8.567	2.5  	3.0104  
12-3    10.572  0       0       0       28.936  29.068  97.12   5.697	2.5  	2.9351  
12-4    5.3167  0       0       0       26.764  8.4005  97.02   2.981	2.5  	2.8617  
12-5    5.4914  0       0       0       24.805  -11.62  96.93   -0.12	2.5  	2.7902  
13      5.3703  0       0       0       24.879  -10.84  96.93   0.07 	0.1  	2.793   
13-1                                                                          1       

13-2    4.8928  0       0       0       25.269  -6.747  96.95   0.356	0.625	2.8076  
13-3    4.6635  0       0       0       25.744  -1.841  96.97   0.167	0.625	2.8252  
13-4    4.7956  0       0       0       26.232  3.1018  97      -0.08	0.625	2.8428  
14      4.8495  0       0       0       26.311  3.8983  97      -0.04	0.1  	2.8457  
14-1                                                                          -1      

14-2    4.7291  0       0       0       26.108  1.8577  96.99   0.046	0.156	2.8384  
14-3    4.6848  0       0       0       25.985  0.616   96.99   0.035	0.156	2.834   
14-4    4.6629  0       0       0       25.864  -0.623  96.98   0.011	0.156	2.8295  
14-5    4.6636  0       0       0       25.742  -1.86   96.97   -0.01	0.156	2.8251  
15      4.6606  0       0       0       25.82   -1.07   96.98   9.e-3	0.1  	2.8279  
15-1                                                                          1       

15-2    4.6613  0       0       0       25.773  -1.551  96.98   4.e-3	0.039	2.8262  
15-3    4.6605  0       0       0       25.803  -1.243  96.98   4.e-3	0.039	2.8273  
15-4    4.661   0       0       0       25.833  -0.934  96.98   3.e-3	0.039	2.8284  
15-5    4.6629  0       0       0       25.863  -0.624  96.98   2.e-3	0.039	2.8295  
15-6    4.6663  0       0       0       25.894  -0.315  96.98   1.e-3	0.039	2.8306  
15-7    4.671   0       0       0       25.924  -6.e-3  96.98   7.e-4	0.039	2.8317  
15-8    4.6772  0       0       0       25.955  0.3039  96.99   -6e-3	0.039	2.8328  

Run     SWR     Gain    F/B     F/R     R-a     X-a     Eff.    %Res.   %Stp  L       

1-0     12.464  0       0       0       18.197  -92.64  96.46   0    	0    	2.5     
1       12.289  0       0       0       18.246  -91.94  96.47   0.101	0.1  	2.5025  
1-1                                                                           1       

1-2     2.6585  0       0       0       23.735  -23.19  96.87   5.929	9.947	2.7487  
1-3     3.77    0       0       0       31.751  53.833  97.23   -0.87	9.947	3.0221  
2       3.8238  0       0       0       31.854  54.7    97.23   -0.04	0.1  	3.0251  
2-1                                                                           -1      

2-2     2.6293  0       0       0       29.303  32.417  97.14   0.797	2.487	2.9469  
2-3     1.9848  0       0       0       27.105  11.747  97.04   0.534	2.487	2.8737  
2-4     2.0621  0       0       0       25.123  -8.265  96.94   -4e-3	2.487	2.8022  
3       2.0433  0       0       0       25.198  -7.483  96.95   0.017	0.1  	2.805   
3-1                                                                           1       

3-2     1.9659  0       0       0       25.593  -3.396  96.97   0.097	0.622	2.8196  
3-3     1.92    0       0       0       26.074  1.5086  96.99   0.042	0.622	2.8371  
3-4     1.9253  0       0       0       26.567  6.451   97.02   -0.05	0.622	2.8548  
4       1.9309  0       0       0       26.648  7.2514  97.02   -0.01	0.1  	2.8576  
4-1                                                                           -1      

4-2     1.9192  0       0       0       26.442  5.2071  97.01   0.016	0.155	2.8503  
4-3     1.9163  0       0       0       26.318  3.9656  97      0.014	0.155	2.8459  
4-4     1.9166  0       0       0       26.194  2.7262  97      0.012	0.155	2.8415  
4-5     1.9201  0       0       0       26.072  1.4895  96.99   0.011	0.155	2.8371  
4-6     1.9269  0       0       0       25.95   0.2552  96.99   9.e-3	0.155	2.8327  
4-7     1.9368  0       0       0       25.829  -0.977  96.98   -0.01	0.155	2.8283  
5       1.9301  0       0       0       25.907  -0.186  96.98   0.011	0.1  	2.8311  
5-1                                                                           1       

5-2     1.934   0       0       0       25.859  -0.669  96.98   4.e-3	0.039	2.8294  
5-3     1.9314  0       0       0       25.889  -0.362  96.98   4.e-3	0.039	2.8305  
5-4     1.9291  0       0       0       25.919  -0.054  96.98   4.e-3	0.039	2.8316  
5-5     1.9269  0       0       0       25.95   0.2538  96.99   -9e-4	0.039	2.8327  
6       1.9249  0       0       0       25.98   0.562   96.99   -2e-3	0.039	2.8338  
6-1                                                                           -1      

6-2     1.9274  0       0       0       25.942  0.1768  96.98   5.e-4	1.e-2	2.8324  

Run     SWR     Gain    F/B     F/R     R-a     X-a     Eff.    %Res.   %Stp  Lr      

7-0     12.464  0       0       0       18.197  -92.64  96.46   0    	0    	2       
7       12.43   0       0       0       18.2    -92.48  96.46   0.02 	0.1  	2.002   
7-1                                                                           1       

7-2     9.3933  0       0       0       18.568  -77.3   96.45   1.792	10   	2.2     
7-3     6.8232  0       0       0       19.041  -61.42  96.43   1.508	10   	2.42    
7-4     4.7434  0       0       0       19.668  -44.56  96.42   1.246	10   	2.662   
7-5     3.1894  0       0       0       20.543  -26     96.41   0.982	10   	2.9282  
7-6     2.3155  0       0       0       21.824  -4.652  96.42   0.658	10   	3.221   
7-7     2.5661  0       0       0       23.891  21.45   96.43   -0.29	10   	3.5431  
8       2.5766  0       0       0       23.919  21.759  96.43   -8e-3	0.1  	3.5467  
8-1                                                                           -1      

8-2     2.3585  0       0       0       23.237  13.887  96.43   0.181	2.5  	3.4545  
8-3     2.257   0       0       0       22.67   6.8224  96.42   0.122	2.5  	3.3682  
8-4     2.2549  0       0       0       22.175  0.1815  96.42   0.068	2.5  	3.284   
8-5     2.3434  0       0       0       21.726  -6.099  96.41   -0.1 	2.5  	3.2019  
9       2.3384  0       0       0       21.742  -5.858  96.42   5.e-3	0.1  	3.2051  
9-1                                                                           1       

9-2     2.3144  0       0       0       21.828  -4.586  96.42   0.03 	0.625	3.2219  
9-3     2.2902  0       0       0       21.933  -3.052  96.42   0.028	0.625	3.242   
9-4     2.2697  0       0       0       22.054  -1.495  96.42   0.026	0.625	3.2623  
9-5     2.2556  0       0       0       22.167  0.0807  96.42   0.021	0.625	3.2827  
9-6     2.247   0       0       0       22.283  1.6777  96.42   -0.01	0.625	3.3032  
10      2.2462  0       0       0       22.302  1.936   96.42   -2e-3	0.1  	3.3065  
10-1                                                                          -1      

10-2    2.2486  0       0       0       22.254  1.2747  96.42   3.e-3	0.156	3.298   
10-3    2.2506  0       0       0       22.224  0.8732  96.42   3.e-3	0.156	3.2929  
10-4    2.253   0       0       0       22.196  0.4732  96.42   3.e-3	0.156	3.2877  
10-5    2.2556  0       0       0       22.167  0.0745  96.42   3.e-3	0.156	3.2826  
10-6    2.2586  0       0       0       22.138  -0.323  96.42   -4e-3	0.156	3.2775  
11      2.2567  0       0       0       22.157  -0.069  96.42   4.e-3	0.1  	3.2807  
11-1                                                                          1       

11-2    2.2579  0       0       0       22.145  -0.224  96.42   1.e-3	0.039	3.2787  
11-3    2.2571  0       0       0       22.153  -0.125  96.42   1.e-3	0.039	3.28    
11-4    2.2564  0       0       0       22.16   -0.025  96.42   1.e-3	0.039	3.2813  
11-5    2.2556  0       0       0       22.167  0.0741  96.42   -1e-4	0.039	3.2826  
12      2.2549  0       0       0       22.174  0.1735  96.42   -6e-4	0.039	3.2839  
12-1                                                                          -1      

12-2    2.2558  0       0       0       22.165  0.0492  96.42   2.e-4	1.e-2	3.2823  

Run     SWR     Gain    F/B     F/R     R-a     X-a     Eff.    %Res.   %Stp  Lr      L       

13-0    2.2558  0       0       0       22.165  0.0492  96.42   0    	0    	3.2823  2.5     
13      2.2541  0       0       0       22.183  0.3039  96.42   -2e-3	0.1  	3.2856  2.5     
13      2.2507  0       0       0       22.222  0.7992  96.42   -5e-3	0.1  	3.2823  2.5025  
13-1                                                                          -0.502  -1.498  

13-2    26.407  0       0       0       14.342  -127.5  95.62   -13.5	10   	3.1174  2.1256  
14      2.2541  0       0       0       22.183  0.3039  96.42   -2e-3	0.1  	3.2856  2.5     
14      2.2507  0       0       0       22.222  0.7992  96.42   -5e-3	0.1  	3.2823  2.5025  
14-1                                                                          -0.502  -1.498  

14-2    3.165   0       0       0       20.337  -25.02  96.28   -0.71	2    	3.2493  2.4251  
15      2.2541  0       0       0       22.183  0.3039  96.42   -2e-3	0.1  	3.2856  2.5     
15      2.2507  0       0       0       22.222  0.7992  96.42   -5e-3	0.1  	3.2823  2.5025  
15-1                                                                          -0.502  -1.498  

15-2    2.3223  0       0       0       21.791  -4.957  96.39   -0.08	0.4  	3.2757  2.485   
16      2.2544  0       0       0       22.18   0.2529  96.42   -1e-3	0.08 	3.2849  2.5     
16      2.2517  0       0       0       22.211  0.6492  96.42   -4e-3	0.08 	3.2823  2.502   
16-1                                                                          -0.506  -1.494  

16-2    2.2645  0       0       0       22.09   -0.95   96.41   -0.01	0.08 	3.2809  2.497   

Run     SWR     Gain    F/B     F/R     R-a     X-a     Eff.    %Res.   %Stp  Lr      L       

17-0    2.2645  0       0       0       22.09   -0.95   96.41   0    	0    	3.2809  2.497   
17      2.2622  0       0       0       22.108  -0.696  96.41   4.e-3	0.1  	3.2842  2.497   
17      2.2577  0       0       0       22.146  -0.201  96.42   0.011	0.1  	3.2809  2.4995  
17-1                                                                          0.5092  1.4908  

17-2    11.282  0       0       0       33.663  124.52  97      -5.8 	10   	3.448   2.8693  
18      2.2622  0       0       0       22.108  -0.696  96.41   4.e-3	0.1  	3.2842  2.497   
18      2.2577  0       0       0       22.146  -0.201  96.42   0.011	0.1  	3.2809  2.4995  
18-1                                                                          0.5092  1.4908  

18-2    2.6628  0       0       0       24.041  23.963  96.55   -0.43	2    	3.3144  2.5715  
19      2.2622  0       0       0       22.108  -0.696  96.41   4.e-3	0.1  	3.2842  2.497   
19      2.2577  0       0       0       22.146  -0.201  96.42   0.011	0.1  	3.2809  2.4995  
19-1                                                                          0.5092  1.4908  

19-2    2.2436  0       0       0       22.468  4.0346  96.44   -0.02	0.4  	3.2876  2.5119  
20      2.2626  0       0       0       22.104  -0.747  96.41   3.e-3	0.08 	3.2836  2.497   
20      2.259   0       0       0       22.135  -0.351  96.42   9.e-3	0.08 	3.2809  2.499   
20-1                                                                          0.5074  1.4926  

20-2    2.2558  0       0       0       22.165  0.0474  96.42   0.013	0.08 	3.2823  2.5     
20-3    2.2494  0       0       0       22.24   1.0465  96.42   -7e-3	0.08 	3.2836  2.503   
21      2.2484  0       0       0       22.255  1.2505  96.42   -2e-3	0.08 	3.2862  2.503   
21      2.2466  0       0       0       22.286  1.647   96.43   -5e-3	0.08 	3.2836  2.505   
21-1                                                                          -0.506  -1.494  

21-2    2.2508  0       0       0       22.221  0.7964  96.42   2.e-3	0.02 	3.2833  2.5022  
21-3    2.2523  0       0       0       22.203  0.5462  96.42   2.e-3	0.02 	3.2829  2.5015  
21-4    2.254   0       0       0       22.184  0.2963  96.42   2.e-3	0.02 	3.2826  2.5007  
21-5    2.2558  0       0       0       22.165  0.0464  96.42   2.e-3	0.02 	3.2823  2.5     
21-6    2.2578  0       0       0       22.146  -0.203  96.42   -3e-3	0.02 	3.2819  2.4992  
22      2.2574  0       0       0       22.15   -0.152  96.42   7.e-4	0.02 	3.2826  2.4992  
22      2.2566  0       0       0       22.157  -0.053  96.42   2.e-3	0.02 	3.2819  2.4997  
22-1                                                                          0.5021  1.4979  

22-2    2.2573  0       0       0       22.151  -0.141  96.42   9.e-4	5.e-3	3.282   2.4994  

Run     SWR     Gain    F/B     F/R     R-a     X-a     Eff.    %Res.   %Stp  Lr      

23-0    2.256   0       0       0       22.164  0.0303  96.42   0    	0    	3.282   
23      2.2542  0       0       0       22.182  0.2849  96.42   -2e-3	0.1  	3.2853  
23-1                                                                          -1      

23-2    3.0772  0       0       0       20.639  -24.19  96.41   -0.66	10   	2.9538  
24      2.2542  0       0       0       22.182  0.2849  96.42   -2e-3	0.1  	3.2853  
24-1                                                                          -1      

24-2    2.3219  0       0       0       21.8    -5.003  96.42   -0.08	2    	3.2164  
25      2.2542  0       0       0       22.182  0.2849  96.42   -2e-3	0.1  	3.2853  
25-1                                                                          -1      

25-2    2.2644  0       0       0       22.091  -0.985  96.42   -0.01	0.4  	3.2689  
26      2.2545  0       0       0       22.178  0.234   96.42   -1e-3	0.08 	3.2847  
26-1                                                                          -1      

26-2    2.2575  0       0       0       22.149  -0.173  96.42   -2e-3	0.08 	3.2794  
