
Run     SWR     Gain    F/B     F/R     R-a     X-a     Eff.    %Res.   %Stp  Leg     

1-0     2.0085  0       0       0       34.813  -25.51  96.64   0    	0    	2.5     
1       1.9518  0       0       0       34.919  -24.15  96.65   0.029	0.1  	2.5025  
1-1                                                                           1       

1-2     7.2926  0       0       0       47.464  113.49  96.95   -2.67	10   	2.75    
2       1.9518  0       0       0       34.919  -24.15  96.65   0.029	0.1  	2.5025  
2-1                                                                           1       

2-2     1.3549  0       0       0       37.014  1.843   96.71   0.33 	2    	2.55    
2-3     2.0147  0       0       0       39.415  29.918  96.77   -0.33	2    	2.601   
3       2.0694  0       0       0       39.542  31.356  96.78   -0.03	0.1  	2.6036  
3-1                                                                           -1      

3-2     1.7648  0       0       0       38.787  22.739  96.76   0.126	0.5  	2.588   
3-3     1.5599  0       0       0       38.173  15.61   96.74   0.103	0.5  	2.5751  
3-4     1.4134  0       0       0       37.573  8.5298  96.72   0.074	0.5  	2.5622  
3-5     1.3545  0       0       0       36.986  1.4969  96.71   0.03 	0.5  	2.5494  
3-6     1.4075  0       0       0       36.411  -5.49   96.69   -0.03	0.5  	2.5366  
4       1.3884  0       0       0       36.525  -4.1    96.69   1.e-2	0.1  	2.5392  
4-1                                                                           1       

4-2     1.3842  0       0       0       36.553  -3.753  96.69   0.012	0.125	2.5398  
4-3     1.3673  0       0       0       36.696  -2.013  96.7    9.e-3	0.125	2.543   
4-4     1.3573  0       0       0       36.839  -0.271  96.7    5.e-3	0.125	2.5461  
4-5     1.3545  0       0       0       36.984  1.4749  96.71   1.e-3	0.125	2.5493  
4-6     1.359   0       0       0       37.129  3.2234  96.71   -2e-3	0.125	2.5525  
5       1.3677  0       0       0       37.246  4.6241  96.71   -4e-3	0.1  	2.5551  
5-1                                                                           -1      

5-2     1.3572  0       0       0       37.093  2.7855  96.71   9.e-4	0.031	2.5517  
5-3     1.3559  0       0       0       37.056  2.3483  96.71   7.e-4	0.031	2.5509  
5-4     1.355   0       0       0       37.02   1.9105  96.71   4.e-4	0.031	2.5501  
5-5     1.3545  0       0       0       36.984  1.4733  96.71   2.e-4	0.031	2.5493  
5-6     1.3546  0       0       0       36.948  1.0367  96.71   -8e-6	0.031	2.5485  
6       1.3545  0       0       0       36.984  1.4733  96.71   8.e-6	0.031	2.5493  
6-1                                                                           1       

