
Run     SWR     Gain    F/B     F/R     R-a     X-a     Eff.    %Res.   %Stp  L       

1-0     70.814  4.74    0       0       21.788  -272.4  48.05   0    	0    	4.5524  
1       70.222  4.74    0       0       21.832  -271.5  48.06   0.468	0.1  	4.557   
1-1                                                                           1       

1-2     58.937  4.76    0       0       22.734  -253    48.18   9.392	2.136	4.6497  
1-3     48.385  4.77    0       0       23.731  -233.2  48.3    7.683	2.136	4.749   
1-4     31.144  4.8     0       0       25.865  -192.7  48.56   11.78	4.273	4.9519  
1-5     9.7508  4.87    0       0       30.782  -108.2  49.08   13.53	8.546	5.3751  
1-6     1.313   4.96    0       0       38.08   0.1308  49.73   5.529	10   	5.9126  
1-7     8.1327  5.06    0       0       47.784  122.23  50.45   -4.65	10   	6.5039  
2       8.2592  5.06    0       0       47.902  123.6   50.45   -0.08	0.1  	6.5104  
2-1                                                                           -1      

2-2     5.2897  5.03    0       0       44.916  88.242  50.25   1.825	2.5  	6.3413  
2-3     3.166   5       0       0       42.271  55.427  50.06   1.421	2.5  	6.1827  
2-4     1.7687  4.98    0       0       39.826  23.701  49.87   1.029	2.5  	6.0282  
2-5     1.3882  4.95    0       0       37.563  -7.013  49.69   0.359	2.5  	5.8775  
2-6     2.4788  4.93    0       0       35.463  -36.78  49.51   -0.85	2.5  	5.7305  
3       2.4182  4.93    0       0       35.543  -35.62  49.52   0.042	0.1  	5.7363  
3-1                                                                           1       

3-2     2.124   4.93    0       0       35.965  -29.54  49.56   0.252	0.625	5.7663  
3-3     1.8231  4.94    0       0       36.477  -22.24  49.6    0.225	0.625	5.8024  
3-4     1.5773  4.95    0       0       36.998  -14.89  49.65   0.198	0.625	5.8387  
3-5     1.3969  4.95    0       0       37.529  -7.486  49.69   0.165	0.625	5.8751  
3-6     1.3134  4.96    0       0       38.069  -0.021  49.73   0.117	0.625	5.9119  
3-7     1.362   4.96    0       0       38.62   7.502   49.78   -0.1 	0.625	5.9488  
4       1.381   4.97    0       0       38.709  8.7142  49.79   -0.02	0.1  	5.9548  
4-1                                                                           -1      

4-2     1.3378  4.96    0       0       38.481  5.6084  49.77   0.031	0.156	5.9395  
4-3     1.3212  4.96    0       0       38.342  3.7185  49.76   0.027	0.156	5.9302  
4-4     1.313   4.96    0       0       38.204  1.8323  49.74   0.023	0.156	5.921   
4-5     1.3135  4.96    0       0       38.067  -0.05   49.73   0.018	0.156	5.9117  
4-6     1.3228  4.96    0       0       37.931  -1.929  49.72   -0.02	0.156	5.9025  
5       1.3158  4.96    0       0       38.018  -0.729  49.73   0.016	0.1  	5.9084  
5-1                                                                           1       

5-2     1.3197  4.96    0       0       37.965  -1.46   49.73   6.e-3	0.039	5.9048  
5-3     1.3171  4.96    0       0       37.999  -0.991  49.73   6.e-3	0.039	5.9071  
5-4     1.315   4.96    0       0       38.033  -0.522  49.73   6.e-3	0.039	5.9094  
5-5     1.3135  4.96    0       0       38.067  -0.052  49.73   5.e-3	0.039	5.9117  
5-6     1.3125  4.96    0       0       38.101  0.4178  49.74   -3e-3	0.039	5.914   
6       1.3121  4.96    0       0       38.135  0.8878  49.74   -4e-3	0.039	5.9163  
6-1                                                                           -1      

6-2     1.3127  4.96    0       0       38.093  0.3005  49.74   1.e-3	1.e-2	5.9134  
