
Run     SWR     Gain    F/B     F/R     R-a     X-a     Eff.    %Res.   %Stp  Hr      Wr      

1-0     1.2149  15.52   8.56    8.39    52.844  9.6089  15300   0    	0    	985     259.43  
1       1.1859  15.46   8.2     8.09    52.456  8.3895  15303   -0.04	0.1  	985.99  259.43  
1       1.2098  15.51   8.5     8.34    52.78   9.398   15301   -6e-3	0.1  	985     259.69  
1-1                                                                           -1.718  -0.282  

1-2     2.396   13.3    -0.85   -0.85   20.869  -0.291  15560   -2.53	10   	815.76  252.12  
2       1.1859  15.46   8.2     8.09    52.456  8.3895  15303   -0.04	0.1  	985.99  259.43  
2       1.2098  15.51   8.5     8.34    52.78   9.398   15301   -6e-3	0.1  	985     259.69  
2-1                                                                           -1.718  -0.282  

2-2     4.1483  16.34   2.96    2.96    14.516  21.795  15641   -0.76	2    	951.15  257.97  
3       1.1859  15.46   8.2     8.09    52.456  8.3895  15303   -0.04	0.1  	985.99  259.43  
3       1.2098  15.51   8.5     8.34    52.78   9.398   15301   -6e-3	0.1  	985     259.69  
3-1                                                                           -1.718  -0.282  

3-2     1.4968  15.99   12.03   10.87   52.823  20.678  15282   0.269	0.4  	978.23  259.14  
3-3     1.9758  16.51   16.91   14.38   44.23   32.132  15286   0.211	0.4  	971.51  258.85  
3-4     2.7291  16.94   12.5    12.5    29.727  34.889  15349   -8e-3	0.4  	964.83  258.56  
4       2.6082  16.9    13.51   13.51   31.696  35.164  15335   0.027	0.1  	965.79  258.56  
4       2.7028  16.93   12.72   12.72   30.142  34.964  15346   5.e-3	0.1  	964.83  258.82  
4-1                                                                           1.7014  0.2986  

4-2     2.5186  16.86   14.28   14.28   33.253  35.242  15326   0.038	0.1  	966.47  258.63  
4-3     2.3226  16.76   15.93   15.93   36.947  34.943  15308   0.013	0.1  	968.12  258.71  
4-4     2.1438  16.64   16.97   15.56   40.622  33.934  15295   -0.01	0.1  	969.76  258.79  
5       2.0502  16.57   17.09   14.91   42.623  33.047  15290   -0.01	0.1  	970.73  258.79  
5       2.1243  16.63   17.03   15.43   41.034  33.771  15294   1.e-3	0.1  	969.76  259.05  
5-1                                                                           -1.834  0.1661  

5-2     2.3268  16.76   15.9    15.9    36.864  34.957  15308   0.011	0.1  	967.98  258.83  
5-3     2.5272  16.86   14.2    14.2    33.099  35.239  15327   -0.02	0.1  	966.21  258.87  
6       2.414   16.81   15.19   15.19   35.177  35.171  15316   0.014	0.1  	967.18  258.87  
6       2.5029  16.85   14.42   14.42   33.535  35.242  15324   4.e-3	0.1  	966.21  259.13  
6-1                                                                           1.5861  0.4139  

6-2     2.3407  16.77   15.79   15.79   36.589  35.001  15310   0.017	0.1  	967.74  258.98  
6-3     2.1695  16.66   16.88   15.74   40.078  34.13   15297   -8e-3	0.1  	969.28  259.09  
7       2.0747  16.59   17.1    15.08   42.095  33.305  15291   -0.01	0.1  	970.25  259.09  
7       2.1497  16.65   16.96   15.61   40.495  33.979  15296   1.e-3	0.1  	969.28  259.35  
7-1                                                                           -1.803  0.1969  


Run     SWR     Gain    F/B     F/R     R-a     X-a     Eff.    %Res.   %Stp  Hr      Wr      Yr      S       

8-0     2.1497  16.65   16.96   15.61   40.495  33.979  15296   0    	0    	969.28  259.35  374.3   104.56  
8       2.0562  16.58   17.11   14.96   42.491  33.11   15290   -0.01	0.1  	970.25  259.35  374.3   104.56  
8       2.1301  16.63   17.02   15.47   40.907  33.819  15295   -7e-3	0.1  	969.28  259.61  374.3   104.56  
8       2.1478  16.65   16.98   15.62   40.512  33.948  15296   1.e-3	0.1  	969.28  259.35  374.67  104.56  
8       2.1535  16.65   16.92   15.67   40.312  33.935  15296   -2e-3	0.1  	969.28  259.35  374.3   104.67  
8-1                                                                           -2.251  -1.256  0.1609  -0.332  

8-2     2.2684  13.34   -0.51   -0.51   22.171  3.4288  15535   -2.92	10   	751.1   226.77  380.32  101.09  
9       2.0562  16.58   17.11   14.96   42.491  33.11   15290   -0.01	0.1  	970.25  259.35  374.3   104.56  
9       2.1301  16.63   17.02   15.47   40.907  33.819  15295   -7e-3	0.1  	969.28  259.61  374.3   104.56  
9       2.1478  16.65   16.98   15.62   40.512  33.948  15296   1.e-3	0.1  	969.28  259.35  374.67  104.56  
9       2.1535  16.65   16.92   15.67   40.312  33.935  15296   -2e-3	0.1  	969.28  259.35  374.3   104.67  
9-1                                                                           -2.251  -1.256  0.1609  -0.332  

9-2     3.3656  13.78   -1.28   -1.28   15.242  7.6801  15698   -3.1 	2    	925.64  252.83  375.5   103.87  
10      2.0562  16.58   17.11   14.96   42.491  33.11   15290   -0.01	0.1  	970.25  259.35  374.3   104.56  
10      2.1301  16.63   17.02   15.47   40.907  33.819  15295   -7e-3	0.1  	969.28  259.61  374.3   104.56  
10      2.1478  16.65   16.98   15.62   40.512  33.948  15296   1.e-3	0.1  	969.28  259.35  374.67  104.56  
10      2.1535  16.65   16.92   15.67   40.312  33.935  15296   -2e-3	0.1  	969.28  259.35  374.3   104.67  
10-1                                                                          -2.251  -1.256  0.1609  -0.332  

10-2    3.3352  17.01   8.35    8.35    21.966  31.778  15435   -0.29	0.4  	960.55  258.04  374.54  104.43  
11      2.0745  16.59   17.1    15.08   42.099  33.302  15291   -0.01	0.08 	970.05  259.35  374.3   104.56  
11      2.134   16.64   17.02   15.5    40.825  33.851  15295   -7e-4	0.08 	969.28  259.56  374.3   104.56  
11      2.1482  16.65   16.97   15.61   40.508  33.954  15296   8.e-4	0.08 	969.28  259.35  374.59  104.56  
11      2.1528  16.65   16.93   15.66   40.349  33.944  15296   -2e-3	0.08 	969.28  259.35  374.3   104.65  
11-1                                                                          -3.275  -0.174  0.1799  -0.371  

11-2    2.4233  16.81   15.13   15.13   35.028  35.214  15317   2.e-5	0.08 	966.74  259.31  374.35  104.53  
11-3    2.7316  16.94   12.52   12.52   29.743  34.959  15349   -0.04	0.08 	964.2   259.28  374.4   104.5   
12      2.4057  16.8    15.28   15.28   35.363  35.185  15315   3.e-4	0.016	966.89  259.31  374.35  104.53  
12      2.4196  16.81   15.16   15.16   35.099  35.208  15317   2.e-3	0.016	966.74  259.35  374.35  104.53  
12      2.4229  16.81   15.13   15.13   35.032  35.209  15317   2.e-4	0.016	966.74  259.31  374.41  104.53  
12      2.424   16.81   15.11   15.11   34.998  35.197  15317   -4e-4	0.016	966.74  259.31  374.35  104.55  
12-1                                                                          0.4536  2.7455  0.2838  -0.517  

12-2    2.4046  16.8    15.29   15.29   35.389  35.191  15315   8.e-4	0.016	966.81  259.43  374.37  104.53  
12-3    2.3862  16.79   15.45   15.45   35.75   35.161  15314   7.e-4	0.016	966.88  259.54  374.38  104.52  
12-4    2.3678  16.78   15.61   15.61   36.111  35.125  15312   6.e-4	0.016	966.95  259.65  374.4   104.51  
12-5    2.3497  16.77   15.77   15.77   36.47   35.082  15311   5.e-4	0.016	967.02  259.77  374.42  104.5   
12-6    2.3318  16.76   15.91   15.91   36.83   35.032  15309   4.e-4	0.016	967.09  259.88  374.43  104.49  
12-7    2.314   16.75   16.06   16.06   37.188  34.976  15308   3.e-4	0.016	967.16  260     374.45  104.48  
12-8    2.2965  16.74   16.19   16.19   37.546  34.913  15307   3.e-4	0.016	967.23  260.11  374.47  104.47  
12-9    2.2791  16.73   16.32   16.32   37.903  34.843  15305   2.e-4	0.016	967.3   260.22  374.49  104.46  
12-10   2.2619  16.72   16.45   16.36   38.258  34.767  15304   6.e-5	0.016	967.37  260.34  374.5   104.46  
12-11   2.2448  16.7    16.55   16.24   38.612  34.684  15303   -9e-3	0.016	967.44  260.45  374.52  104.45  
13      2.2586  16.71   16.46   16.33   38.324  34.751  15304   -7e-3	3.e-3	967.4   260.34  374.5   104.46  
13      2.2612  16.72   16.45   16.36   38.272  34.764  15304   3.e-4	3.e-3	967.37  260.35  374.5   104.46  
13      2.2618  16.72   16.45   16.36   38.259  34.766  15304   3.e-5	3.e-3	967.37  260.34  374.51  104.46  
13      2.262   16.72   16.44   16.37   38.252  34.765  15304   -6e-5	3.e-3	967.37  260.34  374.5   104.46  
13-1                                                                          -3.764  0.1838  0.0185  -0.034  

13-2    2.274   16.72   16.36   16.36   38.012  34.826  15305   -6e-3	3.e-3	967.25  260.34  374.5   104.46  

Run     SWR     Gain    F/B     F/R     R-a     X-a     Eff.    %Res.   %Stp  S       

14-0    2.274   0       0       0       38.012  34.826  100     0    	0    	104.46  
14      2.2781  0       0       0       37.824  34.754  100     -2e-3	0.1  	104.56  
14-1                                                                          -1      

14-2    1.9629  0       0       0       47.959  33.594  100     0.157	10   	94.01   
14-3    2.092   0       0       0       42.353  33.891  100     -0.07	10   	84.609  
15      2.0885  0       0       0       42.427  33.854  100     2.e-3	0.1  	84.694  
15-1                                                                          1       

15-2    2.0174  0       0       0       44.147  33.142  100     0.038	2.5  	86.725  
15-3    1.9692  0       0       0       45.789  32.778  100     0.024	2.5  	88.893  
15-4    1.9487  0       0       0       47.112  32.857  100     0.01 	2.5  	91.115  
15-5    1.9563  0       0       0       47.883  33.386  100     -4e-3	2.5  	93.393  
16      1.9572  0       0       0       47.899  33.416  100     -4e-4	0.1  	93.486  
16-1                                                                          -1      

16-2    1.9517  0       0       0       47.755  33.212  100     2.e-3	0.625	92.809  
16-3    1.9489  0       0       0       47.578  33.064  100     1.e-3	0.625	92.229  
16-4    1.948   0       0       0       47.356  32.944  100     5.e-4	0.625	91.653  
16-5    1.9488  0       0       0       47.095  32.852  100     -4e-4	0.625	91.08   
17      1.9485  0       0       0       47.139  32.865  100     1.e-4	0.1  	91.171  
17-1                                                                          1       

17-2    1.9484  0       0       0       47.163  32.872  100     2.e-4	0.156	91.222  
17-3    1.9481  0       0       0       47.23   32.894  100     1.e-4	0.156	91.365  
17-4    1.948   0       0       0       47.294  32.918  100     7.e-5	0.156	91.507  
17-5    1.948   0       0       0       47.355  32.944  100     2.e-5	0.156	91.65   
17-6    1.948   0       0       0       47.414  32.971  100     -4e-5	0.156	91.794  
18      1.9481  0       0       0       47.451  32.989  100     -5e-5	0.1  	91.885  
18-1                                                                          -1      

18-2    1.948   0       0       0       47.4    32.964  100     1.e-5	0.039	91.758  
18-3    1.948   0       0       0       47.385  32.957  100     1.e-5	0.039	91.722  
18-4    1.948   0       0       0       47.37   32.95   100     8.e-6	0.039	91.686  
19      1.948   0       0       0       47.385  32.957  100     -8e-6	0.039	91.722  
19-1                                                                          -1      


Run     SWR     Gain    F/B     F/R     R-a     X-a     Eff.    %Res.   %Stp  Hr      Wr      Yr      

20-0    1.948   15.81   10.48   9.83    47.385  32.957  15366   0    	0    	967.25  260.34  374.5   
20      1.8958  15.75   10      9.49    47.418  31.574  15367   -0.05	0.1  	968.22  260.34  374.5   
20      1.9382  15.8    10.39   9.77    47.397  32.703  15366   -9e-3	0.1  	967.25  260.6   374.5   
20      1.9469  15.81   10.49   9.84    47.386  32.929  15366   0    	0.1  	967.25  260.34  374.88  
20-1                                                                          -2.571  -0.429  0       

20-2    2.8628  13.36   -0.58   -0.58   19.882  17.258  15558   -2.13	10   	718.53  249.18  374.5   
21      1.8958  15.75   10      9.49    47.418  31.574  15367   -0.05	0.1  	968.22  260.34  374.5   
21      1.9382  15.8    10.39   9.77    47.397  32.703  15366   -9e-3	0.1  	967.25  260.6   374.5   
21      1.9469  15.81   10.49   9.84    47.386  32.929  15366   0    	0.1  	967.25  260.34  374.88  
21-1                                                                          -2.571  -0.429  0       

21-2    5.1442  14.26   -0.88   -0.88   12.668  26.849  15745   -1.35	2    	917.51  258.11  374.5   
22      1.8958  15.75   10      9.49    47.418  31.574  15367   -0.05	0.1  	968.22  260.34  374.5   
22      1.9382  15.8    10.39   9.77    47.397  32.703  15366   -9e-3	0.1  	967.25  260.6   374.5   
22      1.9469  15.81   10.49   9.84    47.386  32.929  15366   0    	0.1  	967.25  260.34  374.88  
22-1                                                                          -2.571  -0.429  0       

22-2    2.929   16.57   17.24   14.78   37.923  47.571  15374   0.662	0.4  	957.3   259.89  374.5   
22-3    4.8211  17.03   9       9       20.377  46.991  15495   0.398	0.4  	947.46  259.45  374.5   
22-4    6.1621  16.39   3.1     3.1     12.996  37.956  15684   -0.55	0.4  	937.71  259     374.5   
23      6.1173  16.49   3.48    3.48    13.304  38.742  15670   0.087	0.1  	938.65  259     374.5   
23      6.1526  16.41   3.19    3.19    13.069  38.154  15680   0.017	0.1  	937.71  259.26  374.5   
23      6.1514  16.39   3.1     3.1     13.017  37.946  15684   0    	0.1  	937.71  259     374.88  
23-1                                                                          2.5     0.5     0       

23-2    4.8828  17.03   8.75    8.75    19.989  46.746  15501   0.555	0.4  	947.09  259.52  374.5   
23-3    3.0214  16.62   17.27   15.19   36.804  48.11   15378   -0.35	0.4  	956.56  260.04  374.5   
24      2.8834  16.55   17.17   14.58   38.478  47.266  15373   -0.06	0.1  	957.52  260.04  374.5   
24      2.9922  16.6    17.28   15.06   37.156  47.95   15377   -0.02	0.1  	956.56  260.3   374.5   
24      3.0189  16.62   17.29   15.2    36.82   48.082  15378   0    	0.1  	956.56  260.04  374.88  
24-1                                                                          -2.333  -0.667  0       

24-2    4.8029  17.03   9.07    9.07    20.494  47.062  15493   0.355	0.4  	947.63  259.35  374.5   
24-3    6.1269  16.47   3.41    3.41    13.241  38.588  15673   -0.48	0.4  	938.79  258.66  374.5   
25      6.068   16.57   3.81    3.81    13.596  39.399  15658   0.087	0.1  	939.73  258.66  374.5   
25      6.114   16.5    3.51    3.51    13.324  38.79   15669   0.026	0.1  	938.79  258.91  374.5   
25      6.1162  16.47   3.41    3.41    13.262  38.578  15673   0    	0.1  	938.79  258.66  374.88  
25-1                                                                          2.3077  0.6923  0       

25-2    4.8348  17.03   8.94    8.94    20.29   46.937  15496   0.485	0.4  	947.45  259.37  374.5   
25-3    3.0702  16.64   17.22   15.41   36.22   48.354  15379   -0.34	0.4  	956.2   260.09  374.5   
26      2.9291  16.57   17.24   14.78   37.921  47.571  15374   -0.06	0.1  	957.15  260.09  374.5   
26      3.0403  16.62   17.25   15.27   36.578  48.207  15378   -0.02	0.1  	956.2   260.35  374.5   
26      3.0676  16.64   17.23   15.42   36.236  48.327  15380   0    	0.1  	956.2   260.09  374.88  
26-1                                                                          -2.333  -0.667  0       

26-2    4.8666  17.03   8.82    8.82    20.09   46.811  15499   0.337	0.4  	947.27  259.4   374.5   
26-3    6.1425  16.44   3.28    3.28    13.136  38.326  15677   -0.51	0.4  	938.43  258.7   374.5   
27      6.0894  16.54   3.68    3.68    13.472  39.128  15663   0.087	0.1  	939.37  258.7   374.5   
27      6.131   16.46   3.37    3.37    13.216  38.527  15674   0.017	0.1  	938.43  258.96  374.5   
27      6.1318  16.44   3.28    3.28    13.158  38.317  15678   0    	0.1  	938.43  258.7   374.88  
27-1                                                                          2.5     0.5     0       

27-2    4.7864  17.03   9.14    9.14    20.6    47.125  15492   0.511	0.4  	947.82  259.22  374.5   
27-3    2.9467  16.58   17.25   14.86   37.708  47.683  15375   -0.39	0.4  	957.3   259.74  374.5   
28      2.8134  16.51   16.97   14.26   39.335  46.744  15370   -0.06	0.1  	958.25  259.74  374.5   
28      2.9187  16.57   17.23   14.74   38.048  47.504  15374   -9e-3	0.1  	957.3   260     374.5   
28      2.9443  16.58   17.27   14.87   37.722  47.655  15375   0    	0.1  	957.3   259.74  374.88  
28-1                                                                          -2.625  -0.375  0       

28-2    4.8803  17.03   8.76    8.76    20.004  46.756  15501   0.389	0.4  	947.24  259.35  374.5   
28-3    6.1778  16.34   2.93    2.93    12.866  37.585  15690   -0.59	0.4  	937.3   258.96  374.5   
29      6.141   16.44   3.29    3.29    13.149  38.359  15677   0.087	0.1  	938.23  258.96  374.5   
29      6.1703  16.36   3.01    3.01    12.933  37.781  15687   0.017	0.1  	937.3   259.22  374.5   
29      6.167   16.34   2.93    2.93    12.886  37.576  15690   0    	0.1  	937.3   258.96  374.88  
29-1                                                                          2.5     0.5     0       

29-2    4.9726  17.02   8.39    8.39    19.438  46.373  15510   0.589	0.4  	946.67  259.48  374.5   
29-3    3.0902  16.65   17.19   15.5    35.982  48.447  15380   -0.32	0.4  	956.14  260     374.5   
30      2.9477  16.58   17.26   14.86   37.695  47.689  15375   -0.06	0.1  	957.09  260     374.5   
30      3.06    16.63   17.23   15.36   36.342  48.305  15379   -0.02	0.1  	956.14  260.26  374.5   
30      3.0876  16.65   17.2    15.5    35.998  48.42   15380   0    	0.1  	956.14  260     374.88  
30-1                                                                          -2.333  -0.667  0       

30-2    4.894   17.03   8.71    8.71    19.919  46.7    15502   0.329	0.4  	947.21  259.31  374.5   
30-3    6.149   16.42   3.22    3.22    13.09   38.206  15680   -0.53	0.4  	938.37  258.61  374.5   
31      6.0985  16.52   3.61    3.61    13.418  39.004  15665   0.087	0.1  	939.31  258.61  374.5   
31      6.1381  16.45   3.32    3.32    13.167  38.406  15676   0.026	0.1  	938.37  258.87  374.5   
31      6.1383  16.42   3.22    3.22    13.111  38.196  15680   0    	0.1  	938.37  258.61  374.88  
31-1                                                                          2.3077  0.6923  0       

31-2    4.9255  17.03   8.58    8.58    19.724  46.57   15505   0.528	0.4  	947.03  259.33  374.5   
31-3    3.1405  16.67   17.08   15.72   35.388  48.662  15382   -0.31	0.4  	955.78  260.05  374.5   
32      2.9949  16.6    17.27   15.07   37.124  47.966  15377   -0.06	0.1  	956.73  260.05  374.5   
32      3.1095  16.66   17.16   15.58   35.753  48.532  15381   -9e-3	0.1  	955.78  260.31  374.5   
32      3.1379  16.67   17.09   15.73   35.404  48.635  15382   0    	0.1  	955.78  260.05  374.88  
32-1                                                                          -2.625  -0.375  0       

32-2    5.1234  17.01   7.81    7.81    18.551  45.706  15525   0.294	0.4  	945.74  259.66  374.5   
32-3    6.2027  16.2    2.49    2.49    12.572  36.636  15705   -0.7 	0.4  	935.81  259.27  374.5   
33      6.1858  16.3    2.82    2.82    12.794  37.371  15694   0.087	0.1  	936.75  259.27  374.5   
33      6.2     16.22   2.57    2.57    12.625  36.825  15702   0.017	0.1  	935.81  259.53  374.5   
33      6.1918  16.2    2.49    2.49    12.592  36.628  15705   0    	0.1  	935.81  259.27  374.88  
33-1                                                                          2.5     0.5     0       

33-2    5.21    17      7.48    7.48    18.061  45.298  15534   0.694	0.4  	945.17  259.79  374.5   
33-3    3.2957  16.73   16.53   16.4    33.6    49.168  15389   -0.23	0.4  	954.62  260.31  374.5   
34      3.1411  16.67   17.08   15.72   35.381  48.664  15382   -0.05	0.1  	955.57  260.31  374.5   
34      3.2624  16.72   16.68   16.26   33.977  49.078  15388   -9e-3	0.1  	954.62  260.57  374.5   
34      3.2927  16.73   16.53   16.41   33.617  49.142  15389   0    	0.1  	954.62  260.31  374.88  
34-1                                                                          -2.571  -0.429  0       

34-2    5.2657  16.99   7.26    7.26    17.752  45.026  15540   0.225	0.4  	944.8   259.86  374.5   
34-3    6.2062  16.12   2.28    2.28    12.453  36.189  15712   -0.75	0.4  	935.08  259.42  374.5   
35      5.1257  17.01   7.8     7.8     18.538  45.697  15525   0.017	0.08 	945.56  259.86  374.5   
35      5.2335  16.99   7.38    7.38    17.931  45.186  15537   0    	0.08 	944.8   260.07  374.5   
35      5.2595  16.99   7.26    7.26    17.77   45.014  15540   0    	0.08 	944.8   259.86  374.8   
35-1                                                                          3       0       0       

35-2    4.8298  17.03   8.97    8.97    20.323  46.959  15496   0.034	0.08 	947.07  259.86  374.5   
35-3    4.3657  17      10.96   10.96   23.545  48.526  15456   -0.03	0.08 	949.34  259.86  374.5   
36      4.2104  16.98   11.7    11.7    24.76   48.923  15445   -0.02	0.08 	950.1   259.86  374.5   
36      4.3309  17      11.13   11.13   23.811  48.622  15454   0    	0.08 	949.34  260.07  374.5   
36      4.3615  17      10.96   10.96   23.562  48.51   15457   0    	0.08 	949.34  259.86  374.8   
36-1                                                                          -3      0       0       

36-2    4.831   17.03   8.96    8.96    20.315  46.954  15496   0.026	0.08 	947.06  259.86  374.5   
36-3    5.2677  16.99   7.26    7.26    17.742  45.016  15540   -0.03	0.08 	944.79  259.86  374.5   

Run     SWR     Gain    F/B     F/R     R-a     X-a     Eff.    %Res.   %Stp  Hr      Wr      

38-0    5.2677  16.99   7.26    7.26    17.742  45.016  15540   0    	0    	944.79  259.86  
38      5.0918  17.01   7.93    7.93    18.733  45.851  15522   0.017	0.1  	945.74  259.86  
38      5.2273  16.99   7.4     7.4     17.965  45.216  15536   0    	0.1  	944.79  260.12  
38-1                                                                          2       0       

38-2    2.1698  13.68   0.74    0.74    25.522  14.34   15535   -2.85	10   	1133.7  259.86  
39      5.0918  17.01   7.93    7.93    18.733  45.851  15522   0.017	0.1  	945.74  259.86  
39      5.2273  16.99   7.4     7.4     17.965  45.216  15536   0    	0.1  	944.79  260.12  
39-1                                                                          2       0       

39-2    1.5648  15.01   5.74    5.74    42.139  19.175  15403   -1.71	2    	982.58  259.86  
40      5.0918  17.01   7.93    7.93    18.733  45.851  15522   0.017	0.1  	945.74  259.86  
40      5.2273  16.99   7.4     7.4     17.965  45.216  15536   0    	0.1  	944.79  260.12  
40-1                                                                          2       0       

40-2    3.7656  16.89   14.03   14.03   28.684  49.585  15415   -0.09	0.4  	952.35  259.86  
41      5.1277  17.01   7.79    7.79    18.526  45.687  15525   0.017	0.08 	945.55  259.86  
41      5.2354  16.99   7.37    7.37    17.92   45.176  15537   0    	0.08 	944.79  260.07  
41-1                                                                          2       0       

41-2    4.9821  17.02   8.36    8.36    19.382  46.334  15511   0.026	0.08 	946.3   259.86  
41-3    4.6785  17.03   9.59    9.59    21.311  47.527  15482   9.e-3	0.08 	947.82  259.86  
41-4    4.3675  17      10.95   10.95   23.531  48.521  15456   -0.03	0.08 	949.33  259.86  
42      4.6475  17.02   9.71    9.71    21.521  47.637  15480   -9e-3	0.016	947.97  259.86  
42      4.6715  17.02   9.61    9.61    21.358  47.552  15482   -9e-3	0.016	947.82  259.9   
42-1                                                                          -1      -1      

42-2    4.688   17.03   9.55    9.55    21.248  47.493  15483   0    	4.e-3	947.78  259.85  

Run     SWR     Gain    F/B     F/R     R-a     X-a     Eff.    %Res.   %Stp  S       

43-0    4.688   0       0       0       21.248  47.493  100     0    	0    	91.722  
43      4.6931  0       0       0       21.144  47.326  100     -3e-3	0.1  	91.814  
43-1                                                                          -1      

43-2    3.887   0       0       0       33.371  57.456  100     0.41 	10   	82.55   
43-3    3.4813  0       0       0       37.548  56.261  100     0.207	10   	74.295  
43-4    3.7733  0       0       0       33.516  56.072  100     -0.15	10   	66.865  
44      3.7678  0       0       0       33.567  56.058  100     3.e-3	0.1  	66.932  
44-1                                                                          1       

44-2    3.651   0       0       0       34.761  55.797  100     0.062	2.5  	68.537  
44-3    3.5595  0       0       0       35.891  55.71   100     0.047	2.5  	70.25   
44-4    3.5017  0       0       0       36.822  55.829  100     0.029	2.5  	72.007  
44-5    3.4805  0       0       0       37.448  56.147  100     0.011	2.5  	73.807  
44-6    3.4984  0       0       0       37.645  56.619  100     -9e-3	2.5  	75.652  
45      3.5     0       0       0       37.642  56.64   100     -8e-4	0.1  	75.728  
45-1                                                                          -1      

45-2    3.49    0       0       0       37.643  56.489  100     4.e-3	0.625	75.179  
45-3    3.4842  0       0       0       37.607  56.365  100     3.e-3	0.625	74.709  
45-4    3.4811  0       0       0       37.539  56.248  100     2.e-3	0.625	74.242  
45-5    3.4805  0       0       0       37.441  56.14   100     3.e-4	0.625	73.778  
45-6    3.4824  0       0       0       37.316  56.043  100     -1e-3	0.625	73.317  
46      3.4804  0       0       0       37.459  56.157  100     4.e-5	0.1  	73.852  
46-1                                                                          1       

46-2    3.4805  0       0       0       37.447  56.146  100     2.e-5	0.031	73.801  
46-3    3.4804  0       0       0       37.452  56.151  100     9.e-6	0.031	73.824  
47      3.4804  0       0       0       37.458  56.156  100     9.e-6	0.031	73.847  
47-1                                                                          1       


Run     SWR     Gain    F/B     F/R     R-a     X-a     Eff.    %Res.   %Stp  S       Wr      

48-0    3.4804  15.98   11.61   10.59   37.458  56.156  15476   0    	0    	73.847  259.85  
48      3.4804  15.98   11.65   10.61   37.475  56.173  15475   9.e-6	0.1  	73.921  259.85  
48      3.4624  15.96   11.5    10.51   37.513  55.936  15476   -8e-3	0.1  	73.847  260.11  
48-1                                                                          2.2e-3  -1.998  

48-2    8.7017  13.89   -1.24   -1.24   10.901  46.76   15760   -4.47	10   	73.863  207.94  
49      3.4804  15.98   11.65   10.61   37.475  56.173  15475   9.e-6	0.1  	73.921  259.85  
49      3.4624  15.96   11.5    10.51   37.513  55.936  15476   -8e-3	0.1  	73.847  260.11  
49-1                                                                          2.2e-3  -1.998  

49-2    4.7542  16.58   17.12   14.42   30.833  64.829  15488   -0.13	2    	73.851  249.47  
50      3.4804  15.98   11.65   10.61   37.475  56.173  15475   9.e-6	0.1  	73.921  259.85  
50      3.4624  15.96   11.5    10.51   37.513  55.936  15476   -8e-3	0.1  	73.847  260.11  
50-1                                                                          2.2e-3  -1.998  

50-2    3.6426  16.09   12.58   11.19   36.855  57.965  15475   0.013	0.4  	73.848  257.77  
50-3    3.8408  16.2    13.67   11.85   35.934  59.81   15476   -5e-3	0.4  	73.849  255.71  
51      3.8437  16.21   13.74   11.89   35.918  59.833  15476   7.e-3	0.1  	73.923  255.71  
51      3.8139  16.19   13.53   11.77   36.068  59.581  15476   5.e-3	0.1  	73.849  255.97  
51-1                                                                          1.1773  0.8227  

51-2    3.7661  16.18   13.48   11.74   36.303  59.161  15474   0.021	0.4  	74.196  256.56  
51-3    3.6937  16.16   13.29   11.62   36.662  58.507  15472   0.02 	0.4  	74.546  257.4   
51-4    3.6234  16.14   13.1    11.51   37.012  57.848  15469   0.018	0.4  	74.897  258.25  
51-5    3.5552  16.12   12.92   11.4    37.353  57.184  15467   0.017	0.4  	75.25   259.1   
51-6    3.489   16.1    12.74   11.29   37.685  56.516  15465   0.016	0.4  	75.604  259.95  
51-7    3.4247  16.08   12.57   11.19   38.008  55.845  15463   0.015	0.4  	75.96   260.8   
51-8    3.3622  16.06   12.41   11.09   38.323  55.169  15460   0.014	0.4  	76.318  261.66  
51-9    3.3013  16.04   12.24   10.99   38.629  54.491  15458   0.014	0.4  	76.677  262.52  
51-10   3.2422  16.02   12.09   10.89   38.928  53.81   15456   0.013	0.4  	77.038  263.39  
51-11   3.1845  16      11.93   10.79   39.219  53.126  15454   0.012	0.4  	77.401  264.25  
51-12   3.1284  15.98   11.78   10.7    39.503  52.439  15452   0.011	0.4  	77.765  265.12  

Run     SWR     Gain    F/B     F/R     R-a     X-a     Eff.    %Res.   %Stp  S       Yr      

52-0    3.5668  16.26   14.46   12.32   37.201  57.202  15453   0    	0    	77.765  374.5   
52      3.5703  16.26   14.51   12.36   37.17   57.221  15453   -2e-3	0.1  	77.843  374.5   
52      3.5646  16.26   14.48   12.33   37.209  57.177  15453   1.e-3	0.1  	77.765  374.88  
52-1                                                                          -1.222  0.7782  

52-2    3.5655  15.63   9.44    8.98    34.55   54.315  15506   -0.55	10   	68.264  403.65  
53      3.5703  16.26   14.51   12.36   37.17   57.221  15453   -2e-3	0.1  	77.843  374.5   
53      3.5646  16.26   14.48   12.33   37.209  57.177  15453   1.e-3	0.1  	77.765  374.88  
53-1                                                                          -1.222  0.7782  

53-2    3.4723  16.13   13.25   11.54   37.729  56.304  15463   -0.06	2    	75.865  380.33  
54      3.5703  16.26   14.51   12.36   37.17   57.221  15453   -2e-3	0.1  	77.843  374.5   
54      3.5646  16.26   14.48   12.33   37.209  57.177  15453   1.e-3	0.1  	77.765  374.88  
54-1                                                                          -1.222  0.7782  

54-2    3.5442  16.23   14.21   12.16   37.362  57.026  15455   -0.01	0.4  	77.385  375.67  
55      3.5696  16.26   14.5    12.35   37.176  57.217  15453   -1e-3	0.08 	77.828  374.5   
55      3.5651  16.26   14.47   12.33   37.207  57.182  15453   9.e-4	0.08 	77.765  374.8   
55-1                                                                          -1.22   0.7798  

55-2    3.5621  16.25   14.4    12.29   37.235  57.167  15453   -6e-3	0.08 	77.69   374.74  

Run     SWR     Gain    F/B     F/R     R-a     X-a     Eff.    %Res.   %Stp  S       Hr      

56-0    3.5635  16.25   14.39   12.28   37.23   57.182  15453   0    	0    	77.69   947.78  
56      3.5669  16.26   14.46   12.32   37.2    57.202  15453   7.e-3	0.1  	77.767  947.78  
56      3.4325  16.18   13.63   11.83   38.014  55.972  15452   6.e-3	0.1  	77.69   948.73  
56-1                                                                          1.0779  0.9221  

56-2    2.2783  14.01   1.79    1.79    27.568  22.033  15514   -1.29	10   	86.064  1035.2  
57      3.5669  16.26   14.46   12.32   37.2    57.202  15453   7.e-3	0.1  	77.767  947.78  
57      3.4325  16.18   13.63   11.83   38.014  55.972  15452   6.e-3	0.1  	77.69   948.73  
57-1                                                                          1.0779  0.9221  

57-2    2.4178  15.25   6.81    6.81    38.581  38.386  15458   -0.28	2    	79.364  965.26  
58      3.5669  16.26   14.46   12.32   37.2    57.202  15453   7.e-3	0.1  	77.767  947.78  
58      3.4325  16.18   13.63   11.83   38.014  55.972  15452   6.e-3	0.1  	77.69   948.73  
58-1                                                                          1.0779  0.9221  

58-2    3.1442  16.02   12.04   10.86   39.497  52.701  15449   0.014	0.4  	78.024  951.27  
58-3    2.8479  15.8    10.21   9.64    40.398  48.267  15448   -0.04	0.4  	78.361  954.78  
59      3.1448  16.02   12.08   10.88   39.504  52.717  15449   -3e-4	0.08 	78.087  951.27  
59      3.0703  15.96   11.55   10.55   39.783  51.696  15449   -0.01	0.08 	78.024  952.03  
59-1                                                                          -0.042  -1.958  

59-2    3.1828  16.05   12.3    11.02   39.327  53.195  15449   6.e-3	0.02 	78.024  950.9   
59-3    3.2231  16.07   12.55   11.17   39.138  53.691  15449   -3e-3	0.02 	78.023  950.53  
60      3.2234  16.07   12.55   11.18   39.138  53.695  15449   -1e-4	0.02 	78.039  950.53  
60      3.2023  16.06   12.42   11.09   39.237  53.438  15449   2.e-3	0.02 	78.023  950.72  
60-1                                                                          -0.138  1.8623  

60-2    3.1847  16.05   12.31   11.03   39.318  53.219  15449   2.e-3	0.02 	78.021  950.88  
60-3    3.1479  16.02   12.06   10.87   39.48   52.748  15449   -7e-3	0.02 	78.019  951.24  
61      3.1847  16.05   12.31   11.03   39.319  53.22   15449   -2e-5	4.e-3	78.024  950.88  
61      3.1807  16.04   12.27   11      39.337  53.168  15449   -7e-3	4.e-3	78.021  950.92  
61-1                                                                          -7.e-3  -1.993  

61-2    3.1928  16.05   12.35   11.05   39.281  53.32   15449   -4e-3	4.e-3	78.021  950.81  

Run     SWR     Gain    F/B     F/R     R-a     X-a     Eff.    %Res.   %Stp  S       Hr      Wr      

62-0    3.1928  16.05   12.35   11.05   39.281  53.32   15449   0    	0    	78.021  950.81  259.85  
62      3.1939  16.06   12.41   11.09   39.285  53.342  15448   8.e-3	0.1  	78.099  950.81  259.85  
62      3.0964  15.98   11.72   10.66   39.687  52.059  15449   -0.01	0.1  	78.021  951.76  259.85  
62      3.1737  16.04   12.23   10.98   39.368  53.079  15449   1.e-3	0.1  	78.021  950.81  260.11  
62-1                                                                          1.159   -1.694  0.1466  

62-2    3.6529  13.35   -0.9    -0.9    17.43   24.865  15604   -2.58	10   	87.064  789.71  263.66  
63      3.1939  16.06   12.41   11.09   39.285  53.342  15448   8.e-3	0.1  	78.099  950.81  259.85  
63      3.0964  15.98   11.72   10.66   39.687  52.059  15449   -0.01	0.1  	78.021  951.76  259.85  
63      3.1737  16.04   12.23   10.98   39.368  53.079  15449   1.e-3	0.1  	78.021  950.81  260.11  
63-1                                                                          1.159   -1.694  0.1466  

63-2    9.1972  15.71   1.3     1.3     10.503  47.713  15766   -3.35	2    	79.83   918.59  260.61  
64      3.1939  16.06   12.41   11.09   39.285  53.342  15448   8.e-3	0.1  	78.099  950.81  259.85  
64      3.0964  15.98   11.72   10.66   39.687  52.059  15449   -0.01	0.1  	78.021  951.76  259.85  
64      3.1737  16.04   12.23   10.98   39.368  53.079  15449   1.e-3	0.1  	78.021  950.81  260.11  
64-1                                                                          1.159   -1.694  0.1466  

64-2    4.1921  16.55   17.24   14.48   32.833  60.791  15461   -0.07	0.4  	78.383  944.36  260     
65      3.1937  16.06   12.4    11.08   39.284  53.337  15449   8.e-3	0.08 	78.083  950.81  259.85  
65      3.1148  16      11.85   10.74   39.616  52.31   15449   -4e-3	0.08 	78.021  951.57  259.85  
65      3.1775  16.04   12.25   10.99   39.351  53.127  15449   -9e-4	0.08 	78.021  950.81  260.06  
65-1                                                                          1.9038  -0.889  -0.207  

65-2    3.2742  16.11   12.93   11.41   38.887  54.294  15448   0.011	0.08 	78.14   950.13  259.81  
65-3    3.364   16.17   13.55   11.78   38.389  55.263  15448   6.e-3	0.08 	78.259  949.46  259.76  
65-4    3.4627  16.24   14.21   12.18   37.785  56.212  15448   0.011	0.08 	78.378  948.78  259.72  
65-5    3.5708  16.3    14.89   12.59   37.072  57.128  15449   -3e-3	0.08 	78.497  948.11  259.68  
66      3.574   16.3    14.94   12.62   37.041  57.143  15449   -2e-3	0.08 	78.56   948.11  259.68  
66      3.4602  16.24   14.26   12.21   37.788  56.177  15448   4.e-3	0.08 	78.497  948.86  259.68  
66      3.5483  16.29   14.77   12.51   37.22   56.943  15449   3.e-3	0.08 	78.497  948.11  259.89  
66-1                                                                          -0.551  1.4802  0.9688  

66-2    3.5231  16.27   14.61   12.42   37.386  56.733  15449   -2e-3	0.02 	78.489  948.39  259.73  

Run     SWR     Gain    F/B     F/R     R-a     X-a     Eff.    %Res.   %Stp  S       Hr      Wr      

67-0    3.5231  16.27   14.61   12.42   37.386  56.733  15449   0    	0    	78.489  948.39  259.73  
67      3.5268  16.28   14.68   12.46   37.351  56.753  15448   -1e-3	0.1  	78.567  948.39  259.73  
67      3.3908  16.2    13.85   11.96   38.219  55.52   15447   0.061	0.1  	78.489  949.33  259.73  
67      3.496   16.26   14.47   12.33   37.561  56.498  15448   0.013	0.1  	78.489  948.39  259.99  
67-1                                                                          -0.039  2.4454  0.5154  

67-2    3.5246  13.65   0.53    0.53    21.266  33.124  15593   -0.23	10   	78.182  1180.3  273.12  
68      3.5268  16.28   14.68   12.46   37.351  56.753  15448   -1e-3	0.1  	78.567  948.39  259.73  
68      3.3908  16.2    13.85   11.96   38.219  55.52   15447   0.061	0.1  	78.489  949.33  259.73  
68      3.496   16.26   14.47   12.33   37.561  56.498  15448   0.013	0.1  	78.489  948.39  259.99  
68-1                                                                          -0.039  2.4454  0.5154  

68-2    2.691   14.36   2.97    2.97    28.801  32.876  15516   0.258	2    	78.427  994.77  262.41  
68-3    3.1101  13.93   1.46    1.46    24.134  32.536  15555   -0.25	2    	78.366  1043.4  265.11  
69      3.1007  13.93   1.46    1.46    24.163  32.433  15555   5.e-3	0.1  	78.444  1043.4  265.11  
69      3.1162  13.92   1.44    1.44    24.083  32.538  15555   -4e-3	0.1  	78.366  1044.5  265.11  
69      3.1103  13.93   1.46    1.46    24.133  32.536  15555   -9e-5	0.1  	78.366  1043.4  265.38  
69-1                                                                          1.6253  -1.343  -0.032  

69-2    2.9923  13.97   1.6     1.6     24.747  31.68   15548   0.063	0.5  	79.003  1036.4  265.07  
69-3    2.8733  14.01   1.75    1.75    25.436  30.821  15541   0.064	0.5  	79.645  1029.5  265.03  
69-4    2.7529  14.06   1.93    1.93    26.222  29.967  15533   0.066	0.5  	80.292  1022.5  264.98  
69-5    2.6309  14.13   2.16    2.16    27.131  29.129  15525   0.068	0.5  	80.945  1015.7  264.94  
69-6    2.5075  14.2    2.42    2.42    28.197  28.326  15515   0.069	0.5  	81.602  1008.9  264.9   
69-7    2.3832  14.29   2.74    2.74    29.469  27.593  15504   0.071	0.5  	82.265  1002.1  264.86  
69-8    2.2597  14.4    3.15    3.15    31.011  26.988  15492   0.072	0.5  	82.934  995.36  264.82  
69-9    2.1409  14.54   3.68    3.68    32.914  26.62   15478   0.072	0.5  	83.608  988.68  264.77  
69-10   2.0356  14.71   4.38    4.38    35.282  26.698  15462   0.068	0.5  	84.287  982.04  264.73  
69-11   1.9629  14.94   5.35    5.35    38.202  27.622  15444   0.057	0.5  	84.972  975.44  264.69  
69-12   1.9625  15.23   6.77    6.77    41.553  30.156  15424   0.026	0.5  	85.663  968.89  264.65  
69-13   2.1075  15.61   8.99    8.74    44.387  35.499  15405   -0.04	0.5  	86.359  962.39  264.61  
70      2.1056  15.61   9.02    8.76    44.448  35.486  15404   1.e-3	0.1  	86.445  962.39  264.61  
70      2.0701  15.55   8.62    8.44    44.167  34.461  15407   0.014	0.1  	86.359  963.35  264.61  
70      2.1006  15.59   8.91    8.67    44.35   35.31   15405   2.e-3	0.1  	86.359  962.39  264.87  
70-1                                                                          0.1807  2.4982  0.321   

70-2    1.8713  15.02   5.74    5.74    39.794  26.516  15431   0.068	0.5  	86.437  974.41  265.03  
70-3    1.8995  14.64   4.1     4.1     35.338  23.187  15456   -0.05	0.5  	86.515  986.58  265.46  
71      1.8932  14.64   4.11    4.11    35.398  23.079  15456   3.e-3	0.1  	86.602  986.58  265.46  
71      1.9061  14.61   4       4       35.044  23.045  15458   -6e-3	0.1  	86.515  987.57  265.46  
71      1.9004  14.63   4.08    4.08    35.299  23.169  15456   -1e-3	0.1  	86.515  986.58  265.72  
71-1                                                                          0.9057  -1.713  -0.382  

71-2    1.8368  14.9    5.21    5.21    38.685  24.684  15436   0.055	0.5  	86.907  978.13  264.95  
71-3    1.8735  15.27   6.99    6.99    42.713  28.578  15413   0.014	0.5  	87.301  969.76  264.44  
71-4    2.1531  15.77   10.17   9.61    45.342  37.126  15392   -0.1 	0.5  	87.696  961.45  263.94  
72      1.8697  15.27   7.01    7.01    42.792  28.522  15412   2.e-3	0.1  	87.388  969.76  264.44  
72      1.8587  15.22   6.75    6.75    42.299  27.923  15415   3.e-3	0.1  	87.301  970.73  264.44  
72      1.871   15.26   6.95    6.95    42.645  28.468  15413   4.e-4	0.1  	87.301  969.76  264.71  
72-1                                                                          1.0701  1.7072  0.2227  

72-2    1.8448  15.19   6.6     6.6     42.071  27.402  15416   8.e-3	0.1  	87.394  971.41  264.5   
72-3    1.8223  15.12   6.25    6.25    41.415  26.355  15420   5.e-3	0.1  	87.488  973.07  264.56  
72-4    1.8051  15.06   5.94    5.94    40.758  25.423  15423   3.e-3	0.1  	87.581  974.73  264.62  
72-5    1.7924  15      5.65    5.65    40.111  24.592  15426   1.e-3	0.1  	87.675  976.4   264.68  
72-6    1.7836  14.94   5.38    5.38    39.479  23.85   15429   -8e-4	0.1  	87.769  978.06  264.74  
73      1.7783  14.94   5.39    5.39    39.553  23.76   15428   3.e-3	0.1  	87.856  978.06  264.74  
73      1.7832  14.9    5.22    5.22    39.081  23.515  15431   -3e-3	0.1  	87.769  979.04  264.74  
73      1.7835  14.93   5.35    5.35    39.419  23.8    15429   -9e-4	0.1  	87.769  978.06  265     
73-1                                                                          1.1595  -1.466  -0.374  

73-2    1.7805  14.99   5.63    5.63    40.19   24.317  15425   6.e-3	0.1  	87.87   976.63  264.64  
73-3    1.7813  15.06   5.93    5.93    40.921  24.874  15421   6.e-3	0.1  	87.972  975.2   264.54  
73-4    1.7866  15.12   6.24    6.24    41.666  25.535  15416   3.e-3	0.1  	88.074  973.77  264.44  
73-5    1.7972  15.19   6.59    6.59    42.414  26.313  15412   8.e-4	0.1  	88.176  972.34  264.34  
73-6    1.8139  15.26   6.97    6.97    43.154  27.224  15408   -2e-3	0.1  	88.279  970.91  264.24  
74      1.7964  15.19   6.59    6.59    42.43   26.3    15412   4.e-4	0.02 	88.194  972.34  264.34  
74      1.7948  15.18   6.55    6.55    42.329  26.194  15413   3.e-4	0.02 	88.176  972.53  264.34  
74      1.7968  15.19   6.59    6.59    42.4    26.294  15412   2.e-4	0.02 	88.176  972.34  264.39  
74-1                                                                          1.3648  1.0261  0.6091  

74-2    1.7934  15.18   6.55    6.55    42.34   26.161  15412   1.e-3	0.02 	88.201  972.54  264.37  
74-3    1.7897  15.17   6.5     6.5     42.265  26.011  15413   1.e-3	0.02 	88.225  972.74  264.41  
74-4    1.7862  15.16   6.46    6.46    42.19   25.863  15413   9.e-4	0.02 	88.249  972.94  264.44  
74-5    1.7827  15.16   6.42    6.42    42.115  25.717  15413   2.e-3	0.02 	88.273  973.14  264.47  
74-6    1.7792  15.15   6.38    6.38    42.04   25.573  15414   8.e-4	0.02 	88.297  973.34  264.5   
74-7    1.7759  15.14   6.33    6.33    41.964  25.431  15414   8.e-4	0.02 	88.321  973.54  264.54  
74-8    1.7726  15.13   6.29    6.29    41.889  25.29   15414   8.e-4	0.02 	88.345  973.74  264.57  
74-9    1.7695  15.12   6.25    6.25    41.814  25.151  15415   7.e-4	0.02 	88.369  973.94  264.6   
74-10   1.7664  15.11   6.21    6.21    41.739  25.014  15415   7.e-4	0.02 	88.393  974.14  264.63  
74-11   1.7634  15.11   6.18    6.18    41.663  24.878  15415   2.e-3	0.02 	88.417  974.34  264.66  
74-12   1.7604  15.1    6.13    6.13    41.588  24.744  15416   6.e-4	0.02 	88.442  974.54  264.7   
74-13   1.7576  15.09   6.09    6.09    41.513  24.612  15416   6.e-4	0.02 	88.466  974.74  264.73  
74-14   1.7548  15.08   6.05    6.05    41.438  24.481  15416   5.e-4	0.02 	88.49   974.94  264.76  
