
Run     SWR     Gain    F/B     F/R     R-a     X-a     Eff.    %Res.   %Stp  Leg     

1-0     1.6196  0       0       0       47.267  23.511  96.91   0    	0    	3.5     
1       1.6652  0       0       0       47.427  24.969  96.91   -0.02	0.1  	3.5035  
1-1                                                                           -1      

1-2     10.689  0       0       0       33.82   -120.8  96.51   -4.57	10   	3.15    
2       1.6652  0       0       0       47.427  24.969  96.91   -0.02	0.1  	3.5035  
2-1                                                                           -1      

2-2     1.1861  0       0       0       44.188  -5.546  96.84   0.218	2    	3.43    
2-3     2.1184  0       0       0       41.376  -33.87  96.76   -0.47	2    	3.3614  
3       2.057   0       0       0       41.509  -32.48  96.76   0.031	0.1  	3.3648  
3-1                                                                           1       

3-2     1.8284  0       0       0       42.047  -26.94  96.78   0.147	0.5  	3.3782  
3-3     1.5775  0       0       0       42.733  -19.97  96.8    0.127	0.5  	3.3951  
3-4     1.3641  0       0       0       43.434  -12.96  96.82   0.108	0.5  	3.4121  
3-5     1.1932  0       0       0       44.151  -5.905  96.83   0.086	0.5  	3.4291  
3-6     1.1172  0       0       0       44.884  1.1954  96.85   0.038	0.5  	3.4463  
3-7     1.2175  0       0       0       45.634  8.341   96.87   -0.05	0.5  	3.4635  
4       1.2487  0       0       0       45.786  9.7784  96.87   -0.02	0.1  	3.467   
4-1                                                                           -1      

4-2     1.1819  0       0       0       45.444  6.5447  96.87   0.018	0.125	3.4592  
4-3     1.1515  0       0       0       45.256  4.7513  96.86   0.015	0.125	3.4549  
4-4     1.1287  0       0       0       45.068  2.9606  96.86   0.011	0.125	3.4505  
4-5     1.1172  0       0       0       44.882  1.1731  96.85   6.e-3	0.125	3.4462  
4-6     1.1195  0       0       0       44.696  -0.612  96.85   -1e-3	0.125	3.4419  
5       1.1165  0       0       0       44.845  0.8142  96.85   2.e-3	0.1  	3.4454  
5-1                                                                           1       

5-2     1.1176  0       0       0       44.743  -0.166  96.85   1.e-3	0.031	3.443   
5-3     1.1165  0       0       0       44.789  0.2797  96.85   5.e-4	0.031	3.4441  
5-4     1.1164  0       0       0       44.835  0.7255  96.85   7.e-5	0.031	3.4451  
5-5     1.1172  0       0       0       44.882  1.1714  96.85   -4e-4	0.031	3.4462  
6       1.1165  0       0       0       44.845  0.8146  96.85   -4e-5	6.e-3	3.4454  
6-1                                                                           -1      

6-2     1.1164  0       0       0       44.833  0.7032  96.85   6.e-6	2.e-3	3.4451  
