
Run     SWR     Gain    F/B     F/R     R-a     X-a     Eff.    %Res.   %Stp  Wm      Pm      

1-0     398.62  0       0       0       26.924  730.34  56.43   0    	0    	1.7467  0.2     
1       400.74  0       0       0       27.012  733.5   56.37   -0.03	0.1  	1.7485  0.2     
1       399.11  0       0       0       26.935  730.94  56.42   -7e-3	0.1  	1.7467  0.2002  
1-1                                                                           -1.679  -0.321  

1-2     109.72  0       0       0       17.36   304.05  65.14   4.5e5	10   	1.4535  0.1936  
1-3     6.8807  0       0       0       13.512  45.433  70.78   116.6	10   	1.2095  0.1874  
1-4     42.473  0       0       0       11.406  -147    74.71   -19.4	10   	1.0065  0.1813  
2       41.974  0       0       0       11.415  -146.1  74.69   0.326	0.1  	1.0075  0.1813  
2       42.38   0       0       0       11.405  -146.8  74.7    0.061	0.1  	1.0065  0.1815  
2-1                                                                           1.6837  0.3163  

2-2     23.994  0       0       0       11.794  -107.4  73.94   12.13	2.5  	1.0489  0.1828  
2-3     11.352  0       0       0       12.223  -65.9   73.1    7.601	2.5  	1.093   0.1842  
2-4     4.7572  0       0       0       12.703  -22.22  72.2    3.935	2.5  	1.139   0.1857  
2-5     4.6962  0       0       0       13.242  23.978  71.23   0.014	2.5  	1.187   0.1871  
2-6     11.514  0       0       0       13.854  73.102  70.18   -3.98	2.5  	1.2369  0.1886  
3       4.7773  0       0       0       13.256  25.088  71.21   -0.05	0.1  	1.1881  0.1871  
3       4.7142  0       0       0       13.242  24.213  71.23   -0.01	0.1  	1.187   0.1873  
3-1                                                                           -1.639  -0.361  

3-2     4.5341  0       0       0       13.213  21.602  71.28   0.107	0.125	1.1845  0.187   
3-3     4.389   0       0       0       13.185  19.231  71.33   0.098	0.125	1.1821  0.187   
3-4     4.2613  0       0       0       13.157  16.87   71.38   0.089	0.125	1.1797  0.1869  
3-5     4.1508  0       0       0       13.129  14.513  71.43   0.08 	0.125	1.1773  0.1868  
3-6     4.0579  0       0       0       13.102  12.166  71.48   0.071	0.125	1.1748  0.1867  
3-7     3.9824  0       0       0       13.074  9.8244  71.53   0.062	0.125	1.1724  0.1866  
3-8     3.9245  0       0       0       13.047  7.4889  71.58   0.053	0.125	1.17    0.1865  
3-9     3.8843  0       0       0       13.02   5.1623  71.63   0.044	0.125	1.1676  0.1865  
3-10    3.8617  0       0       0       12.992  2.842   71.68   0.035	0.125	1.1652  0.1864  
3-11    3.8568  0       0       0       12.966  0.528   71.73   0.026	0.125	1.1629  0.1863  
3-12    3.8696  0       0       0       12.939  -1.779  71.78   -0.02	0.125	1.1605  0.1862  
4       3.8612  0       0       0       12.952  -0.704  71.75   0.015	0.1  	1.1616  0.1862  
4       3.8684  0       0       0       12.939  -1.551  71.77   3.e-3	0.1  	1.1605  0.1864  
4-1                                                                           1.6804  0.3196  

4-2     3.8646  0       0       0       12.946  -1.193  71.76   8.e-3	0.031	1.1611  0.1862  
4-3     3.8609  0       0       0       12.953  -0.605  71.75   8.e-3	0.031	1.1617  0.1862  
4-4     3.8582  0       0       0       12.959  -0.018  71.74   7.e-3	0.031	1.1623  0.1863  
4-5     3.8567  0       0       0       12.966  0.5694  71.73   -5e-3	0.031	1.1629  0.1863  
5       3.8563  0       0       0       12.97   0.906   71.72   -3e-3	0.031	1.1633  0.1863  
5       3.8569  0       0       0       12.966  0.6405  71.73   -8e-4	0.031	1.1629  0.1863  
5-1                                                                           -1.597  -0.403  

5-2     3.857   0       0       0       12.965  0.4284  71.73   1.e-3	8.e-3	1.1628  0.1863  

Run     SWR     Gain    F/B     F/R     R-a     X-a     Eff.    %Res.   %Stp  Pm      

6-0     363.62  0       0       0       26.181  687.62  56.75   0    	0    	0.1863  
6       364.11  0       0       0       26.192  688.22  56.74   -6e-3	0.1  	0.1865  
6-1                                                                           -1      

6-2     313.53  0       0       0       25.142  625.3   57.27   0.669	10   	0.1676  
6-3     265.96  0       0       0       24.159  564.07  57.84   0.653	10   	0.1509  
6-4     221.3   0       0       0       23.22   503.88  58.44   0.638	10   	0.1358  
6-5     179.9   0       0       0       22.32   444.72  59.06   1.e5 	10   	0.1222  
6-6     142.11  0       0       0       21.453  386.63  59.71   188.4	10   	0.11    
6-7     108.27  0       0       0       20.619  329.7   60.37   59.03	10   	0.099   
6-8     78.716  0       0       0       19.817  274.07  61.05   32.79	10   	0.0891  
6-9     53.732  0       0       0       19.047  219.83  61.74   21.15	10   	0.0802  
6-10    33.663  0       0       0       18.318  167.4   62.44   14.25	10   	0.0722  
6-11    18.606  0       0       0       17.624  116.76  63.14   9.566	10   	0.065   
6-12    8.6489  0       0       0       16.971  68.183  63.83   5.98 	10   	0.0585  
6-13    3.6975  0       0       0       16.359  21.863  64.53   3.054	10   	0.0526  
6-14    3.8382  0       0       0       15.79   -22.06  65.22   -0.07	10   	0.0473  
7       3.8131  0       0       0       15.796  -21.66  65.21   0.017	0.1  	0.0474  
7-1                                                                           1       

7-2     3.3406  0       0       0       15.92   -11.99  65.06   0.355	2.5  	0.0485  
7-3     3.1194  0       0       0       16.052  -1.78   64.9    0.215	2.5  	0.0497  
7-4     3.1899  0       0       0       16.186  8.5595  64.73   -0.1 	2.5  	0.051   
8       3.199   0       0       0       16.191  8.9811  64.73   -9e-3	0.1  	0.051   
8-1                                                                           -1      

8-2     3.1442  0       0       0       16.151  5.9258  64.78   0.05 	0.625	0.0507  
8-3     3.1173  0       0       0       16.117  3.2926  64.82   0.04 	0.625	0.0504  
8-4     3.1094  0       0       0       16.083  0.6682  64.86   0.03 	0.625	0.05    
8-5     3.1206  0       0       0       16.05   -1.939  64.9    -0.02	0.625	0.0497  
9       3.1176  0       0       0       16.055  -1.529  64.89   6.e-3	0.1  	0.0498  
9-1                                                                           1       

9-2     3.1161  0       0       0       16.058  -1.295  64.89   9.e-3	0.156	0.0498  
9-3     3.1127  0       0       0       16.066  -0.643  64.88   8.e-3	0.156	0.0499  
9-4     3.1105  0       0       0       16.075  8.8e-3  64.87   7.e-3	0.156	0.05    
9-5     3.1095  0       0       0       16.083  0.6598  64.86   -6e-3	0.156	0.05    
10      3.1094  0       0       0       16.089  1.0769  64.85   -4e-3	0.1  	0.0501  
10-1                                                                          -1      

10-2    3.1096  0       0       0       16.081  0.4929  64.86   2.e-3	0.039	0.05    
10-3    3.1098  0       0       0       16.079  0.3344  64.86   1.e-3	0.039	0.05    
10-4    3.1101  0       0       0       16.077  0.1674  64.86   2.e-3	0.039	0.05    
10-5    3.1105  0       0       0       16.075  8.8e-3  64.87   1.e-3	0.039	0.05    
10-6    3.1109  0       0       0       16.073  -0.158  64.87   -2e-3	0.039	0.0499  
11      3.1105  0       0       0       16.075  8.8e-3  64.87   2.e-3	0.039	0.05    
11-1                                                                          1       

11-2    3.1108  0       0       0       16.073  -0.116  64.87   5.e-4	1.e-2	0.0499  

Run     SWR     Gain    F/B     F/R     R-a     X-a     Eff.    %Res.   %Stp  Wm      

12-0    398.62  0       0       0       26.924  730.34  56.43   0    	0    	1.7467  
12      400.74  0       0       0       27.012  733.5   56.37   -0.03	0.1  	1.7485  
12-1                                                                          -1      

12-2    212.63  0       0       0       20.305  461.49  61.81   2.9  	10   	1.572   
12-3    92.001  0       0       0       16.659  271.78  65.87   5.4e5	10   	1.4148  
12-4    25.101  0       0       0       14.348  123.82  69.03   63.45	10   	1.2734  
12-5    3.9253  0       0       0       12.742  0.8527  71.57   13.35	10   	1.146   
12-6    23.876  0       0       0       11.549  -105.7  73.64   -11.2	10   	1.0314  
13      23.51   0       0       0       11.559  -104.8  73.62   0.218	0.1  	1.0325  
13-1                                                                          1       

13-2    15.784  0       0       0       11.801  -81.92  73.19   4.835	2.5  	1.0572  
13-3    9.7501  0       0       0       12.068  -57.44  72.72   3.522	2.5  	1.0836  
13-4    5.8044  0       0       0       12.353  -32.23  72.23   2.327	2.5  	1.1107  
13-5    4.0158  0       0       0       12.657  -6.23   71.71   1.182	2.5  	1.1385  
13-6    4.547   0       0       0       12.983  20.637  71.17   -0.42	2.5  	1.167   
14      4.6182  0       0       0       12.996  21.744  71.15   -0.05	0.1  	1.1681  
14-1                                                                          -1      

14-2    4.188   0       0       0       12.898  13.728  71.31   0.253	0.625	1.1597  
14-3    3.9808  0       0       0       12.815  6.8799  71.45   0.174	0.625	1.1524  
14-4    3.9269  0       0       0       12.733  0.0902  71.58   0.095	0.625	1.1452  
14-5    4.0263  0       0       0       12.652  -6.644  71.72   -0.12	0.625	1.1381  
15      4.0003  0       0       0       12.665  -5.574  71.7    0.024	0.1  	1.1392  
15-1                                                                          1       

15-2    3.9873  0       0       0       12.672  -4.971  71.68   0.037	0.156	1.1398  
15-3    3.9577  0       0       0       12.692  -3.296  71.65   0.032	0.156	1.1416  
15-4    3.9376  0       0       0       12.712  -1.618  71.62   0.027	0.156	1.1434  
15-5    3.927   0       0       0       12.732  0.0638  71.58   0.021	0.156	1.1452  
15-6    3.9259  0       0       0       12.753  1.7495  71.55   -0.02	0.156	1.147   
16      3.9302  0       0       0       12.766  2.8299  71.53   -0.01	0.1  	1.1481  
16-1                                                                          -1      

16-2    3.9253  0       0       0       12.748  1.3275  71.56   5.e-3	0.039	1.1465  
16-3    3.9253  0       0       0       12.743  0.9054  71.57   4.e-3	0.039	1.1461  
16-4    3.9258  0       0       0       12.738  0.4838  71.58   4.e-3	0.039	1.1456  
16-5    3.927   0       0       0       12.732  0.0619  71.58   4.e-3	0.039	1.1452  
16-6    3.9288  0       0       0       12.727  -0.358  71.59   -4e-3	0.039	1.1447  
17      3.927   0       0       0       12.732  0.0619  71.58   4.e-3	0.039	1.1452  
17-1                                                                          1       

17-2    3.9283  0       0       0       12.729  -0.253  71.59   1.e-3	1.e-2	1.1448  

Run     SWR     Gain    F/B     F/R     R-a     X-a     Eff.    %Res.   %Stp  Wm      

18-0    3.9283  0       0       0       12.729  -0.253  71.59   0    	0    	1.1448  
18      3.9253  0       0       0       12.742  0.8248  71.57   -4e-3	0.1  	1.146   
18-1                                                                          -1      

18-2    24.257  0       0       0       11.539  -106.7  73.66   -11.4	10   	1.0304  
19      3.9253  0       0       0       12.742  0.8248  71.57   -4e-3	0.1  	1.146   
19-1                                                                          -1      

19-2    4.8077  0       0       0       12.475  -21.74  72.02   -0.66	2    	1.122   
20      3.9253  0       0       0       12.742  0.8248  71.57   -4e-3	0.1  	1.146   
20-1                                                                          -1      

20-2    3.9792  0       0       0       12.677  -4.562  71.68   -0.07	0.4  	1.1403  
21      3.9256  0       0       0       12.739  0.6097  71.57   -2e-3	0.08 	1.1458  
21-1                                                                          -1      

21-2    3.9334  0       0       0       12.718  -1.115  71.61   -0.01	0.08 	1.1439  
