
Run     SWR     Gain    F/B     F/R     R-a     X-a     Eff.    %Res.   %Stp  TL_Len  SepYZ   

1-0     14.061  17.1    14.98   13.36   3.5653  -2.567  2817    0    	0    	0.9949  0.7269  
1       14.309  17.1    14.36   13.31   3.5022  -2.351  2816    0    	0.1  	0.9958  0.7269  
1       14.022  17.1    14.85   13.34   3.575   -2.538  2817    0    	0.1  	0.9949  0.7277  
1-1                                                                           0       0       

2       15.043  17.08   12.69   12.69   3.3276  -1.702  2814    -0.02	0.4  	0.9988  0.7269  
2       13.905  17.1    14.47   13.28   3.6045  -2.448  2817    0    	0.4  	0.9949  0.7299  
2-1                                                                           -2      0       

2-2     1.8744  13.95   2.26    2.26    26.712  1.5646  2854    -2.71	10   	0.7959  0.7269  
3       15.043  17.08   12.69   12.69   3.3276  -1.702  2814    -0.02	0.4  	0.9988  0.7269  
3       13.905  17.1    14.47   13.28   3.6045  -2.448  2817    0    	0.4  	0.9949  0.7299  
3-1                                                                           -2      0       

3-2     6.217   16.28   12.57   9.65    8.4299  -10.82  2837    -0.71	2    	0.9551  0.7269  
4       15.043  17.08   12.69   12.69   3.3276  -1.702  2814    -0.02	0.4  	0.9988  0.7269  
4       13.905  17.1    14.47   13.28   3.6045  -2.448  2817    0    	0.4  	0.9949  0.7299  
4-1                                                                           -2      0       

4-2     12.1    17.04   21.97   13.27   4.1629  -4.299  2822    -0.05	0.4  	0.9869  0.7269  
5       14.259  17.1    14.48   13.32   3.5146  -2.394  2816    0    	0.08 	0.9956  0.7269  
5       14.03   17.1    14.87   13.34   3.573   -2.544  2817    0    	0.08 	0.9949  0.7275  
5-1                                                                           0       0       


Run     SWR     Gain    F/B     F/R     R-a     X-a     Eff.    %Res.   %Stp  TL_Len  SepYZ   

6-0     14.03   17.1    14.87   13.31   3.573   -2.544  81.5    0    	0    	0.9949  0.7275  
6       14.276  17.1    14.26   13.28   3.5101  -2.327  81.49   0    	0.1  	0.9958  0.7275  
6       13.991  17.1    14.75   13.29   3.5828  -2.514  81.51   0    	0.1  	0.9949  0.7283  
6-1                                                                           0       0       

7       15.004  17.08   12.61   12.61   3.3362  -1.678  81.46   -0.02	0.4  	0.9988  0.7275  
7       13.873  17.1    14.37   13.25   3.6125  -2.425  81.54   0    	0.4  	0.9949  0.7304  
7-1                                                                           -2      0       

7-2     1.8704  13.94   2.25    2.25    26.769  1.552   81.77   -2.72	10   	0.7959  0.7275  
8       15.004  17.08   12.61   12.61   3.3362  -1.678  81.46   -0.02	0.4  	0.9988  0.7275  
8       13.873  17.1    14.37   13.25   3.6125  -2.425  81.54   0    	0.4  	0.9949  0.7304  
8-1                                                                           -2      0       

8-2     6.221   16.28   12.65   9.67    8.4227  -10.8   81.65   -0.71	2    	0.9551  0.7275  
9       15.004  17.08   12.61   12.61   3.3362  -1.678  81.46   -0.02	0.4  	0.9988  0.7275  
9       13.873  17.1    14.37   13.25   3.6125  -2.425  81.54   0    	0.4  	0.9949  0.7304  
9-1                                                                           -2      0       

9-2     12.082  17.05   21.75   12.93   4.1687  -4.274  81.57   -0.04	0.4  	0.9869  0.7275  
10      14.227  17.1    14.38   13.28   3.5225  -2.37   81.49   0    	0.08 	0.9956  0.7275  
10      13.999  17.1    14.77   13.29   3.5808  -2.52   81.51   0    	0.08 	0.9949  0.7281  
10-1                                                                          0       0       

