
Run     SWR     Gain    F/B     F/R     R-a     X-a     Eff.    %Res.   %Stp  FR      Tap     

1-0     21.254  0       0       0       97.089  -302.5  97.19   0    	0    	18.1    0.7     
1       20.949  0       0       0       97.14   -300.1  97.2    0.171	0.1  	18.118  0.7     
1       21.237  0       0       0       97.028  -302.2  97.19   1.e-2	0.1  	18.1    0.7007  
1-1                                                                           1.8945  0.1055  

1-2     3.7088  0       0       0       111.18  -85.18  97.77   9.815	5.547	20.002  0.7041  
1-3     4.7186  0       0       0       147.09  110.12  98.15   -0.51	5.547	22.104  0.7082  
2       4.7828  0       0       0       147.59  112.05  98.15   -0.03	0.1  	22.126  0.7082  
2       4.7192  0       0       0       147.08  110.14  98.15   -3e-4	0.1  	22.104  0.7089  
2-1                                                                           -1.982  -0.018  

2-2     3.2224  0       0       0       134.42  56.346  98.06   0.766	1.387	21.496  0.708   
2-3     2.4785  0       0       0       123.87  2.3659  97.96   0.378	1.387	20.905  0.7079  
2-4     2.8639  0       0       0       115.24  -52.29  97.84   -0.2 	1.387	20.331  0.7077  
3       2.8278  0       0       0       115.52  -50.31  97.85   0.018	0.1  	20.351  0.7077  
3       2.8619  0       0       0       115.2   -52.21  97.84   1.e-3	0.1  	20.331  0.7084  
3-1                                                                           1.8927  0.1073  

3-2     2.657   0       0       0       117.09  -39.36  97.87   0.105	0.347	20.464  0.708   
3-3     2.5223  0       0       0       119.05  -26.48  97.9    0.068	0.347	20.598  0.7082  
3-4     2.4591  0       0       0       121.1   -13.67  97.93   0.032	0.347	20.733  0.7085  
3-5     2.4653  0       0       0       123.26  -0.899  97.95   -3e-3	0.347	20.87   0.7088  
4       2.4721  0       0       0       123.6   1.0452  97.95   -3e-3	0.1  	20.89   0.7088  
4       2.4647  0       0       0       123.23  -0.839  97.95   3.e-4	0.1  	20.87   0.7095  
4-1                                                                           -1.854  0.1461  

4-2     2.4579  0       0       0       121.11  -13.43  97.93   4.e-3	0.347	20.735  0.7091  
4-3     2.5174  0       0       0       119.05  -26     97.9    -0.03	0.347	20.602  0.7095  
5       2.4555  0       0       0       121.33  -12.08  97.93   1.e-3	0.069	20.75   0.7091  
5       2.4573  0       0       0       121.09  -13.39  97.93   3.e-4	0.069	20.735  0.7096  
5-1                                                                           1.6033  0.3967  

5-2     2.4542  0       0       0       121.46  -11.25  97.93   2.e-3	0.069	20.758  0.7093  
5-3     2.4525  0       0       0       121.82  -9.063  97.93   9.e-4	0.069	20.782  0.7095  
5-4     2.4528  0       0       0       122.18  -6.881  97.94   -2e-4	0.069	20.805  0.7097  
6       2.4541  0       0       0       122.41  -5.531  97.94   -7e-4	0.069	20.819  0.7097  
6       2.4523  0       0       0       122.16  -6.836  97.94   2.e-4	0.069	20.805  0.7102  
6-1                                                                           -1.465  0.5355  

6-2     2.452   0       0       0       121.83  -8.835  97.93   4.e-4	0.069	20.784  0.71    
6-3     2.4528  0       0       0       121.49  -10.79  97.93   -4e-4	0.069	20.762  0.7102  
7       2.4519  0       0       0       121.72  -9.44   97.93   4.e-4	0.069	20.777  0.7102  
7       2.4522  0       0       0       121.47  -10.74  97.93   3.e-4	0.069	20.762  0.7107  
7-1                                                                           1.2254  0.7746  

7-2     2.4514  0       0       0       121.75  -9.099  97.93   7.e-4	0.069	20.78   0.7106  
7-3     2.4512  0       0       0       122.02  -7.408  97.94   1.e-4	0.069	20.798  0.711   
7-4     2.4522  0       0       0       122.29  -5.718  97.94   -5e-4	0.069	20.815  0.7114  
8       2.4513  0       0       0       122.07  -7.138  97.94   -7e-5	0.014	20.801  0.711   
8       2.4511  0       0       0       122.02  -7.398  97.94   4.e-5	0.014	20.798  0.7111  
8-1                                                                           -1.241  0.7588  

8-2     2.451   0       0       0       121.96  -7.735  97.94   1.e-4	0.014	20.794  0.7111  
8-3     2.4508  0       0       0       121.9   -8.063  97.94   8.e-5	0.014	20.791  0.7111  
8-4     2.4507  0       0       0       121.84  -8.391  97.93   7.e-5	0.014	20.787  0.7112  
8-5     2.4506  0       0       0       121.78  -8.718  97.93   3.e-5	0.014	20.783  0.7113  
8-6     2.4506  0       0       0       121.72  -9.046  97.93   2.e-5	0.014	20.78   0.7114  
8-7     2.4506  0       0       0       121.66  -9.373  97.93   -1e-5	0.014	20.776  0.7114  
9       2.4505  0       0       0       121.71  -9.104  97.93   4.e-5	0.014	20.779  0.7114  
9       2.4505  0       0       0       121.66  -9.363  97.93   6.e-5	0.014	20.776  0.7115  
9-1                                                                           0.7635  1.2365  

9-2     2.4504  0       0       0       121.69  -9.155  97.93   9.e-5	0.014	20.778  0.7116  
9-3     2.4502  0       0       0       121.72  -8.936  97.93   9.e-5	0.014	20.781  0.7117  
9-4     2.4501  0       0       0       121.75  -8.718  97.93   7.e-5	0.014	20.783  0.7118  
9-5     2.4499  0       0       0       121.78  -8.499  97.93   7.e-5	0.014	20.785  0.7119  
9-6     2.4498  0       0       0       121.82  -8.28   97.93   5.e-5	0.014	20.787  0.712   
9-7     2.4497  0       0       0       121.85  -8.061  97.94   4.e-5	0.014	20.789  0.7122  
9-8     2.4497  0       0       0       121.88  -7.842  97.94   4.e-5	0.014	20.792  0.7123  
9-9     2.4496  0       0       0       121.91  -7.623  97.94   3.e-5	0.014	20.794  0.7124  
9-10    2.4496  0       0       0       121.94  -7.404  97.94   2.e-5	0.014	20.796  0.7125  
9-11    2.4496  0       0       0       121.97  -7.185  97.94   6.e-6	0.014	20.798  0.7127  
10      2.4497  0       0       0       122.02  -6.916  97.94   -8e-5	0.014	20.801  0.7127  
10      2.4495  0       0       0       121.97  -7.175  97.94   6.e-5	0.014	20.798  0.7128  
10-1                                                                          -1.21   0.7896  

10-2    2.4493  0       0       0       121.91  -7.503  97.94   1.e-4	0.014	20.795  0.7127  
10-3    2.4491  0       0       0       121.85  -7.821  97.94   1.e-4	0.014	20.791  0.7128  
10-4    2.449   0       0       0       121.8   -8.139  97.93   8.e-5	0.014	20.788  0.7129  
10-5    2.4489  0       0       0       121.74  -8.457  97.93   6.e-5	0.014	20.784  0.713   
10-6    2.4488  0       0       0       121.68  -8.775  97.93   5.e-5	0.014	20.781  0.713   
10-7    2.4487  0       0       0       121.62  -9.093  97.93   1.e-5	0.014	20.777  0.7131  
10-8    2.4488  0       0       0       121.56  -9.41   97.93   -5e-6	0.014	20.774  0.7132  
11      2.4487  0       0       0       121.61  -9.141  97.93   4.e-5	0.014	20.777  0.7132  
11      2.4487  0       0       0       121.56  -9.399  97.93   5.e-5	0.014	20.774  0.7133  
11-1                                                                          0.863   1.137   

11-2    2.4486  0       0       0       121.6   -9.166  97.93   9.e-5	0.014	20.776  0.7133  
11-3    2.4484  0       0       0       121.63  -8.92   97.93   8.e-5	0.014	20.779  0.7134  
11-4    2.4482  0       0       0       121.67  -8.674  97.93   8.e-5	0.014	20.781  0.7135  
11-5    2.4481  0       0       0       121.71  -8.43   97.93   6.e-5	0.014	20.784  0.7137  
11-6    2.448   0       0       0       121.74  -8.184  97.93   5.e-5	0.014	20.786  0.7138  
11-7    2.448   0       0       0       121.78  -7.938  97.93   3.e-5	0.014	20.789  0.7139  
11-8    2.4479  0       0       0       121.81  -7.693  97.94   2.e-5	0.014	20.791  0.714   
11-9    2.4479  0       0       0       121.85  -7.448  97.94   9.e-6	0.014	20.794  0.7141  
12      2.4481  0       0       0       121.9   -7.178  97.94   -7e-5	0.014	20.797  0.7141  
12      2.4478  0       0       0       121.85  -7.436  97.94   5.e-5	0.014	20.794  0.7142  
12-1                                                                          -1.188  0.8123  

12-2    2.4477  0       0       0       121.79  -7.758  97.94   1.e-4	0.014	20.79   0.7142  
12-3    2.4475  0       0       0       121.73  -8.069  97.93   9.e-5	0.014	20.787  0.7143  
12-4    2.4474  0       0       0       121.68  -8.38   97.93   6.e-5	0.014	20.783  0.7143  
12-5    2.4473  0       0       0       121.62  -8.69   97.93   4.e-5	0.014	20.78   0.7144  
12-6    2.4473  0       0       0       121.56  -9.001  97.93   2.e-5	0.014	20.777  0.7145  
12-7    2.4473  0       0       0       121.51  -9.312  97.93   3.e-6	0.014	20.773  0.7146  
13      2.4472  0       0       0       121.55  -9.042  97.93   3.e-5	0.014	20.776  0.7146  
13      2.4472  0       0       0       121.5   -9.3    97.93   5.e-5	0.014	20.773  0.7147  
13-1                                                                          0.7795  1.2205  

13-2    2.4471  0       0       0       121.54  -9.087  97.93   9.e-5	0.014	20.775  0.7147  
13-3    2.4469  0       0       0       121.57  -8.863  97.93   9.e-5	0.014	20.778  0.7148  
13-4    2.4468  0       0       0       121.6   -8.638  97.93   7.e-5	0.014	20.78   0.715   
13-5    2.4466  0       0       0       121.63  -8.413  97.93   6.e-5	0.014	20.782  0.7151  
13-6    2.4465  0       0       0       121.67  -8.189  97.93   5.e-5	0.014	20.784  0.7152  
13-7    2.4465  0       0       0       121.7   -7.964  97.93   4.e-5	0.014	20.787  0.7153  
13-8    2.4464  0       0       0       121.73  -7.739  97.93   3.e-5	0.014	20.789  0.7154  
13-9    2.4464  0       0       0       121.76  -7.514  97.94   2.e-5	0.014	20.791  0.7156  
13-10   2.4463  0       0       0       121.79  -7.289  97.94   1.e-5	0.014	20.793  0.7157  
13-11   2.4463  0       0       0       121.83  -7.064  97.94   6.e-7	0.014	20.796  0.7158  
14      2.4465  0       0       0       121.87  -6.795  97.94   -9e-5	0.014	20.799  0.7158  
14      2.4462  0       0       0       121.82  -7.052  97.94   5.e-5	0.014	20.796  0.7159  
14-1                                                                          -1.316  0.6837  

14-2    2.4461  0       0       0       121.76  -7.411  97.94   1.e-4	0.014	20.792  0.7159  
14-3    2.4459  0       0       0       121.7   -7.756  97.93   1.e-4	0.014	20.788  0.7159  
14-4    2.4457  0       0       0       121.64  -8.102  97.93   8.e-5	0.014	20.784  0.716   
14-5    2.4456  0       0       0       121.57  -8.448  97.93   6.e-5	0.014	20.78   0.7161  
14-6    2.4455  0       0       0       121.51  -8.794  97.93   3.e-5	0.014	20.777  0.7161  
14-7    2.4455  0       0       0       121.45  -9.139  97.93   1.e-5	0.014	20.773  0.7162  
14-8    2.4456  0       0       0       121.39  -9.486  97.93   -2e-5	0.014	20.769  0.7163  
15      2.4455  0       0       0       121.43  -9.216  97.93   5.e-5	0.014	20.772  0.7163  
15      2.4455  0       0       0       121.38  -9.473  97.93   5.e-5	0.014	20.769  0.7164  
15-1                                                                          0.9913  1.0087  

15-2    2.4454  0       0       0       121.43  -9.205  97.93   1.e-4	0.014	20.772  0.7164  
15-3    2.4452  0       0       0       121.47  -8.926  97.93   9.e-5	0.014	20.775  0.7165  
15-4    2.4451  0       0       0       121.51  -8.646  97.93   6.e-5	0.014	20.778  0.7166  
15-5    2.445   0       0       0       121.56  -8.366  97.93   6.e-5	0.014	20.781  0.7167  
15-6    2.4449  0       0       0       121.6   -8.086  97.93   4.e-5	0.014	20.783  0.7168  
15-7    2.4449  0       0       0       121.64  -7.806  97.93   1.e-5	0.014	20.786  0.7169  
15-8    2.4449  0       0       0       121.68  -7.526  97.93   -3e-6	0.014	20.789  0.717   
16      2.445   0       0       0       121.73  -7.257  97.93   -7e-5	0.014	20.792  0.717   
16      2.4448  0       0       0       121.68  -7.513  97.93   5.e-5	0.014	20.789  0.7171  
16-1                                                                          -1.138  0.8625  

16-2    2.4447  0       0       0       121.63  -7.821  97.93   1.e-4	0.014	20.786  0.7171  
16-3    2.4445  0       0       0       121.57  -8.116  97.93   8.e-5	0.014	20.783  0.7171  
16-4    2.4444  0       0       0       121.52  -8.411  97.93   6.e-5	0.014	20.779  0.7172  
16-5    2.4443  0       0       0       121.46  -8.706  97.93   5.e-5	0.014	20.776  0.7173  
16-6    2.4442  0       0       0       121.41  -9      97.93   3.e-5	0.014	20.773  0.7174  
16-7    2.4442  0       0       0       121.35  -9.295  97.93   1.e-5	0.014	20.769  0.7175  
16-8    2.4442  0       0       0       121.3   -9.59   97.93   -7e-6	0.014	20.766  0.7176  
17      2.4441  0       0       0       121.35  -9.321  97.93   5.e-5	0.014	20.769  0.7176  
17      2.4441  0       0       0       121.3   -9.576  97.93   6.e-5	0.014	20.766  0.7177  
17-1                                                                          0.9364  1.0636  

17-2    2.444   0       0       0       121.34  -9.323  97.93   1.e-4	0.014	20.769  0.7177  
17-3    2.4438  0       0       0       121.38  -9.056  97.93   9.e-5	0.014	20.772  0.7178  
17-4    2.4437  0       0       0       121.42  -8.791  97.93   7.e-5	0.014	20.774  0.7179  
17-5    2.4435  0       0       0       121.46  -8.524  97.93   7.e-5	0.014	20.777  0.718   
17-6    2.4435  0       0       0       121.5   -8.257  97.93   5.e-5	0.014	20.78   0.7181  
17-7    2.4434  0       0       0       121.54  -7.991  97.93   3.e-5	0.014	20.782  0.7182  
17-8    2.4434  0       0       0       121.58  -7.724  97.93   2.e-5	0.014	20.785  0.7183  
17-9    2.4434  0       0       0       121.62  -7.459  97.93   1.e-6	0.014	20.788  0.7184  
18      2.4435  0       0       0       121.67  -7.189  97.93   -8e-5	0.014	20.791  0.7184  
18      2.4433  0       0       0       121.62  -7.445  97.93   5.e-5	0.014	20.788  0.7185  
18-1                                                                          -1.211  0.789   

18-2    2.4432  0       0       0       121.56  -7.773  97.93   1.e-4	0.014	20.784  0.7185  
18-3    2.443   0       0       0       121.5   -8.088  97.93   8.e-5	0.014	20.781  0.7186  
18-4    2.4429  0       0       0       121.44  -8.403  97.93   6.e-5	0.014	20.777  0.7187  
18-5    2.4428  0       0       0       121.39  -8.717  97.93   4.e-5	0.014	20.774  0.7187  
18-6    2.4427  0       0       0       121.33  -9.031  97.93   2.e-5	0.014	20.77   0.7188  
18-7    2.4427  0       0       0       121.27  -9.346  97.93   2.e-6	0.014	20.767  0.7189  
19      2.4427  0       0       0       121.32  -9.077  97.93   4.e-5	0.014	20.77   0.7189  
19      2.4426  0       0       0       121.27  -9.332  97.93   6.e-5	0.014	20.767  0.719   
19-1                                                                          0.7719  1.2281  

19-2    2.4425  0       0       0       121.3   -9.121  97.93   1.e-4	0.014	20.769  0.719   
19-3    2.4424  0       0       0       121.33  -8.896  97.93   9.e-5	0.014	20.771  0.7191  
19-4    2.4422  0       0       0       121.37  -8.67   97.93   8.e-5	0.014	20.773  0.7193  
19-5    2.4421  0       0       0       121.4   -8.446  97.93   6.e-5	0.014	20.776  0.7194  
19-6    2.442   0       0       0       121.43  -8.221  97.93   5.e-5	0.014	20.778  0.7195  
19-7    2.4419  0       0       0       121.46  -7.995  97.93   5.e-5	0.014	20.78   0.7196  
19-8    2.4418  0       0       0       121.49  -7.77   97.93   3.e-5	0.014	20.782  0.7198  
19-9    2.4418  0       0       0       121.53  -7.544  97.93   2.e-5	0.014	20.785  0.7199  
19-10   2.4418  0       0       0       121.56  -7.319  97.93   1.e-5	0.014	20.787  0.72    
19-11   2.4418  0       0       0       121.59  -7.093  97.93   -6e-6	0.014	20.789  0.7201  
20      2.4419  0       0       0       121.64  -6.825  97.93   -9e-5	0.014	20.792  0.7201  
20      2.4417  0       0       0       121.59  -7.078  97.93   5.e-5	0.014	20.789  0.7202  
20-1                                                                          -1.273  0.7274  

20-2    2.4415  0       0       0       121.53  -7.424  97.93   1.e-4	0.014	20.785  0.7202  
20-3    2.4413  0       0       0       121.47  -7.756  97.93   1.e-4	0.014	20.782  0.7203  
20-4    2.4411  0       0       0       121.41  -8.087  97.93   9.e-5	0.014	20.778  0.7203  
20-5    2.441   0       0       0       121.35  -8.418  97.93   6.e-5	0.014	20.774  0.7204  
20-6    2.4409  0       0       0       121.29  -8.749  97.93   4.e-5	0.014	20.771  0.7205  
20-7    2.4409  0       0       0       121.23  -9.081  97.93   2.e-5	0.014	20.767  0.7206  
20-8    2.4409  0       0       0       121.17  -9.411  97.93   -1e-5	0.014	20.763  0.7206  
21      2.4408  0       0       0       121.21  -9.142  97.93   4.e-5	0.014	20.766  0.7206  
21      2.4408  0       0       0       121.16  -9.396  97.93   6.e-5	0.014	20.763  0.7207  
21-1                                                                          0.8048  1.1952  

21-2    2.4407  0       0       0       121.2   -9.177  97.93   1.e-4	0.014	20.766  0.7207  
21-3    2.4405  0       0       0       121.23  -8.943  97.93   9.e-5	0.014	20.768  0.7209  
21-4    2.4404  0       0       0       121.27  -8.708  97.93   7.e-5	0.014	20.77   0.721   
21-5    2.4403  0       0       0       121.3   -8.473  97.93   6.e-5	0.014	20.773  0.7211  
21-6    2.4402  0       0       0       121.34  -8.239  97.93   5.e-5	0.014	20.775  0.7212  
21-7    2.4401  0       0       0       121.37  -8.004  97.93   5.e-5	0.014	20.777  0.7213  
21-8    2.44    0       0       0       121.4   -7.769  97.93   3.e-5	0.014	20.78   0.7215  
21-9    2.44    0       0       0       121.44  -7.534  97.93   2.e-5	0.014	20.782  0.7216  
21-10   2.44    0       0       0       121.47  -7.3    97.93   5.e-6	0.014	20.784  0.7217  
22      2.4401  0       0       0       121.52  -7.031  97.93   -9e-5	0.014	20.787  0.7217  
22      2.4399  0       0       0       121.47  -7.285  97.93   5.e-5	0.014	20.784  0.7218  
22-1                                                                          -1.24   0.7601  

22-2    2.4397  0       0       0       121.41  -7.621  97.93   1.e-4	0.014	20.781  0.7218  
22-3    2.4395  0       0       0       121.35  -7.942  97.93   9.e-5	0.014	20.777  0.7219  
22-4    2.4394  0       0       0       121.29  -8.262  97.93   8.e-5	0.014	20.773  0.7219  
22-5    2.4393  0       0       0       121.23  -8.584  97.93   5.e-5	0.014	20.77   0.722   
22-6    2.4392  0       0       0       121.17  -8.905  97.93   3.e-5	0.014	20.766  0.7221  
22-7    2.4392  0       0       0       121.12  -9.226  97.93   7.e-6	0.014	20.763  0.7222  
23      2.4392  0       0       0       121.16  -8.957  97.93   3.e-5	0.014	20.766  0.7222  
23      2.4391  0       0       0       121.11  -9.21   97.93   6.e-5	0.014	20.763  0.7223  
23-1                                                                          0.659   1.341   

23-2    2.439   0       0       0       121.14  -9.027  97.93   9.e-5	0.014	20.765  0.7223  
23-3    2.4389  0       0       0       121.17  -8.828  97.93   9.e-5	0.014	20.767  0.7224  
23-4    2.4387  0       0       0       121.2   -8.63   97.93   9.e-5	0.014	20.768  0.7226  
23-5    2.4386  0       0       0       121.22  -8.432  97.93   7.e-5	0.014	20.77   0.7227  
23-6    2.4384  0       0       0       121.25  -8.233  97.93   6.e-5	0.014	20.772  0.7228  
23-7    2.4383  0       0       0       121.28  -8.034  97.93   5.e-5	0.014	20.774  0.723   
23-8    2.4382  0       0       0       121.3   -7.835  97.93   5.e-5	0.014	20.776  0.7231  
23-9    2.4382  0       0       0       121.33  -7.636  97.93   4.e-5	0.014	20.778  0.7232  
0-10    2.4381  0       0       0       121.36  -7.438  97.93   3.e-5	0.014	
0-11    21.254  0       0       0       97.089  -302.5  97.19   -9.52	0.014	
