
Run     SWR     Gain    F/B     F/R     R-a     X-a     Eff.    %Res.   %Stp  WD      LD      Dy      TL_Len  

1-0     8.5981  12.91   5.1     5.1     9.3472  -38.54  79.17   0    	0    	5.e-3   0.94    0.2355  0.7357  
1       8.5979  12.91   5.1     5.1     9.3429  -38.52  79.17   1.e-4	0.1  	5.e-3   0.94    0.2355  0.7357  
1       8.5818  12.92   5.18    5.18    9.2023  -37.65  79.14   0.017	0.1  	5.e-3   0.9409  0.2355  0.7357  
1       8.5846  12.91   5.1     5.09    9.3564  -38.51  79.17   7.e-3	0.1  	5.e-3   0.94    0.2358  0.7357  
1       8.6161  12.91   5.1     5.09    9.3152  -38.47  79.17   -9e-3	0.1  	5.e-3   0.94    0.2355  0.7364  
1-1                                                                           0.0115  2.0517  0.8285  -1.108  

1-2     16.495  11.83   10.43   7.46    3.0854  6.6719  75.53   -5.09	10   	5.e-3   1.1329  0.255   0.6541  
2       8.5979  12.91   5.1     5.1     9.3429  -38.52  79.17   1.e-4	0.1  	5.e-3   0.94    0.2355  0.7357  
2       8.5818  12.92   5.18    5.18    9.2023  -37.65  79.14   0.017	0.1  	5.e-3   0.9409  0.2355  0.7357  
2       8.5846  12.91   5.1     5.09    9.3564  -38.51  79.17   7.e-3	0.1  	5.e-3   0.94    0.2358  0.7357  
2       8.6161  12.91   5.1     5.09    9.3152  -38.47  79.17   -9e-3	0.1  	5.e-3   0.94    0.2355  0.7364  
2-1                                                                           0.0115  2.0517  0.8285  -1.108  

2-2     8.6737  13      8.89    8.89    6.2323  -14.14  77.95   0.041	2    	5.e-3   0.9786  0.2394  0.7194  
2-3     10.297  12.79   12.74   9.93    4.867   -2.389  76.95   -1.04	2    	5.e-3   1.0187  0.2434  0.7034  
3       8.6744  13      8.89    8.89    6.2313  -14.13  77.95   -4e-4	0.1  	5.e-3   0.9786  0.2394  0.7194  
3       8.713   13      8.98    8.98    6.1774  -13.73  77.93   -0.02	0.1  	5.e-3   0.9796  0.2394  0.7194  
3       8.6648  13      8.88    8.88    6.2375  -14.12  77.95   5.e-3	0.1  	5.e-3   0.9786  0.2397  0.7194  
3       8.6882  13      8.86    8.86    6.2199  -14.11  77.96   -8e-3	0.1  	5.e-3   0.9786  0.2394  0.7201  
3-1                                                                           -0.048  -2.479  0.5576  -0.916  

3-2     8.258   13.01   8       8       6.9195  -18.74  78.2    0.226	0.4  	5.e-3   0.9689  0.24    0.7167  
3-3     7.9394  13      7.07    7.07    7.8124  -24.28  78.48   0.157	0.4  	5.e-3   0.9593  0.2405  0.7141  
3-4     7.7318  12.97   6.13    6.13    9.0322  -31.12  78.79   0.081	0.4  	5.e-3   0.9497  0.241   0.7115  
3-5     7.6575  12.91   5.21    5.21    10.793  -39.83  79.11   -0.01	0.4  	5.e-3   0.9403  0.2416  0.7089  
4       7.6575  12.91   5.21    5.21    10.787  -39.8   79.11   -2e-6	0.1  	5.e-3   0.9403  0.2416  0.7089  
4       7.6499  12.92   5.31    5.3     10.597  -38.86  79.08   0.013	0.1  	5.e-3   0.9413  0.2416  0.7089  
4       7.6458  12.91   5.21    5.21    10.802  -39.79  79.11   6.e-3	0.1  	5.e-3   0.9403  0.2418  0.7089  
4       7.673   12.91   5.21    5.2     10.756  -39.76  79.11   -8e-3	0.1  	5.e-3   0.9403  0.2416  0.7096  
4-1                                                                           -3.e-4  1.9085  0.8976  -1.194  

4-2     7.5344  12.95   5.94    5.93    9.6393  -33.2   78.85   0.1  	0.4  	5.e-3   0.9475  0.2424  0.7055  
4-3     7.5115  12.98   6.73    6.72    8.7388  -27.64  78.57   0.039	0.4  	5.e-3   0.9547  0.2433  0.7021  
4-4     7.5695  12.99   7.57    7.56    8.0258  -22.94  78.3    -0.02	0.4  	5.e-3   0.962   0.2442  0.6988  
5       7.5702  12.99   7.57    7.57    8.0236  -22.93  78.3    -3e-4	0.1  	5.e-3   0.962   0.2442  0.6988  
5       7.5944  12.99   7.68    7.67    7.9295  -22.37  78.26   -0.01	0.1  	5.e-3   0.963   0.2442  0.6988  
5       7.5609  12.99   7.56    7.56    8.0321  -22.91  78.3    4.e-3	0.1  	5.e-3   0.962   0.2444  0.6988  
5       7.5824  12.99   7.55    7.55    8.008   -22.91  78.3    -7e-3	0.1  	5.e-3   0.962   0.2442  0.6995  
5-1                                                                           -0.055  -2.112  0.7363  -1.096  

5-2     7.3147  12.97   6.69    6.68    9.1011  -28.43  78.58   0.115	0.4  	5.e-3   0.9539  0.2449  0.6957  
5-3     7.1363  12.94   5.82    5.82    10.583  -35.19  78.88   0.066	0.4  	5.e-3   0.9458  0.2456  0.6926  
5-4     7.0504  12.89   4.99    4.99    12.731  -43.77  79.19   -1e-4	0.4  	5.e-3   0.9379  0.2464  0.6896  
6       7.0504  12.89   4.99    4.99    12.723  -43.74  79.19   5.e-6	0.1  	5.e-3   0.9379  0.2464  0.6896  
6       7.044   12.9    5.09    5.09    12.457  -42.67  79.15   0.012	0.1  	5.e-3   0.9388  0.2464  0.6896  
6       7.0396  12.89   4.99    4.98    12.74   -43.73  79.19   6.e-3	0.1  	5.e-3   0.9379  0.2466  0.6896  
6       7.0646  12.89   4.99    4.98    12.685  -43.7   79.19   -7e-3	0.1  	5.e-3   0.9379  0.2464  0.6903  
6-1                                                                           8.4e-4  1.9407  0.8909  -1.168  

6-2     6.9474  12.94   5.78    5.77    11.075  -36.11  78.89   0.098	0.4  	5.e-3   0.9451  0.2472  0.6864  
6-3     6.9445  12.96   6.62    6.62    9.8417  -29.85  78.58   0.019	0.4  	5.e-3   0.9525  0.2481  0.6832  
6-4     7.0196  12.97   7.55    7.54    8.9047  -24.69  78.27   -0.03	0.4  	5.e-3   0.9599  0.249   0.68    
7       7.0202  12.97   7.55    7.55    8.9019  -24.67  78.27   -3e-4	0.1  	5.e-3   0.9599  0.249   0.68    
7       7.0445  12.97   7.67    7.66    8.786   -24.08  78.23   -0.01	0.1  	5.e-3   0.9608  0.249   0.68    
7       7.0117  12.97   7.54    7.54    8.911   -24.66  78.27   4.e-3	0.1  	5.e-3   0.9599  0.2492  0.68    
7       7.0312  12.97   7.54    7.53    8.8851  -24.66  78.28   -6e-3	0.1  	5.e-3   0.9599  0.249   0.6807  
7-1                                                                           -0.058  -2.212  0.6969  -1.033  

7-2     6.7643  12.96   6.54    6.53    10.302  -30.89  78.61   0.123	0.4  	5.e-3   0.9514  0.2497  0.6772  
7-3     6.5872  12.92   5.56    5.55    12.343  -38.82  78.96   0.056	0.4  	5.e-3   0.943   0.2504  0.6744  
7-4     6.5118  12.86   4.63    4.63    15.52   -49.31  79.32   -0.01	0.4  	5.e-3   0.9346  0.2511  0.6716  
8       6.5118  12.86   4.64    4.63    15.508  -49.27  79.32   1.e-5	0.1  	5.e-3   0.9346  0.2511  0.6716  
8       6.5049  12.87   4.74    4.73    15.111  -47.99  79.28   0.012	0.1  	5.e-3   0.9355  0.2511  0.6716  
8       6.5015  12.86   4.63    4.63    15.529  -49.26  79.32   5.e-3	0.1  	5.e-3   0.9346  0.2513  0.6716  
8       6.5251  12.86   4.63    4.63    15.458  -49.22  79.32   -7e-3	0.1  	5.e-3   0.9346  0.2511  0.6723  
8-1                                                                           2.e-3   2.0221  0.8632  -1.113  

8-2     6.4186  12.92   5.48    5.48    12.964  -39.92  78.99   0.102	0.4  	5.e-3   0.9422  0.252   0.6686  
8-3     6.4339  12.95   6.41    6.41    11.18   -32.53  78.64   0.019	0.4  	5.e-3   0.9498  0.2528  0.6656  
8-4     6.5299  12.96   7.43    7.43    9.8963  -26.63  78.29   -0.04	0.4  	5.e-3   0.9575  0.2537  0.6627  
9       6.5305  12.96   7.43    7.43    9.8928  -26.61  78.29   -3e-4	0.1  	5.e-3   0.9575  0.2537  0.6627  
9       6.5551  12.96   7.56    7.55    9.7486  -25.97  78.24   -0.01	0.1  	5.e-3   0.9584  0.2537  0.6627  
9       6.5227  12.96   7.42    7.42    9.9026  -26.6   78.29   4.e-3	0.1  	5.e-3   0.9575  0.2539  0.6627  
9       6.5405  12.96   7.42    7.41    9.8745  -26.59  78.29   -5e-3	0.1  	5.e-3   0.9575  0.2537  0.6633  
9-1                                                                           -0.062  -2.308  0.6591  -0.971  

9-2     6.2711  12.94   6.28    6.28    11.74   -33.72  78.68   0.116	0.4  	5.e-3   0.9486  0.2544  0.6601  
9-3     6.0946  12.9    5.22    5.21    14.617  -43.13  79.09   0.055	0.4  	5.e-3   0.9399  0.255   0.6575  
9-4     6.0339  12.82   4.21    4.21    19.49   -56.23  79.49   -0.04	0.4  	5.e-3   0.9312  0.2557  0.655   
10      6.0338  12.82   4.22    4.21    19.47   -56.18  79.49   2.e-5	0.1  	5.e-3   0.9312  0.2557  0.655   
10      6.0256  12.83   4.32    4.31    18.856  -54.61  79.45   0.013	0.1  	5.e-3   0.9321  0.2557  0.655   
10      6.024   12.82   4.21    4.21    19.497  -56.16  79.49   5.e-3	0.1  	5.e-3   0.9312  0.256   0.655   
10      6.0465  12.82   4.22    4.21    19.4    -56.12  79.49   -7e-3	0.1  	5.e-3   0.9312  0.2557  0.6556  
10-1                                                                          3.2e-3  2.1289  0.8194  -1.049  

10-2    5.9439  12.89   5.12    5.12    15.391  -44.35  79.13   0.109	0.4  	5.e-3   0.9391  0.2565  0.6522  
10-3    5.9773  12.94   6.14    6.14    12.753  -35.43  78.73   0.027	0.4  	5.e-3   0.9471  0.2574  0.6495  
10-4    6.0982  12.95   7.26    7.25    10.976  -28.57  78.33   -0.05	0.4  	5.e-3   0.9552  0.2582  0.6468  
11      6.0989  12.95   7.26    7.25    10.972  -28.56  78.32   -4e-4	0.1  	5.e-3   0.9552  0.2582  0.6468  
11      6.1241  12.95   7.39    7.39    10.793  -27.86  78.28   -0.01	0.1  	5.e-3   0.9561  0.2582  0.6468  
11      6.0916  12.95   7.25    7.25    10.983  -28.54  78.33   3.e-3	0.1  	5.e-3   0.9552  0.2585  0.6468  
11      6.1081  12.95   7.25    7.24    10.952  -28.54  78.33   -5e-3	0.1  	5.e-3   0.9552  0.2582  0.6474  
11-1                                                                          -0.064  -2.405  0.6192  -0.912  

11-2    5.831   12.93   6       6       13.417  -36.7   78.78   0.12 	0.4  	5.e-3   0.946   0.2589  0.6444  
11-3    5.653   12.87   4.84    4.84    17.519  -47.96  79.24   0.038	0.4  	5.e-3   0.9369  0.2595  0.6421  
11-4    5.611   12.76   3.77    3.76    25.201  -64.49  79.68   -0.08	0.4  	5.e-3   0.9279  0.2602  0.6397  
12      5.6109  12.76   3.77    3.76    25.168  -64.43  79.67   6.e-5	0.1  	5.e-3   0.9279  0.2602  0.6397  
12      5.6005  12.78   3.88    3.87    24.183  -62.47  79.63   0.023	0.1  	5.e-3   0.9288  0.2602  0.6397  
12      5.6014  12.76   3.76    3.76    25.204  -64.41  79.68   5.e-3	0.1  	5.e-3   0.9279  0.2604  0.6397  
12      5.6231  12.76   3.77    3.76    25.065  -64.36  79.67   -6e-3	0.1  	5.e-3   0.9279  0.2602  0.6404  
12-1                                                                          6.8e-3  2.6993  0.5714  -0.722  

12-2    5.5496  12.88   4.96    4.96    17.407  -46.73  79.19   0.139	0.4  	5.e-3   0.9379  0.2607  0.6379  
12-3    5.6746  12.94   6.31    6.31    13.312  -34.89  78.66   -0.01	0.4  	5.e-3   0.948   0.2613  0.636   
13      5.6752  12.94   6.31    6.31    13.304  -34.86  78.66   -3e-4	0.1  	5.e-3   0.948   0.2613  0.636   
13      5.697   12.94   6.44    6.44    13.026  -33.99  78.61   -0.01	0.1  	5.e-3   0.949   0.2613  0.636   
13      5.6677  12.94   6.31    6.3     13.318  -34.85  78.66   4.e-3	0.1  	5.e-3   0.948   0.2616  0.636   
13      5.6843  12.94   6.31    6.3     13.277  -34.84  78.66   -5e-3	0.1  	5.e-3   0.948   0.2613  0.6367  
13-1                                                                          -0.069  -2.262  0.6893  -0.981  

13-2    5.4549  12.89   5.15    5.15    17.009  -44.78  79.11   0.068	0.4  	5.e-3   0.9395  0.2621  0.6335  
13-3    5.3372  12.8    4.08    4.08    23.637  -58.91  79.55   -0.02	0.4  	5.e-3   0.931   0.2628  0.6311  
14      5.3373  12.8    4.08    4.08    23.608  -58.86  79.55   -8e-5	0.1  	5.e-3   0.931   0.2628  0.6311  
14      5.3363  12.82   4.2     4.2     22.725  -57.1   79.51   0.018	0.1  	5.e-3   0.9319  0.2628  0.6311  
14      5.3286  12.8    4.08    4.08    23.639  -58.83  79.55   4.e-3	0.1  	5.e-3   0.931   0.2631  0.6311  
14      5.3485  12.8    4.08    4.08    23.524  -58.8   79.55   -6e-3	0.1  	5.e-3   0.931   0.2628  0.6317  
14-1                                                                          -0.011  2.5597  0.6167  -0.812  

14-2    5.3574  12.9    5.29    5.28    16.903  -43.59  79.06   0.079	0.4  	5.e-3   0.9405  0.2634  0.629   
14-3    5.5234  12.94   6.65    6.64    13.224  -33.12  78.53   -0.05	0.4  	5.e-3   0.9501  0.2641  0.627   
15      5.5241  12.94   6.65    6.65    13.217  -33.1   78.52   -4e-4	0.1  	5.e-3   0.9501  0.2641  0.627   
15      5.5493  12.94   6.79    6.78    12.947  -32.27  78.47   -0.01	0.1  	5.e-3   0.9511  0.2641  0.627   
15      5.5171  12.94   6.64    6.64    13.23   -33.08  78.53   3.e-3	0.1  	5.e-3   0.9501  0.2643  0.627   
15      5.5324  12.94   6.64    6.64    13.192  -33.08  78.53   -5e-3	0.1  	5.e-3   0.9501  0.2641  0.6276  
15-1                                                                          -0.068  -2.473  0.5977  -0.862  

15-2    5.2593  12.9    5.32    5.31    17.185  -43.44  79.05   0.1  	0.4  	5.e-3   0.9407  0.2647  0.6248  
15-3    5.107   12.81   4.11    4.1     24.734  -58.7   79.55   -2e-3	0.4  	5.e-3   0.9314  0.2653  0.6226  
16      5.1072  12.81   4.11    4.11    24.703  -58.65  79.55   -1e-4	0.1  	5.e-3   0.9314  0.2653  0.6226  
16      5.1098  12.82   4.22    4.22    23.743  -56.87  79.5    8.e-3	0.1  	5.e-3   0.9323  0.2653  0.6226  
16      5.0989  12.81   4.11    4.1     24.735  -58.62  79.55   4.e-3	0.1  	5.e-3   0.9314  0.2656  0.6226  
16      5.1178  12.81   4.11    4.11    24.617  -58.6   79.55   -6e-3	0.1  	5.e-3   0.9314  0.2653  0.6233  
16-1                                                                          -0.028  1.7303  0.9611  -1.28   

16-2    5.0822  12.88   4.93    4.92    19.521  -47.66  79.21   0.075	0.4  	5.e-3   0.9379  0.2664  0.6195  
16-3    5.1397  12.92   5.83    5.83    16.111  -39.21  78.84   6.e-3	0.4  	5.e-3   0.9444  0.2674  0.6163  
16-4    5.254   12.93   6.83    6.83    13.794  -32.63  78.45   -0.05	0.4  	5.e-3   0.9509  0.2684  0.6131  
17      5.1403  12.92   5.84    5.83    16.102  -39.19  78.84   -3e-4	0.08 	5.e-3   0.9444  0.2674  0.6163  
17      5.1587  12.92   5.94    5.94    15.768  -38.36  78.79   -1e-2	0.08 	5.e-3   0.9451  0.2674  0.6163  
17      5.1346  12.92   5.83    5.83    16.115  -39.17  78.84   3.e-3	0.08 	5.e-3   0.9444  0.2676  0.6163  
17      5.1469  12.92   5.83    5.83    16.074  -39.17  78.84   -4e-3	0.08 	5.e-3   0.9444  0.2674  0.6168  
17-1                                                                          -0.07   -2.382  0.6391  -0.909  

17-2    5.0868  12.91   5.57    5.57    17.043  -41.37  78.94   0.018	0.08 	5.e-3   0.9426  0.2675  0.6158  
17-3    5.0374  12.9    5.32    5.32    18.092  -43.69  79.05   0.016	0.08 	5.e-3   0.9408  0.2677  0.6154  
17-4    4.9918  12.89   5.07    5.07    19.284  -46.2   79.15   0.014	0.08 	5.e-3   0.939   0.2678  0.6149  
17-5    4.9505  12.87   4.82    4.82    20.644  -48.91  79.25   3.e-3	0.08 	5.e-3   0.9372  0.2679  0.6145  
17-6    4.9139  12.85   4.58    4.58    22.21   -51.86  79.35   9.e-4	0.08 	5.e-3   0.9354  0.2681  0.614   
17-7    4.8826  12.83   4.35    4.34    24.013  -55.06  79.45   -2e-3	0.08 	5.e-3   0.9336  0.2682  0.6136  
18      4.883   12.83   4.35    4.34    23.99   -55.02  79.45   -2e-4	0.08 	5.e-3   0.9336  0.2682  0.6136  
0       4.8904  12.84   4.44    4.44    23.255  -53.7   79.41   5.e-3	0.08 	
