
Run     SWR     Gain    F/B     F/R     R-a     X-a     Eff.    %Res.   %Stp  L       

1-0     1.8862  0       0       0       33.408  -20.5   100     0    	0    	5.05    
1       1.8555  0       0       0       33.506  -19.72  100     0.023	0.1  	5.0551  
1-1                                                                           1       

1-2     3.2239  0       0       0       44.731  58.338  100     -1.05	10   	5.555   
2       1.8555  0       0       0       33.506  -19.72  100     0.023	0.1  	5.0551  
2-1                                                                           1       

2-2     1.4378  0       0       0       35.423  -4.863  100     0.383	2    	5.151   
2-3     1.4652  0       0       0       37.598  11.128  100     -0.08	2    	5.254   
3       1.4801  0       0       0       37.712  11.945  100     -0.02	0.1  	5.2593  
3-1                                                                           -1      

3-2     1.4068  0       0       0       37.031  7.0446  100     0.07 	0.5  	5.2277  
3-3     1.3811  0       0       0       36.476  2.986   100     0.054	0.5  	5.2016  
3-4     1.3928  0       0       0       35.931  -1.049  100     0.013	0.5  	5.1756  
3-5     1.441   0       0       0       35.397  -5.06   100     -0.06	0.5  	5.1497  
4       1.3875  0       0       0       36.039  -0.246  100     0.011	0.1  	5.1808  
4-1                                                                           1       

4-2     1.3913  0       0       0       35.958  -0.848  100     3.e-3	0.025	5.1769  
4-3     1.39    0       0       0       35.985  -0.647  100     3.e-3	0.025	5.1782  
4-4     1.3887  0       0       0       36.012  -0.447  100     3.e-3	0.025	5.1795  
4-5     1.3875  0       0       0       36.039  -0.246  100     3.e-3	0.025	5.1808  
4-6     1.3863  0       0       0       36.066  -0.045  100     3.e-3	0.025	5.1821  
4-7     1.3853  0       0       0       36.093  0.156   100     -6e-4	0.025	5.1834  
5       1.3844  0       0       0       36.12   0.357   100     -2e-3	0.025	5.1847  
5-1                                                                           -1      

5-2     1.3856  0       0       0       36.086  0.1058  100     4.e-4	6.e-3	5.183   
