
Run     SWR     Gain    F/B     F/R     R-a     X-a     Eff.    %Res.   %Stp  LR      Dy      

1-0     1.6945  10.91   8.8     6.08    76.024  -20.12  74.72   0    	0    	1.04    0.5815  
1       1.6984  10.89   8.81    6.04    76.097  -20.29  74.7    -0.02	0.1  	1.041   0.5815  
1       1.696   10.9    8.79    6.06    76.064  -20.17  74.72   -9e-3	0.1  	1.04    0.5821  
1-1                                                                           -1.333  -0.667  

1-2     1.8279  9.36    -1.3    -1.3    47.508  -29.74  77.32   -1.41	10   	0.9013  0.5427  
2       1.6984  10.89   8.81    6.04    76.097  -20.29  74.7    -0.02	0.1  	1.041   0.5815  
2       1.696   10.9    8.79    6.06    76.064  -20.17  74.72   -9e-3	0.1  	1.04    0.5821  
2-1                                                                           -1.333  -0.667  

2-2     1.5416  11.45   7.89    7.44    71.667  -14.57  75.66   0.491	2    	1.0123  0.5737  
2-3     1.3597  11.87   5.63    5.63    63.196  -11.25  77.04   0.38 	2    	0.9853  0.5661  
2-4     1.3181  11.79   2.96    2.95    53.46   -13.9   78.32   -0.07	2    	0.959   0.5585  
3       1.3138  11.81   3.05    3.05    53.731  -13.69  78.29   0.018	0.1  	0.96    0.5585  
3       1.3183  11.79   2.96    2.96    53.539  -13.9   78.32   0    	0.1  	0.959   0.5591  
3-1                                                                           2       0       

3-2     1.2934  11.92   3.92    3.92    56.402  -12.11  77.96   0.117	0.5  	0.9686  0.5585  
3-3     1.3087  11.94   4.91    4.9     59.716  -11.09  77.48   0.018	0.5  	0.9783  0.5585  
3-4     1.353   11.89   5.91    5.9     63.096  -10.91  76.95   -0.05	0.5  	0.9881  0.5585  
4       1.3585  11.88   6       6       63.428  -10.94  76.9    -9e-3	0.1  	0.989   0.5585  
4       1.3546  11.89   5.91    5.91    63.173  -10.94  76.95   0    	0.1  	0.9881  0.5591  
4-1                                                                           -2      0       

4-2     1.34    11.91   5.66    5.65    62.256  -10.88  77.09   0.018	0.125	0.9856  0.5585  
4-3     1.3281  11.93   5.41    5.41    61.406  -10.9   77.22   0.018	0.125	0.9831  0.5585  
4-4     1.3175  11.94   5.16    5.16    60.551  -10.97  77.35   9.e-3	0.125	0.9807  0.5585  
4-5     1.3085  11.94   4.9     4.9     59.694  -11.1   77.48   0    	0.125	0.9782  0.5585  
5       1.3119  11.94   5       5       60.036  -11.04  77.43   0    	0.1  	0.9792  0.5585  
5       1.3099  11.94   4.91    4.9     59.775  -11.12  77.48   0    	0.1  	0.9782  0.5591  
5-1                                                                           0       0       

6       1.3237  11.93   5.31    5.3     61.06   -10.92  77.28   -9e-3	0.4  	0.9821  0.5585  
6       1.314   11.93   4.91    4.9     60.015  -11.17  77.46   -9e-3	0.4  	0.9782  0.5608  
6-1                                                                           -1      -1      

6-2     1.3031  11.95   4.78    4.77    59.167  -11.16  77.55   9.e-3	0.125	0.977   0.5578  
6-3     1.2982  11.95   4.65    4.64    58.64   -11.24  77.62   0    	0.125	0.9758  0.5571  
7       1.3014  11.95   4.77    4.77    59.065  -11.14  77.56   0    	0.125	0.977   0.5571  
7       1.2998  11.95   4.65    4.65    58.741  -11.26  77.62   0    	0.125	0.9758  0.5578  
7-1                                                                           0       0       


Run     SWR     Gain    F/B     F/R     R-a     X-a     Eff.    %Res.   %Stp  LR      Dy      WD      

8-0     1.2998  11.95   4.65    4.65    58.741  -11.26  8667    0    	0    	0.9758  0.5578  5.e-3   
8       1.3024  11.95   4.75    4.75    59.081  -11.18  8662    -1e-3	0.1  	0.9767  0.5578  5.e-3   
8       1.301   11.95   4.66    4.66    58.822  -11.27  8667    -6e-4	0.1  	0.9758  0.5584  5.e-3   
8       1.2995  11.95   4.65    4.65    58.75   -11.23  8667    2.e-4	0.1  	0.9758  0.5578  5.e-3   
8-1                                                                           -1.852  -0.905  0.243   

8-2     2.0784  7.29    -2.12   -2.12   55.529  -39.03  8401    -4.59	10   	0.795   0.5073  5.1e-3  
9       1.3024  11.95   4.75    4.75    59.081  -11.18  8662    -1e-3	0.1  	0.9767  0.5578  5.e-3   
9       1.301   11.95   4.66    4.66    58.822  -11.27  8667    -6e-4	0.1  	0.9758  0.5584  5.e-3   
9       1.2995  11.95   4.65    4.65    58.75   -11.23  8667    2.e-4	0.1  	0.9758  0.5578  5.e-3   
9-1                                                                           -1.852  -0.905  0.243   

9-2     1.4806  11.19   1.09    1.09    48.109  -19.28  8758    -0.78	2    	0.9396  0.5477  5.e-3   
10      1.3024  11.95   4.75    4.75    59.081  -11.18  8662    -1e-3	0.1  	0.9767  0.5578  5.e-3   
10      1.301   11.95   4.66    4.66    58.822  -11.27  8667    -6e-4	0.1  	0.9758  0.5584  5.e-3   
10      1.2995  11.95   4.65    4.65    58.75   -11.23  8667    2.e-4	0.1  	0.9758  0.5578  5.e-3   
10-1                                                                          -1.852  -0.905  0.243   

10-2    1.2889  11.92   3.89    3.89    55.999  -12.06  8702    -0.02	0.4  	0.9685  0.5558  5.e-3   
11      1.3018  11.95   4.73    4.73    59.013  -11.19  8663    -1e-3	0.08 	0.9766  0.5578  5.e-3   
11      1.3008  11.95   4.66    4.66    58.806  -11.27  8667    -5e-4	0.08 	0.9758  0.5583  5.e-3   
11      1.2995  11.95   4.65    4.65    58.748  -11.24  8667    1.e-4	0.08 	0.9758  0.5578  5.e-3   
11-1                                                                          -1.844  -0.912  0.2441  

11-2    1.2957  11.95   4.5     4.5     58.186  -11.37  8674    2.e-3	0.08 	0.9743  0.5574  5.e-3   
11-3    1.2925  11.95   4.35    4.35    57.633  -11.51  8681    2.e-3	0.08 	0.9729  0.557   5.e-3   
11-4    1.2903  11.94   4.2     4.2     57.087  -11.67  8688    -8e-3	0.08 	0.9715  0.5566  5.e-3   
12      1.2927  11.95   4.37    4.37    57.687  -11.49  8681    -1e-4	0.016	0.973   0.557   5.e-3   
12      1.2927  11.95   4.36    4.36    57.646  -11.51  8681    -9e-5	0.016	0.9729  0.5571  5.e-3   
12      1.2924  11.95   4.36    4.36    57.635  -11.51  8681    4.e-5	0.016	0.9729  0.557   5.e-3   
12-1                                                                          -1.352  -1.149  0.4982  

12-2    1.2921  11.95   4.33    4.33    57.547  -11.53  8682    2.e-4	0.016	0.9727  0.5569  5.e-3   
12-3    1.2915  11.94   4.3     4.3     57.461  -11.55  8684    -9e-3	0.016	0.9725  0.5568  5.e-3   
13      1.2921  11.95   4.34    4.34    57.557  -11.53  8682    -2e-5	3.e-3	0.9727  0.5569  5.e-3   
13      1.2921  11.95   4.33    4.33    57.549  -11.53  8682    -2e-5	3.e-3	0.9727  0.5569  5.e-3   
13      1.292   11.95   4.33    4.33    57.548  -11.53  8682    4.e-5	3.e-3	0.9727  0.5569  5.e-3   
13-1                                                                          -0.751  -0.693  1.5554  

13-2    1.2919  11.95   4.33    4.33    57.538  -11.53  8683    7.e-5	3.e-3	0.9727  0.5569  5.e-3   

Run     SWR     Gain    F/B     F/R     R-a     X-a     Eff.    %Res.   %Stp  WD      

14-0    1.2919  11.95   4.33    4.33    57.538  -11.53  8683    0    	0    	5.e-3   
14      1.2915  11.95   4.33    4.33    57.547  -11.51  8683    2.e-4	0.1  	5.e-3   
14-1                                                                          1       

14-2    1.2594  11.95   4.5     4.5     58.383  -9.258  8675    0.016	10   	5.5e-3  
14-3    1.2372  11.95   4.67    4.67    59.267  -6.989  8667    0.011	10   	6.1e-3  
14-4    1.2268  11.95   4.85    4.85    60.187  -4.734  8659    5.e-3	10   	6.7e-3  
14-5    1.229   11.95   5.03    5.03    61.148  -2.487  8650    -1e-3	10   	7.3e-3  
15      1.2291  11.95   5.03    5.03    61.158  -2.465  8650    -4e-5	0.1  	7.3e-3  
15-1                                                                          -1      

15-2    1.2272  11.95   4.98    4.98    60.889  -3.082  8652    9.e-4	2.5  	7.1e-3  
15-3    1.2263  11.95   4.93    4.93    60.632  -3.68   8655    5.e-4	2.5  	7.e-3   
15-4    1.2262  11.95   4.89    4.89    60.379  -4.277  8657    2.e-5	2.5  	6.8e-3  
15-5    1.2271  11.95   4.84    4.84    60.128  -4.876  8659    -4e-4	2.5  	6.6e-3  
16      1.2262  11.95   4.89    4.89    60.389  -4.253  8657    7.e-6	0.1  	6.8e-3  
16-1                                                                          1       

17      1.2262  11.95   4.89    4.89    60.419  -4.183  8656    3.e-5	0.4  	6.8e-3  
17-1                                                                          1       

17-2    1.2262  11.95   4.89    4.89    60.392  -4.246  8657    1.e-5	0.125	6.8e-3  
18      1.2262  11.95   4.89    4.89    60.382  -4.27   8657    3.e-6	0.025	6.8e-3  
18-1                                                                          1       

