
Run     SWR     Gain    F/B     F/R     R-a     X-a     Eff.    %Res.   %Stp  W       D       H       

1-0     1.4118  8.51    0       0       35.503  1.7381  76.2    0    	0    	263.88  221.83  550     
1       1.4103  8.51    0       0       35.568  2.0047  76.2    0    	0.1  	264.14  221.83  550     
1       1.4126  8.51    0       0       35.501  1.9225  76.21   0    	0.1  	263.88  222.05  550     
1       1.4147  8.51    0       0       35.477  2.166   76.21   0    	0.1  	263.88  221.83  550.55  
1-1                                                                           0       0       0       

2       1.4069  8.51    0       0       35.766  2.8054  76.19   0    	0.4  	264.94  221.83  550     
2       1.4155  8.51    0       0       35.498  2.4756  76.21   0    	0.4  	263.88  222.72  550     
2       1.4258  8.52    0       0       35.4    3.4477  76.24   9.e-3	0.4  	263.88  221.83  552.2   
2-1                                                                           0       0       3       

2-2     12.214  9.31    0       0       32.115  127.33  79.16   0.744	10   	263.88  221.83  715     
2-3     57.226  9.75    0       0       52.901  382.25  80.04   0.406	10   	263.88  221.83  929.5   
2-4     61.815  4.91    0       0       446.96  -1086   69.28   -4.45	10   	263.88  221.83  1208.4  
3       57.171  9.74    0       0       53.682  384.86  80.01   -9e-3	0.4  	264.94  221.83  929.5   
3       57.367  9.74    0       0       53.194  383.79  80.01   -9e-3	0.4  	263.88  222.72  929.5   
3       58.176  9.74    0       0       54.085  389.8   79.97   -9e-3	0.4  	263.88  221.83  933.22  
3-1                                                                           -1      -1      -1      

3-2     55.909  9.78    0       0       50.258  368.12  80.19   0.028	0.5  	262.56  220.72  924.85  
3-3     54.562  9.81    0       0       47.863  354.72  80.33   0.028	0.5  	261.25  219.62  920.23  
3-4     53.191  9.83    0       0       45.685  341.99  80.46   0.018	0.5  	259.94  218.52  915.63  
3-5     51.8    9.85    0       0       43.698  329.87  80.58   0.018	0.5  	258.64  217.42  911.05  
3-6     50.394  9.87    0       0       41.881  318.3   80.69   0.018	0.5  	257.35  216.34  906.49  
3-7     48.975  9.89    0       0       40.216  307.25  80.79   0.018	0.5  	256.06  215.26  901.96  
3-8     47.548  9.9     0       0       38.685  296.67  80.89   9.e-3	0.5  	254.78  214.18  897.45  
3-9     46.117  9.91    0       0       37.274  286.53  80.97   9.e-3	0.5  	253.51  213.11  892.96  
3-10    44.684  9.92    0       0       35.971  276.79  81.04   9.e-3	0.5  	252.24  212.04  888.5   
3-11    43.252  9.93    0       0       34.766  267.43  81.11   9.e-3	0.5  	250.98  210.98  884.06  
3-12    41.826  9.94    0       0       33.649  258.41  81.17   9.e-3	0.5  	249.72  209.93  879.64  
3-13    40.406  9.94    0       0       32.611  249.72  81.22   0    	0.5  	248.48  208.88  875.24  
4       40.447  9.94    0       0       32.997  251.36  81.2    0    	0.4  	249.47  208.88  875.24  
4       40.562  9.94    0       0       32.711  250.62  81.2    0    	0.4  	248.48  209.71  875.24  
4       41.341  9.95    0       0       32.933  254.03  81.22   9.e-3	0.4  	248.48  208.88  878.74  
4-1                                                                           0       0       3       

4-2     41.282  9.95    0       0       32.912  253.76  81.22   9.e-3	0.125	248.48  208.88  878.52  
4-3     42.17   9.95    0       0       33.229  257.87  81.21   0    	0.125	248.48  208.88  881.81  
5       42.181  9.95    0       0       33.353  258.4   81.21   0    	0.125	248.79  208.88  881.81  
5       42.219  9.95    0       0       33.262  258.16  81.21   0    	0.125	248.48  209.14  881.81  
5       42.468  9.95    0       0       33.338  259.26  81.21   0    	0.125	248.48  208.88  882.92  
5-1                                                                           0       0       0       


Run     SWR     Gain    F/B     F/R     R-a     X-a     Eff.    %Res.   %Stp  W       D       H       

6-0     42.468  9.95    0       0       33.338  259.26  81.21   0    	0    	248.48  208.88  882.92  
6       42.477  9.95    0       0       33.438  259.69  81.21   0    	0.1  	248.72  208.88  882.92  
6       42.508  9.95    0       0       33.365  259.5   81.21   0    	0.1  	248.48  209.09  882.92  
6       42.708  9.95    0       0       33.426  260.39  81.21   0    	0.1  	248.48  208.88  883.8   
6-1                                                                           0       0       0       

7       42.502  9.95    0       0       33.739  260.96  81.19   0    	0.4  	249.47  208.88  882.92  
7       42.626  9.95    0       0       33.446  260.2   81.2    0    	0.4  	248.48  209.71  882.92  
7       43.43   9.96    0       0       33.698  263.78  81.21   9.e-3	0.4  	248.48  208.88  886.45  
7-1                                                                           0       0       3       

7-2     85.97   7.43    0       0       1762.2  2113.8  72.49   -2.31	10   	248.48  208.88  1147.8  
8       42.502  9.95    0       0       33.739  260.96  81.19   0    	0.4  	249.47  208.88  882.92  
8       42.626  9.95    0       0       33.446  260.2   81.2    0    	0.4  	248.48  209.71  882.92  
8       43.43   9.96    0       0       33.698  263.78  81.21   9.e-3	0.4  	248.48  208.88  886.45  
8-1                                                                           0       0       3       

8-2     57.462  9.94    0       0       41.067  337.4   80.78   -9e-3	2    	248.48  208.88  935.89  
9       42.502  9.95    0       0       33.739  260.96  81.19   0    	0.4  	249.47  208.88  882.92  
9       42.626  9.95    0       0       33.446  260.2   81.2    0    	0.4  	248.48  209.71  882.92  
9       43.43   9.96    0       0       33.698  263.78  81.21   9.e-3	0.4  	248.48  208.88  886.45  
9-1                                                                           0       0       3       

9-2     45.376  9.96    0       0       34.472  273.06  81.18   9.e-3	0.4  	248.48  208.88  893.51  
9-3     48.379  9.97    0       0       35.798  287.84  81.12   9.e-3	0.4  	248.48  208.88  904.23  
9-4     51.468  9.96    0       0       37.35   303.74  81.03   -9e-3	0.4  	248.48  208.88  915.09  
10      51.461  9.96    0       0       37.835  305.71  81.01   0    	0.4  	249.47  208.88  915.09  
10      51.626  9.96    0       0       37.5    304.84  81.01   0    	0.4  	248.48  209.71  915.09  
10      52.518  9.96    0       0       37.928  309.34  81      0    	0.4  	248.48  208.88  918.75  
10-1                                                                          0       0       0       

