
Run     SWR     Gain    F/B     F/R     R-a     X-a     Eff.    %Res.   %Stp  S1      H1      

1-0     1.2855  0       0       14.98   48.366  -12.27  77.17   0    	0    	366.71  385.86  
1       1.2852  0       0       14.97   48.362  -12.26  77.17   1.e-4	0.1  	367.07  385.86  
1       1.2851  0       0       14.97   48.348  -12.25  77.16   2.e-4	0.1  	366.71  386.25  
1-1                                                                           0.7477  1.2523  


Run     SWR     Gain    F/B     F/R     R-a     X-a     Eff.    %Res.   %Stp  S1      H1      

2-0     1.2851  11.32   0.21    0.21    48.348  -12.25  8529    0    	0    	366.71  386.25  
2       1.2848  11.32   0.21    0.21    48.344  -12.24  8529    1.e-4	0.1  	367.07  386.25  
2       1.2847  11.32   0.21    0.21    48.329  -12.23  8529    2.e-4	0.1  	366.71  386.64  
2-1                                                                           0.7462  1.2538  

2-2     1.2278  11.26   0.19    0.19    45.926  -8.969  8521    -0.03	10   	394.07  434.68  
3       1.2848  11.32   0.21    0.21    48.344  -12.24  8529    1.e-4	0.1  	367.07  386.25  
3       1.2847  11.32   0.21    0.21    48.329  -12.23  8529    2.e-4	0.1  	366.71  386.64  
3-1                                                                           0.7462  1.2538  

3-2     1.2718  11.31   0.21    0.21    47.836  -11.59  8528    -2e-3	2    	372.18  395.94  
4       1.2848  11.32   0.21    0.21    48.344  -12.24  8529    1.e-4	0.1  	367.07  386.25  
4       1.2847  11.32   0.21    0.21    48.329  -12.23  8529    2.e-4	0.1  	366.71  386.64  
4-1                                                                           0.7462  1.2538  

4-2     1.2823  11.31   0.2     0.2     48.244  -12.12  8529    -8e-3	0.4  	367.8   388.19  
5       1.2849  11.32   0.21    0.21    48.344  -12.24  8529    1.e-4	0.08 	367     386.25  
5       1.2847  11.32   0.21    0.21    48.333  -12.24  8529    2.e-4	0.08 	366.71  386.56  
5-1                                                                           0.7441  1.2559  

5-2     1.2845  11.32   0.21    0.21    48.327  -12.23  8529    3.e-4	0.08 	366.92  386.64  
5-3     1.284   11.32   0.21    0.21    48.306  -12.2   8529    3.e-4	0.08 	367.14  387.03  
5-4     1.2834  11.31   0.2     0.2     48.285  -12.17  8529    -9e-3	0.08 	367.36  387.42  
6       1.2839  11.32   0.21    0.21    48.305  -12.2   8529    2.e-5	0.016	367.2   387.03  
6       1.2839  11.32   0.21    0.21    48.303  -12.2   8529    3.e-5	0.016	367.14  387.09  
6-1                                                                           0.7365  1.2635  

6-2     1.2839  11.32   0.21    0.21    48.302  -12.19  8529    5.e-5	0.016	367.19  387.1   
6-3     1.2837  11.32   0.21    0.21    48.298  -12.19  8529    6.e-5	0.016	367.23  387.18  
6-4     1.2836  11.32   0.21    0.21    48.294  -12.18  8529    6.e-5	0.016	367.27  387.26  
6-5     1.2835  11.31   0.2     0.2     48.289  -12.18  8529    -9e-3	0.016	367.32  387.34  
7       1.2836  11.32   0.21    0.21    48.293  -12.18  8529    3.e-6	3.e-3	367.28  387.26  
7       1.2836  11.32   0.21    0.21    48.293  -12.18  8529    7.e-6	3.e-3	367.27  387.27  
7-1                                                                           0.6274  1.3726  

7-2     1.2836  11.31   0.2     0.2     48.293  -12.18  8529    -9e-3	3.e-3	367.28  387.28  
